nohup: ignoring input
Picked up _JAVA_OPTIONS: -Xmx60000m
Training instance, total:4042 Instance. 
Training Maxlen is:92
Training Max span length is:128
Testing instance, total:1058 Instance. 
Testing Maxlen is:99
Testing Max span length is:86
Capacity successfully set to: [1000, 1000, 2, 2, 10, 2]
#instances=4042
Thread 0 has 226 instances.
Thread 1 has 226 instances.
Thread 2 has 226 instances.
Thread 3 has 226 instances.
Thread 4 has 226 instances.
Thread 5 has 226 instances.
Thread 6 has 226 instances.
Thread 7 has 226 instances.
Thread 8 has 226 instances.
Thread 9 has 226 instances.
Thread 10 has 224 instances.
Thread 11 has 224 instances.
Thread 12 has 224 instances.
Thread 13 has 224 instances.
Thread 14 has 224 instances.
Thread 15 has 224 instances.
Thread 16 has 224 instances.
Thread 17 has 224 instances.
Thread 18 has 224 instances.
Thread 19 has 224 instances.
Thread 20 has 224 instances.
Thread 21 has 224 instances.
Thread 22 has 224 instances.
Thread 23 has 224 instances.
Thread 24 has 224 instances.
Thread 25 has 224 instances.
Thread 26 has 224 instances.
Thread 27 has 224 instances.
Thread 28 has 224 instances.
Thread 29 has 224 instances.
Thread 30 has 224 instances.
Thread 31 has 224 instances.
Thread 32 has 224 instances.
Thread 33 has 224 instances.
Thread 34 has 224 instances.
Thread 35 has 224 instances.
.49204 nodes..
..
Thread 0 touch time: 562.02 secs.
Finalized local param. size:3269632
Okay..thread 0 touched.
...
Thread 1 touch time: 868.191 secs.
Finalized local param. size:3295529
Okay..thread 1 touched.
...
Thread 2 touch time: 1669.272 secs.
Finalized local param. size:4251696
Okay..thread 2 touched.
...
Thread 3 touch time: 1120.32 secs.
Finalized local param. size:3206189
Okay..thread 3 touched.
...
Thread 4 touch time: 1478.06 secs.
Finalized local param. size:3333579
Okay..thread 4 touched.
...
Thread 5 touch time: 1297.411 secs.
Finalized local param. size:2868477
Okay..thread 5 touched.
...
Thread 6 touch time: 1640.151 secs.
Finalized local param. size:3166194
Okay..thread 6 touched.
...
Thread 7 touch time: 1720.589 secs.
Finalized local param. size:3050936
Okay..thread 7 touched.
...
Thread 8 touch time: 1689.278 secs.
Finalized local param. size:2985313
Okay..thread 8 touched.
...
Thread 9 touch time: 1723.753 secs.
Finalized local param. size:2885575
Okay..thread 9 touched.
...
Thread 10 touch time: 2034.642 secs.
Finalized local param. size:3087659
Okay..thread 10 touched.
...
Thread 11 touch time: 2553.511 secs.
Finalized local param. size:3275405
Okay..thread 11 touched.
...
Thread 12 touch time: 2109.447 secs.
Finalized local param. size:2998169
Okay..thread 12 touched.
...
Thread 13 touch time: 2287.911 secs.
Finalized local param. size:3053437
Okay..thread 13 touched.
...
Thread 14 touch time: 2855.225 secs.
Finalized local param. size:3353607
Okay..thread 14 touched.
...
Thread 15 touch time: 2672.526 secs.
Finalized local param. size:3136458
Okay..thread 15 touched.
...
Thread 16 touch time: 2907.995 secs.
Finalized local param. size:3305667
Okay..thread 16 touched.
...
Thread 17 touch time: 2576.735 secs.
Finalized local param. size:3084676
Okay..thread 17 touched.
...
Thread 18 touch time: 3805.317 secs.
Finalized local param. size:3746897
Okay..thread 18 touched.
...
Thread 19 touch time: 2819.455 secs.
Finalized local param. size:3062457
Okay..thread 19 touched.
...
Thread 20 touch time: 3775.653 secs.
Finalized local param. size:3625643
Okay..thread 20 touched.
...
Thread 21 touch time: 3866.08 secs.
Finalized local param. size:3611907
Okay..thread 21 touched.
...
Thread 22 touch time: 3911.188 secs.
Finalized local param. size:3458947
Okay..thread 22 touched.
...
Thread 23 touch time: 4131.243 secs.
Finalized local param. size:3529570
Okay..thread 23 touched.
...
Thread 24 touch time: 3508.352 secs.
Finalized local param. size:3218807
Okay..thread 24 touched.
...
Thread 25 touch time: 3725.471 secs.
Finalized local param. size:3251557
Okay..thread 25 touched.
...
Thread 26 touch time: 3722.674 secs.
Finalized local param. size:3401472
Okay..thread 26 touched.
...
Thread 27 touch time: 3645.397 secs.
Finalized local param. size:3294341
Okay..thread 27 touched.
...
Thread 28 touch time: 4447.841 secs.
Finalized local param. size:3542992
Okay..thread 28 touched.
...
Thread 29 touch time: 3973.116 secs.
Finalized local param. size:3415731
Okay..thread 29 touched.
...
Thread 30 touch time: 3817.289 secs.
Finalized local param. size:3193819
Okay..thread 30 touched.
...
Thread 31 touch time: 4134.007 secs.
Finalized local param. size:3317332
Okay..thread 31 touched.
...
Thread 32 touch time: 3771.518 secs.
Finalized local param. size:3116987
Okay..thread 32 touched.
...
Thread 33 touch time: 4422.431 secs.
Finalized local param. size:3470860
Okay..thread 33 touched.
...
Thread 34 touch time: 3723.099 secs.
Finalized local param. size:2949148
Okay..thread 34 touched.
...
Thread 35 touch time: 3816.399 secs.
Finalized local param. size:3094491
Okay..thread 35 touched.
43482959 features.
*************************************************
  n = 43482959   number of corrections = 4
       initial values
 f =  289700.9509478258   gnorm =  105754.35494978695
*************************************************
	i	nfn	func			gnorm			steplength
Iteration 0	Objective=-289700.9509478258	Time=39.09 seconds.	0.0
	1	2	205949.3436763727	67043.4929203047	9.45587536773127E-6
Iteration 1	Objective=-205949.3436763727	Time=19.558 seconds.	0.7109032366050586
Iteration 2	Objective=-129349.28354068137	Time=19.811 seconds.	0.6280635870534256
Iteration 3	Objective=-111582.20452929717	Time=19.689 seconds.	0.8626426175310332
Iteration 4	Objective=-94973.62349390001	Time=19.987 seconds.	0.8511538546360554
Iteration 5	Objective=-83201.66808848105	Time=19.724 seconds.	0.8760502656174316
Iteration 6	Objective=-76560.24657882848	Time=19.934 seconds.	0.9201768226258429
Iteration 7	Objective=-72904.02578983162	Time=19.616 seconds.	0.9522438739113476
Iteration 8	Objective=-71424.5398787592	Time=19.816 seconds.	0.9797063893928506
Iteration 9	Objective=-66387.29315064078	Time=19.607 seconds.	0.929474565231096
Iteration 10	Objective=-63599.632325213846	Time=20.854 seconds.	0.9580091205239926
Iteration 11	Objective=-61534.344309167805	Time=19.405 seconds.	0.9675267302570982
Iteration 12	Objective=-59318.14539494174	Time=20.095 seconds.	0.9639843580181632
Iteration 13	Objective=-57715.91362853572	Time=19.309 seconds.	0.9729891796896495
Iteration 14	Objective=-55913.850469024255	Time=19.855 seconds.	0.9687770140639254
Iteration 15	Objective=-53279.084459060876	Time=20.079 seconds.	0.952878115388905
Iteration 16	Objective=-51289.453165629566	Time=21.214 seconds.	0.9626564286223777
Iteration 17	Objective=-49541.400570551334	Time=20.479 seconds.	0.9659178936957423
Iteration 18	Objective=-48550.77650785403	Time=19.783 seconds.	0.9800041167329017
Iteration 19	Objective=-46175.84103702126	Time=20.2 seconds.	0.951083470921447
Iteration 20	Objective=-45466.90036194364	Time=19.445 seconds.	0.9846469352987155
Iteration 21	Objective=-43444.47750673513	Time=19.903 seconds.	0.9555187875331544
Iteration 22	Objective=-42592.64946579729	Time=19.153 seconds.	0.9803927198616721
Iteration 23	Objective=-41269.266273950605	Time=21.276 seconds.	0.9689293056796248
Iteration 24	Objective=-41044.75127184636	Time=20.171 seconds.	0.9945597529984206
Iteration 25	Objective=-39514.072195483895	Time=21.119 seconds.	0.9627070690178016
Iteration 26	Objective=-38975.39175713911	Time=20.319 seconds.	0.9863673772806855
Iteration 27	Objective=-38255.183567446635	Time=21.001 seconds.	0.98152146374358
Iteration 28	Objective=-37309.351194709714	Time=19.627 seconds.	0.9752757068576249
Iteration 29	Objective=-37460.40166294654	Time=16.359 seconds.	1.0040485954164287
Iteration 30	Objective=-36423.30940059754	Time=20.426 seconds.	0.9723149721756769
Iteration 31	Objective=-35203.92053771784	Time=20.004 seconds.	0.9665217443734067
Iteration 32	Objective=-34426.70093699887	Time=19.374 seconds.	0.9779223566907485
Iteration 33	Objective=-33628.96205325933	Time=20.557 seconds.	0.9768279021216874
Iteration 34	Objective=-32895.42019849753	Time=20.68 seconds.	0.978187199069657
Iteration 35	Objective=-32352.756030115805	Time=19.78 seconds.	0.9835033519831277
Iteration 36	Objective=-31535.761139163835	Time=20.765 seconds.	0.9747472861294579
Iteration 37	Objective=-31012.71251714771	Time=20.087 seconds.	0.9834141113731814
Iteration 38	Objective=-32377.757084697656	Time=16.909 seconds.	1.0440156457386687
Iteration 39	Objective=-30580.307805100525	Time=20.899 seconds.	0.9444850588354485
Iteration 40	Objective=-29879.586436135836	Time=19.271 seconds.	0.9770858627901772
Iteration 41	Objective=-29380.618979383114	Time=19.477 seconds.	0.9833007241308641
Iteration 42	Objective=-29033.528490273147	Time=20.325 seconds.	0.9881864133171079
Iteration 43	Objective=-28469.698771645806	Time=19.123 seconds.	0.9805800483804015
Iteration 44	Objective=-28112.70821460954	Time=19.549 seconds.	0.9874606837290528
Iteration 45	Objective=-27690.96984679205	Time=19.323 seconds.	0.9849983016720415
Iteration 46	Objective=-27037.657821085446	Time=20.113 seconds.	0.9764070370477729
Iteration 47	Objective=-27017.806638482303	Time=16.643 seconds.	0.9992657950354094
Iteration 48	Objective=-26590.301831612054	Time=19.939 seconds.	0.9841769240341908
Iteration 49	Objective=-26057.765522788795	Time=21.525 seconds.	0.9799725361451087
Iteration 50	Objective=-25584.995799238575	Time=19.181 seconds.	0.9818568586344535
Iteration 51	Objective=-25264.73287760789	Time=19.076 seconds.	0.9874823930344278
Iteration 52	Objective=-24645.50176931762	Time=20.721 seconds.	0.9754902966403776
Iteration 53	Objective=-24316.21809013252	Time=19.477 seconds.	0.9866391976001462
Iteration 54	Objective=-23842.610038260093	Time=19.62 seconds.	0.9805229559088131
Iteration 55	Objective=-23209.391156186684	Time=20.21 seconds.	0.9734417129224827
Iteration 56	Objective=-22495.53882983068	Time=19.343 seconds.	0.9692429533565889
Iteration 57	Objective=-21992.87131052226	Time=19.62 seconds.	0.9776547908849444
Iteration 58	Objective=-21285.122346206706	Time=20.168 seconds.	0.9678191649320051
Iteration 59	Objective=-20703.341275613508	Time=19.336 seconds.	0.9726672432917972
Iteration 60	Objective=-20064.191138510265	Time=20.267 seconds.	0.9691281649375071
Iteration 61	Objective=-19564.349354383347	Time=19.344 seconds.	0.9750878677004056
Iteration 62	Objective=-18923.42830955695	Time=20.246 seconds.	0.967240359839373
Iteration 63	Objective=-18385.115224365352	Time=19.14 seconds.	0.9715530887751596
Iteration 64	Objective=-17786.432876985324	Time=19.576 seconds.	0.9674365735501832
Iteration 65	Objective=-17412.814593668838	Time=19.35 seconds.	0.9789941982239774
Iteration 66	Objective=-16726.910450854404	Time=19.9 seconds.	0.9606092318318359
Iteration 67	Objective=-17341.300332360694	Time=16.656 seconds.	1.036730625378275
Iteration 68	Objective=-16264.913819459502	Time=19.247 seconds.	0.9379293079370443
Iteration 69	Objective=-15784.84689016022	Time=19.205 seconds.	0.9704845082717299
Iteration 70	Objective=-15179.955052113746	Time=19.848 seconds.	0.9616789543632797
Iteration 71	Objective=-14899.963482151314	Time=20.197 seconds.	0.98155517793029
Iteration 72	Objective=-14609.57828795383	Time=19.691 seconds.	0.9805110130272912
Iteration 73	Objective=-14277.141896464636	Time=21.193 seconds.	0.977245312291916
Iteration 74	Objective=-13985.088355513886	Time=19.056 seconds.	0.9795439771441181
Iteration 75	Objective=-13533.327108485093	Time=19.334 seconds.	0.9676969329370967
Iteration 76	Objective=-13254.874969353885	Time=19.856 seconds.	0.9794247093195121
Iteration 77	Objective=-12822.830767380312	Time=19.339 seconds.	0.9674048828847887
Iteration 78	Objective=-12661.720908558975	Time=19.254 seconds.	0.9874357026350858
Iteration 79	Objective=-12279.822168887336	Time=19.237 seconds.	0.969838322734354
Iteration 80	Objective=-11946.082620977879	Time=19.728 seconds.	0.9728221188125156
Iteration 81	Objective=-11716.51700408037	Time=19.322 seconds.	0.9807831885831443
Iteration 82	Objective=-11232.169993279316	Time=20.912 seconds.	0.9586611780077325
Iteration 83	Objective=-11355.816629866937	Time=16.977 seconds.	1.011008259015097
Iteration 84	Objective=-11010.218034540512	Time=19.444 seconds.	0.9695663811251174
Iteration 85	Objective=-10799.321383861945	Time=19.884 seconds.	0.9808453701809576
Iteration 86	Objective=-10381.773634719224	Time=20.097 seconds.	0.961335741913683
Iteration 87	Objective=-10380.816826905584	Time=17.092 seconds.	0.9999078377310752
Iteration 88	Objective=-10189.332391283211	Time=20.728 seconds.	0.9815540107473939
Iteration 89	Objective=-10058.222277894545	Time=20.102 seconds.	0.9871326100323483
Iteration 90	Objective=-9787.845583376286	Time=19.772 seconds.	0.9731188387919723
Iteration 91	Objective=-9563.427336649163	Time=20.591 seconds.	0.9770717422117616
Iteration 92	Objective=-9452.41770661749	Time=19.56 seconds.	0.9883922754757325
Iteration 93	Objective=-9210.749079418487	Time=19.451 seconds.	0.9744331413718825
Iteration 94	Objective=-9125.481281858394	Time=17.662 seconds.	0.9907425773056152
Iteration 95	Objective=-9040.997706219718	Time=19.875 seconds.	0.9907420142533598
Iteration 96	Objective=-8866.266256053754	Time=20.841 seconds.	0.9806734327511489
Iteration 97	Objective=-8649.046577440293	Time=20.734 seconds.	0.9755004336278367
Iteration 98	Objective=-8401.117776141135	Time=20.379 seconds.	0.971334551261888
Iteration 99	Objective=-8217.285899606153	Time=19.449 seconds.	0.9781181645784021
Iteration 100	Objective=-8046.826155931246	Time=19.38 seconds.	0.9792559555846685
Iteration 101	Objective=-7823.758824158008	Time=19.741 seconds.	0.9722788429312821
Iteration 102	Objective=-7793.620164004594	Time=17.317 seconds.	0.9961478030150479
Iteration 103	Objective=-7693.769874711908	Time=19.884 seconds.	0.9871882017353307
Iteration 104	Objective=-7535.258259851468	Time=19.398 seconds.	0.9793974062856441
Iteration 105	Objective=-7352.689678966865	Time=19.892 seconds.	0.9757714235413344
Iteration 106	Objective=-7241.783915585958	Time=19.565 seconds.	0.9849163002624517
Iteration 107	Objective=-7126.831601811483	Time=21.176 seconds.	0.9841265197754558
Iteration 108	Objective=-7057.413392106397	Time=20.179 seconds.	0.9902595973100526
Iteration 109	Objective=-6923.096612702401	Time=20.096 seconds.	0.980967987569748
Iteration 110	Objective=-7002.812933666752	Time=16.681 seconds.	1.0115145469468225
Iteration 111	Objective=-6858.397809171278	Time=19.92 seconds.	0.9793775550106182
Iteration 112	Objective=-6783.933993281663	Time=20.735 seconds.	0.989142680555794
Iteration 113	Objective=-6720.188805745354	Time=19.63 seconds.	0.9906035071096745
Iteration 114	Objective=-6671.347596872006	Time=20.397 seconds.	0.9927321671629833
Iteration 115	Objective=-6636.384734183356	Time=20.365 seconds.	0.994759250334214
Iteration 116	Objective=-6592.973347259116	Time=20.815 seconds.	0.9934585789306891
Iteration 117	Objective=-6570.799420150409	Time=20.352 seconds.	0.9966367333916304
Iteration 118	Objective=-6536.4125144246555	Time=21.279 seconds.	0.9947667089608152
Iteration 119	Objective=-6511.263359045598	Time=20.067 seconds.	0.9961524528441927
Iteration 120	Objective=-6483.370923071662	Time=20.703 seconds.	0.9957162789406779
Iteration 121	Objective=-6463.817398713308	Time=20.41 seconds.	0.996984049718832
Iteration 122	Objective=-6416.510700118678	Time=20.356 seconds.	0.9926813064669731
Iteration 123	Objective=-6399.834372730707	Time=19.824 seconds.	0.9974010286638091
Iteration 124	Objective=-6381.181073537187	Time=19.58 seconds.	0.9970853465719361
Iteration 125	Objective=-6363.658696710046	Time=20.267 seconds.	0.9972540542847457
Iteration 126	Objective=-6342.421132877527	Time=19.842 seconds.	0.9966626802528712
Iteration 127	Objective=-6330.864507221634	Time=20.046 seconds.	0.9981778842158578
Iteration 128	Objective=-6317.091106438323	Time=20.233 seconds.	0.9978244044288738
Iteration 129	Objective=-6292.537741223152	Time=22.354 seconds.	0.9961131848818602
Iteration 130	Objective=-6268.416912342889	Time=19.8 seconds.	0.9961667565818089
Iteration 131	Objective=-6247.581491653789	Time=19.982 seconds.	0.9966761271656845
Iteration 132	Objective=-6236.8220935224745	Time=19.825 seconds.	0.9982778298857424
Iteration 133	Objective=-6227.951203113777	Time=20.055 seconds.	0.9985776585774492
Iteration 134	Objective=-6214.0587752498905	Time=20.039 seconds.	0.9977693422104943
Iteration 135	Objective=-6200.292724073423	Time=20.326 seconds.	0.9977846924732517
Iteration 136	Objective=-6191.093040048411	Time=19.748 seconds.	0.9985162500490834
Iteration 137	Objective=-6178.8719320187665	Time=20.346 seconds.	0.998026017707925
Iteration 138	Objective=-6169.3068197353605	Time=19.532 seconds.	0.9984519646322754
Iteration 139	Objective=-6157.502205162311	Time=19.353 seconds.	0.9980865573851365
Iteration 140	Objective=-6150.3545186018455	Time=21.489 seconds.	0.9988391905804803
Iteration 141	Objective=-6142.892598194164	Time=19.222 seconds.	0.9987867495466948
Iteration 142	Objective=-6133.588864841161	Time=19.231 seconds.	0.9984854474981806
Iteration 143	Objective=-6122.018824412321	Time=20.043 seconds.	0.9981136589550106
Iteration 144	Objective=-6113.206323689335	Time=19.722 seconds.	0.9985605237462117
Iteration 145	Objective=-6102.623529014962	Time=20.186 seconds.	0.9982688634876654
Iteration 146	Objective=-6109.0857757913145	Time=18.205 seconds.	1.0010589292860075
Iteration 147	Objective=-6094.50235522679	Time=20.933 seconds.	0.9976128309374351
Iteration 148	Objective=-6082.285666008499	Time=19.462 seconds.	0.9979954574621152
Iteration 149	Objective=-6073.543219838755	Time=19.912 seconds.	0.9985626380196837
Iteration 150	Objective=-6067.282710730498	Time=20.569 seconds.	0.998969216340174
Iteration 151	Objective=-6060.660463645074	Time=20.421 seconds.	0.9989085316440401
Iteration 152	Objective=-6053.596378522842	Time=20.769 seconds.	0.998834436417515
Iteration 153	Objective=-6046.474982600244	Time=20.597 seconds.	0.9988236090619018
Iteration 154	Objective=-6040.831825742897	Time=20.329 seconds.	0.999066703017281
Iteration 155	Objective=-6029.102381729581	Time=19.913 seconds.	0.9980583064796918
Iteration 156	Objective=-6021.964641451678	Time=19.419 seconds.	0.9988161189135663
Iteration 157	Objective=-6015.552317153197	Time=19.567 seconds.	0.9989351773581759
Iteration 158	Objective=-6005.781742117092	Time=19.633 seconds.	0.9983757808891057
Iteration 159	Objective=-5992.824748801558	Time=20.138 seconds.	0.9978425800550376
Iteration 160	Objective=-5982.994893036557	Time=19.742 seconds.	0.9983597291465988
Iteration 161	Objective=-5972.726149022189	Time=19.564 seconds.	0.9982836782919003
Iteration 162	Objective=-5963.892999671269	Time=19.68 seconds.	0.9985210858273879
Iteration 163	Objective=-5956.4368489335	Time=19.734 seconds.	0.9987497846225311
Iteration 164	Objective=-5945.288918468374	Time=19.466 seconds.	0.9981284229569021
Iteration 165	Objective=-5941.101045252193	Time=19.47 seconds.	0.999295598031717
Iteration 166	Objective=-5935.655411912772	Time=19.557 seconds.	0.9990833966131963
Iteration 167	Objective=-5928.56898407218	Time=19.75 seconds.	0.9988061254657118
Iteration 168	Objective=-5923.030926174722	Time=19.581 seconds.	0.9990658693670704
Iteration 169	Objective=-5914.107852824507	Time=19.704 seconds.	0.998493495397638
Iteration 170	Objective=-5909.726588745583	Time=19.676 seconds.	0.9992591842780089
Iteration 171	Objective=-5903.411926865154	Time=20.945 seconds.	0.9989314798602604
Iteration 172	Objective=-5900.744625851535	Time=21.035 seconds.	0.9995481763687402
Iteration 173	Objective=-5896.463592642536	Time=19.66 seconds.	0.9992744927156747
Iteration 174	Objective=-5889.555665221841	Time=19.967 seconds.	0.9988284626349063
Iteration 175	Objective=-5885.2046563668355	Time=19.457 seconds.	0.9992612330874638
Iteration 176	Objective=-5880.276972777159	Time=19.312 seconds.	0.9991626997058896
Iteration 177	Objective=-5876.247017979352	Time=21.861 seconds.	0.9993146658199156
Iteration 178	Objective=-5871.81690064381	Time=19.67 seconds.	0.9992460974969251
Iteration 179	Objective=-5876.0897477694025	Time=16.424 seconds.	1.000727687391806
Iteration 180	Objective=-5868.518993962121	Time=19.872 seconds.	0.9987116000380772
Iteration 181	Objective=-5863.996803042729	Time=19.969 seconds.	0.999229415304944
Iteration 182	Objective=-5860.996522888002	Time=19.336 seconds.	0.9994883557656153
Iteration 183	Objective=-5858.418964317382	Time=19.834 seconds.	0.9995602183757397
Iteration 184	Objective=-5855.460363254878	Time=20.013 seconds.	0.9994949830183665
Iteration 185	Objective=-5852.555853213821	Time=19.977 seconds.	0.9995039655533691
Iteration 186	Objective=-5849.740418989538	Time=19.753 seconds.	0.9995189393668517
Iteration 187	Objective=-5850.4934098897	Time=17.022 seconds.	1.0001287221049533
Iteration 188	Objective=-5847.6512619042005	Time=19.578 seconds.	0.9995142037113152
Iteration 189	Objective=-5844.355072007184	Time=19.68 seconds.	0.9994363224225614
Iteration 190	Objective=-5840.9072909014685	Time=19.402 seconds.	0.9994100664550261
Iteration 191	Objective=-5838.460493883416	Time=20.082 seconds.	0.9995810929884363
Iteration 192	Objective=-5835.881899007072	Time=19.644 seconds.	0.999558343354546
Iteration 193	Objective=-5832.917252653171	Time=21.971 seconds.	0.9994919968557956
Iteration 194	Objective=-5830.304926129001	Time=19.934 seconds.	0.9995521406508926
Iteration 195	Objective=-5827.579868146048	Time=20.052 seconds.	0.9995326045519952
Iteration 196	Objective=-5825.844593543332	Time=19.809 seconds.	0.9997022306614446
Iteration 197	Objective=-5822.853351681553	Time=21.031 seconds.	0.9994865565303451
Iteration 198	Objective=-5822.140615104886	Time=19.495 seconds.	0.9998775966809362
Iteration 199	Objective=-5819.573827677827	Time=19.882 seconds.	0.9995591333846523
Iteration 200	Objective=-5817.703660549541	Time=20.716 seconds.	0.9996786419102734
Iteration 201	Objective=-5815.666184503743	Time=20.56 seconds.	0.9996497800223799
Iteration 202	Objective=-5812.93396694327	Time=19.945 seconds.	0.999530196975928
Iteration 203	Objective=-5811.97401266658	Time=20.063 seconds.	0.9998348589056492
Iteration 204	Objective=-5808.845883382053	Time=20.244 seconds.	0.9994617785148885
Iteration 205	Objective=-5807.969641408212	Time=21.216 seconds.	0.9998491538609505
Iteration 206	Objective=-5805.961803787519	Time=21.04 seconds.	0.9996542961233168
Iteration 207	Objective=-5807.285479563984	Time=17.575 seconds.	1.0002279856156824
Iteration 208	Objective=-5804.919697772697	Time=20.59 seconds.	0.9995926183068471
Iteration 209	Objective=-5803.333053179733	Time=20.742 seconds.	0.9997266724303572
Iteration 210	Objective=-5801.972896496879	Time=20.207 seconds.	0.9997656249140985
Iteration 211	Objective=-5801.253570246078	Time=20.649 seconds.	0.9998760204048462
Iteration 212	Objective=-5799.968623371961	Time=20.107 seconds.	0.9997785053077654
Iteration 213	Objective=-5799.27926973075	Time=20.922 seconds.	0.9998811452809531
Iteration 214	Objective=-5798.631909499695	Time=20.579 seconds.	0.9998883722957724
Iteration 215	Objective=-5797.793133307233	Time=20.569 seconds.	0.9998553492952211
Iteration 216	Objective=-5796.838266514398	Time=21.693 seconds.	0.9998353051288862
Iteration 217	Objective=-5796.475664407675	Time=21.068 seconds.	0.9999374482968039
Iteration 218	Objective=-5795.9425605441775	Time=20.547 seconds.	0.999908029655542
Iteration 219	Objective=-5795.417466231832	Time=20.434 seconds.	0.9999094031200516
Iteration 220	Objective=-5794.821480906495	Time=20.421 seconds.	0.9998971626584608
Iteration 221	Objective=-5794.2105259328155	Time=20.235 seconds.	0.9998945688015253
Iteration 222	Objective=-5793.883276249982	Time=20.58 seconds.	0.999943521264654
Iteration 223	Objective=-5794.133395837886	Time=17.891 seconds.	1.0000431695938594
Iteration 224	Objective=-5793.520667711216	Time=20.425 seconds.	0.9998942502554204
Iteration 225	Objective=-5793.005965121364	Time=20.415 seconds.	0.9999111589274686
Iteration 226	Objective=-5792.742198085055	Time=20.568 seconds.	0.999954468019212
Iteration 227	Objective=-5792.362763392956	Time=20.9 seconds.	0.9999344982602153
Iteration 228	Objective=-5791.950679512088	Time=20.421 seconds.	0.9999288573769114
Iteration 229	Objective=-5791.764052065988	Time=20.485 seconds.	0.9999677781361709
Iteration 230	Objective=-5791.299995832593	Time=20.245 seconds.	0.9999198765299788
Iteration 231	Objective=-5791.868412154525	Time=18.572 seconds.	1.0000981500392556
Iteration 232	Objective=-5791.1325705260915	Time=20.508 seconds.	0.9998729526335769
Iteration 233	Objective=-5790.911180377283	Time=20.169 seconds.	0.9999617708373773
Iteration 234	Objective=-5790.637478100488	Time=20.756 seconds.	0.9999527358876229
Iteration 235	Objective=-5790.5498556137145	Time=20.627 seconds.	0.9999848682485988
Iteration 236	Objective=-5790.386545598672	Time=20.982 seconds.	0.9999717971489556
Iteration 237	Objective=-5790.25153963949	Time=20.827 seconds.	0.9999766844651703
Iteration 238	Objective=-5790.089227921535	Time=21.31 seconds.	0.9999719681059028
Iteration 239	Objective=-5789.779365851226	Time=20.097 seconds.	0.9999464840595522
Iteration 240	Objective=-5789.769724145146	Time=18.887 seconds.	0.9999983347023312
Iteration 241	Objective=-5789.626067805636	Time=20.17 seconds.	0.9999751879010126
Iteration 242	Objective=-5789.38712813682	Time=20.939 seconds.	0.9999587296889269
Iteration 243	Objective=-5789.265371327002	Time=23.44 seconds.	0.9999789689638776
Iteration 244	Objective=-5789.17089835011	Time=21.068 seconds.	0.9999836813531887
Iteration 245	Objective=-5789.063914962843	Time=20.591 seconds.	0.9999815200848022
Iteration 246	Objective=-5789.071170962403	Time=18.093 seconds.	1.0000012533977283
Iteration 247	Objective=-5788.96560032437	Time=21.59 seconds.	0.9999817638037407
Iteration 248	Objective=-5788.830098553238	Time=20.092 seconds.	0.9999765930944339
Iteration 249	Objective=-5788.734750681728	Time=20.945 seconds.	0.9999835289911974
Iteration 250	Objective=-5788.617811596241	Time=21.237 seconds.	0.9999797988523359
Iteration 251	Objective=-5788.52278705259	Time=20.792 seconds.	0.9999835842429499
Iteration 252	Objective=-5788.464648582214	Time=19.888 seconds.	0.9999899562509271
Iteration 253	Objective=-5788.362264380071	Time=20.574 seconds.	0.9999823123732529
Iteration 254	Objective=-5788.355698991873	Time=17.153 seconds.	0.9999988657606594
Iteration 255	Objective=-5788.303719119531	Time=20.955 seconds.	0.9999910199243022
Iteration 256	Objective=-5788.248459445293	Time=20.173 seconds.	0.9999904532179167
Iteration 257	Objective=-5788.104855175344	Time=20.733 seconds.	0.9999751903756456
Iteration 258	Objective=-5788.169722244004	Time=17.419 seconds.	1.0000112069615674
Iteration 259	Objective=-5788.074579194991	Time=20.232 seconds.	0.9999835624984099
Iteration 260	Objective=-5788.032413944516	Time=20.086 seconds.	0.9999927151507987
Iteration 261	Objective=-5787.940630482267	Time=20.466 seconds.	0.9999841425452236
Iteration 262	Objective=-5787.899317454875	Time=20.412 seconds.	0.9999928622233659
Iteration 263	Objective=-5787.855101032777	Time=20.339 seconds.	0.9999923605405567
Iteration 264	Objective=-5787.825477839443	Time=20.662 seconds.	0.999994881835703
Iteration 265	Objective=-5787.800719070849	Time=21.005 seconds.	0.9999957222675961
Iteration 266	Objective=-5787.775657763987	Time=20.67 seconds.	0.9999956699775825
Iteration 267	Objective=-5787.756671929825	Time=20.057 seconds.	0.9999967196665378
Iteration 268	Objective=-5787.7202352187	Time=20.588 seconds.	0.9999937045191789
Iteration 269	Objective=-5787.696570511947	Time=21.588 seconds.	0.9999959112213807
Iteration 270	Objective=-5787.679293732911	Time=20.499 seconds.	0.9999970149127851
Iteration 271	Objective=-5787.649405951261	Time=20.889 seconds.	0.9999948359644456
Iteration 272	Objective=-5787.630050085021	Time=20.499 seconds.	0.999996655660203
Iteration 273	Objective=-5787.593317375807	Time=20.344 seconds.	0.9999936532382173
Iteration 274	Objective=-5787.566408773868	Time=20.287 seconds.	0.9999953506405058
Iteration 275	Objective=-5787.542577181744	Time=22.804 seconds.	0.9999958822775514
Iteration 276	Objective=-5787.53208467635	Time=20.185 seconds.	0.9999981870534421
Iteration 277	Objective=-5787.520476220122	Time=20.273 seconds.	0.9999979942303459
Iteration 278	Objective=-5787.508406053651	Time=21.955 seconds.	0.9999979144494572
Iteration 279	Objective=-5787.501074346442	Time=20.221 seconds.	0.9999987331841796
Iteration 280	Objective=-5787.493836874317	Time=20.901 seconds.	0.9999987494650918
Iteration 281	Objective=-5787.487517382026	Time=20.628 seconds.	0.9999989080779231
Iteration 282	Objective=-5787.480393217482	Time=20.125 seconds.	0.9999987690401883
Iteration 283	Objective=-5787.469219738597	Time=20.44 seconds.	0.9999980693707579
Iteration 284	Objective=-5787.487026845856	Time=17.828 seconds.	1.0000030768383525
Iteration 285	Objective=-5787.46444563713	Time=20.134 seconds.	0.9999960982705237
Iteration 286	Objective=-5787.455297367057	Time=20.367 seconds.	0.9999984192956762
Iteration 287	Objective=-5787.443465114704	Time=20.084 seconds.	0.999997955534558
Iteration 288	Objective=-5787.442410283409	Time=21.249 seconds.	0.9999998177379527
Iteration 289	Objective=-5787.432554828832	Time=21.002 seconds.	0.9999982970967348
Iteration 290	Objective=-5787.429670167277	Time=20.777 seconds.	0.9999995015645492
Iteration 291	Objective=-5787.425790687904	Time=20.234 seconds.	0.999999329671444
Iteration 292	Objective=-5787.419774948444	Time=20.114 seconds.	0.999998960550048
Iteration 293	Objective=-5787.419024206968	Time=20.165 seconds.	0.9999998702804522
Iteration 294	Objective=-5787.410627665146	Time=20.478 seconds.	0.9999985491733385
Iteration 295	Objective=-5787.408917289337	Time=19.896 seconds.	0.9999997044661388
Iteration 296	Objective=-5787.40597687537	Time=21.344 seconds.	0.9999994919291155
Iteration 297	Objective=-5787.402665230394	Time=20.457 seconds.	0.9999994277842286
Iteration 298	Objective=-5787.403774482277	Time=18.187 seconds.	1.000000191666616
Iteration 299	Objective=-5787.399240168464	Time=20.643 seconds.	0.9999992165202238
Iteration 300	Objective=-5787.393610203832	Time=20.372 seconds.	0.9999990272029978
Iteration 301	Objective=-5787.3911110260515	Time=19.929 seconds.	0.9999995681686871
Iteration 302	Objective=-5787.388094533936	Time=22.181 seconds.	0.9999994787820526
Iteration 303	Objective=-5787.384822012305	Time=20.109 seconds.	0.9999994345425645
Iteration 304	Objective=-5787.380810598166	Time=20.14 seconds.	0.999999306869292
Iteration 305	Objective=-5787.378437146243	Time=20.554 seconds.	0.9999995898918699
Iteration 306	Objective=-5787.376329670708	Time=20.58 seconds.	0.9999996358497102
Iteration 307	Objective=-5787.375690457588	Time=20.483 seconds.	0.9999998895504484
Iteration 308	Objective=-5787.374030813493	Time=20.676 seconds.	0.999999713230282
Iteration 309	Objective=-5787.372669643828	Time=20.432 seconds.	0.999999764803578
Iteration 310	Objective=-5787.371679513785	Time=20.618 seconds.	0.999999828915451
Iteration 311	Objective=-5787.37025330939	Time=20.278 seconds.	0.9999997535661309
Iteration 312	Objective=-5787.368282987718	Time=20.419 seconds.	0.9999996595480182
Iteration 313	Objective=-5787.367172785369	Time=20.5 seconds.	0.9999998081680144
Iteration 314	Objective=-5787.3647622036115	Time=20.575 seconds.	0.999999583475234
Iteration 315	Objective=-5787.36906252362	Time=18.898 seconds.	1.0000007430532178
Iteration 316	Objective=-5787.364291673177	Time=20.656 seconds.	0.9999991756443399
Iteration 317	Objective=-5787.363512472105	Time=19.988 seconds.	0.9999998653616685
Iteration 318	Objective=-5787.362052799564	Time=21.148 seconds.	0.9999997477828136
Iteration 319	Objective=-5787.36170793367	Time=20.801 seconds.	0.9999999404105203
Iteration 320	Objective=-5787.360843819299	Time=19.97 seconds.	0.9999998506894134
Iteration 321	Objective=-5787.360373119403	Time=20.411 seconds.	0.999999918667609
Iteration 322	Objective=-5787.359826404411	Time=20.201 seconds.	0.9999999055329275
Iteration 323	Objective=-5787.358940470676	Time=20.953 seconds.	0.9999998469191892
Iteration 324	Objective=-5787.358461991739	Time=20.835 seconds.	0.9999999173234385
Iteration 325	Objective=-5787.357194590637	Time=20.352 seconds.	0.999999781005253
Iteration 326	Objective=-5787.356702632339	Time=20.694 seconds.	0.9999999149943088
Iteration 327	Objective=-5787.356007938981	Time=20.263 seconds.	0.9999998799636183
Iteration 328	Objective=-5787.355174885347	Time=20.064 seconds.	0.999999856056266
Iteration 329	Objective=-5787.354377506948	Time=20.698 seconds.	0.999999862220587
Iteration 330	Objective=-5787.353759212938	Time=20.87 seconds.	0.9999998931646534
Iteration 331	Objective=-5787.353477695722	Time=20.269 seconds.	0.9999999513564873
Iteration 332	Objective=-5787.353012783952	Time=20.172 seconds.	0.9999999196676388
Iteration 333	Objective=-5787.352453056874	Time=22.108 seconds.	0.9999999032844415
Iteration 334	Objective=-5787.351965383722	Time=20.697 seconds.	0.9999999157346722
Iteration 335	Objective=-5787.35210515599	Time=17.789 seconds.	1.0000000241513336
Iteration 336	Objective=-5787.351506089253	Time=22.37 seconds.	0.9999998964869035
Iteration 337	Objective=-5787.351073120552	Time=21.64 seconds.	0.9999999251870738
Iteration 338	Objective=-5787.350879240574	Time=21.019 seconds.	0.9999999664993576
Iteration 339	Objective=-5787.3503962065415	Time=20.096 seconds.	0.9999999165362456
Iteration 340	Objective=-5787.350017134661	Time=20.219 seconds.	0.9999999344999259
Iteration 341	Objective=-5787.349876292444	Time=20.483 seconds.	0.999999975663781
Iteration 342	Objective=-5787.349688596384	Time=20.677 seconds.	0.9999999675678741
Iteration 343	Objective=-5787.349530853235	Time=21.574 seconds.	0.9999999727434563
Iteration 344	Objective=-5787.349383126838	Time=20.219 seconds.	0.999999974474257
Iteration 345	Objective=-5787.349255107488	Time=20.523 seconds.	0.9999999778794503
Iteration 346	Objective=-5787.349087879267	Time=20.568 seconds.	0.9999999711045224
Iteration 347	Objective=-5787.348966712837	Time=20.494 seconds.	0.9999999790635697
Iteration 348	Objective=-5787.3488028796055	Time=20.827 seconds.	0.9999999716911435
Iteration 349	Objective=-5787.34847796405	Time=20.717 seconds.	0.9999999438576166
Iteration 350	Objective=-5787.3484310457925	Time=19.994 seconds.	0.9999999918929614
Iteration 351	Objective=-5787.348303501613	Time=20.537 seconds.	0.9999999779615517
Iteration 352	Objective=-5787.34823226856	Time=20.518 seconds.	0.9999999876915905
Iteration 353	Objective=-5787.347993928415	Time=22.328 seconds.	0.9999999588170375
Iteration 354	Objective=-5787.347778123394	Time=21.525 seconds.	0.999999962710896
Iteration 355	Objective=-5787.348231495108	Time=17.854 seconds.	1.0000000783384257
Iteration 356	Objective=-5787.347650961518	Time=19.961 seconds.	0.9999998996891899
Iteration 357	Objective=-5787.347400251406	Time=20.679 seconds.	0.9999999566796177
Iteration 358	Objective=-5787.347266971773	Time=20.12 seconds.	0.9999999769705146
Iteration 359	Objective=-5787.347180886643	Time=21.77 seconds.	0.999999985125287
Iteration 360	Objective=-5787.347104386713	Time=21.461 seconds.	0.9999999867815205
Iteration 361	Objective=-5787.347016174781	Time=20.684 seconds.	0.9999999847577948
Iteration 362	Objective=-5787.346918281244	Time=21.86 seconds.	0.9999999830849029
Iteration 363	Objective=-5787.346793489003	Time=21.081 seconds.	0.9999999784370553
Iteration 364	Objective=-5787.346743659563	Time=20.073 seconds.	0.9999999913899336
Iteration 365	Objective=-5787.346643912819	Time=20.575 seconds.	0.999999982764685
Iteration 366	Objective=-5787.346541877624	Time=20.27 seconds.	0.9999999823692616
Iteration 367	Objective=-5787.346475360332	Time=20.492 seconds.	0.9999999885064267
Iteration 368	Objective=-5787.346554119479	Time=17.734 seconds.	1.000000013608853
Iteration 369	Objective=-5787.346373377134	Time=21.707 seconds.	0.9999999687693931
Iteration 370	Objective=-5787.346244603808	Time=20.254 seconds.	0.9999999777491587
Iteration 371	Objective=-5787.34616470462	Time=20.277 seconds.	0.9999999861941579
Iteration 372	Objective=-5787.346004878209	Time=20.814 seconds.	0.9999999723834714
Iteration 373	Objective=-5787.34596503354	Time=20.153 seconds.	0.9999999931152087
Iteration 374	Objective=-5787.345907601936	Time=20.04 seconds.	0.9999999900763487
Iteration 375	Objective=-5787.345887299674	Time=20.193 seconds.	0.9999999964919564
Iteration 376	Objective=-5787.345862761916	Time=20.445 seconds.	0.9999999957601016
Iteration 377	Objective=-5787.3458228393065	Time=20.768 seconds.	0.9999999931017413
Iteration 378	Objective=-5787.345858670116	Time=17.715 seconds.	1.0000000061912335
Iteration 379	Objective=-5787.345798480412	Time=20.096 seconds.	0.9999999895997741
Iteration 380	Objective=-5787.345768364416	Time=20.502 seconds.	0.9999999947962335
Iteration 381	Objective=-5787.34574761404	Time=20.23 seconds.	0.9999999964145264
Iteration 382	Objective=-5787.345728935823	Time=20.015 seconds.	0.9999999967725762
Iteration 383	Objective=-5787.345700995126	Time=21.508 seconds.	0.9999999951721051
Iteration 384	Objective=-5787.345668189087	Time=20.996 seconds.	0.9999999943314187
Iteration 385	Objective=-5787.345638691025	Time=20.865 seconds.	0.9999999949030067
Iteration 386	Objective=-5787.345609333719	Time=20.675 seconds.	0.999999994927328
Iteration 387	Objective=-5787.345567714287	Time=19.941 seconds.	0.9999999928085457
Iteration 388	Objective=-5787.345551948791	Time=19.896 seconds.	0.9999999972758674
Iteration 389	Objective=-5787.345535331045	Time=20.668 seconds.	0.9999999971286065
Iteration 390	Objective=-5787.345529980885	Time=20.721 seconds.	0.9999999990755416
Iteration 391	Objective=-5787.345499937267	Time=20.296 seconds.	0.9999999948087396
Iteration 392	Objective=-5787.34548208618	Time=20.314 seconds.	0.9999999969154966
Iteration 393	Objective=-5787.345467328233	Time=20.356 seconds.	0.9999999974499627
Iteration 394	Objective=-5787.345445598643	Time=20.313 seconds.	0.999999996245327
Iteration 395	Objective=-5787.345402451234	Time=20.976 seconds.	0.999999992544525
Iteration 396	Objective=-5787.345494109332	Time=17.957 seconds.	1.0000000158376754
Iteration 397	Objective=-5787.345389696569	Time=20.958 seconds.	0.9999999819584362
Iteration 398	Objective=-5787.345358746212	Time=20.736 seconds.	0.9999999946520631
Iteration 399	Objective=-5787.34533806857	Time=20.351 seconds.	0.9999999964270938
Iteration 400	Objective=-5787.345320875308	Time=20.269 seconds.	0.9999999970291626
Iteration 401	Objective=-5787.345308170391	Time=20.38 seconds.	0.9999999978047073
Iteration 402	Objective=-5787.345291328729	Time=20.602 seconds.	0.9999999970899158
Iteration 403	Objective=-5787.345278701756	Time=20.824 seconds.	0.9999999978181753
Iteration 404	Objective=-5787.345269050884	Time=20.433 seconds.	0.9999999983324181
Iteration 405	Objective=-5787.34525077196	Time=20.66 seconds.	0.9999999968415703
Iteration 406	Objective=-5787.34524494984	Time=20.413 seconds.	0.9999999989939912
Iteration 407	Objective=-5787.345235673857	Time=20.42 seconds.	0.9999999983971956
Iteration 408	Objective=-5787.345224655691	Time=20.423 seconds.	0.9999999980961622
Iteration 409	Objective=-5787.345216075555	Time=20.6 seconds.	0.9999999985174315
Iteration 410	Objective=-5787.345215389388	Time=17.906 seconds.	0.9999999998814366
Iteration 411	Objective=-5787.345209013754	Time=21.169 seconds.	0.9999999988983492
Iteration 412	Objective=-5787.345204440411	Time=20.482 seconds.	0.9999999992097683
Iteration 413	Objective=-5787.345202883589	Time=20.226 seconds.	0.9999999997309955
Iteration 414	Objective=-5787.345198440716	Time=20.087 seconds.	0.9999999992323123
Iteration 415	Objective=-5787.345193736971	Time=20.688 seconds.	0.9999999991872361
Iteration 416	Objective=-5787.34518720223	Time=20.342 seconds.	0.9999999988708569
Iteration 417	Objective=-5787.34518540118	Time=20.727 seconds.	0.9999999996887952
Iteration 418	Objective=-5787.345180801311	Time=20.517 seconds.	0.9999999992051849
Iteration 419	Objective=-5787.345179395367	Time=20.484 seconds.	0.9999999997570659
Iteration 420	Objective=-5787.345175994763	Time=21.357 seconds.	0.9999999994124069
Iteration 421	Objective=-5787.345174639435	Time=20.739 seconds.	0.9999999997658118
Iteration 422	Objective=-5787.3451707025115	Time=21.543 seconds.	0.9999999993197358
Iteration 423	Objective=-5787.345168667543	Time=20.655 seconds.	0.999999999648376
Iteration 424	Objective=-5787.3451666500805	Time=20.684 seconds.	0.9999999996514011
Iteration 425	Objective=-5787.345164916383	Time=20.654 seconds.	0.999999999700433
Iteration 426	Objective=-5787.345162244476	Time=20.735 seconds.	0.9999999995383192
Iteration 427	Objective=-5787.345160088452	Time=20.805 seconds.	0.9999999996274588
Iteration 428	Objective=-5787.345158301611	Time=21.833 seconds.	0.9999999996912504
Iteration 429	Objective=-5787.345155899289	Time=20.302 seconds.	0.9999999995849008
Iteration 430	Objective=-5787.345153721618	Time=20.839 seconds.	0.9999999996237184
Iteration 431	Objective=-5787.3451528326605	Time=20.64 seconds.	0.9999999998463963
Iteration 432	Objective=-5787.345151873436	Time=20.46 seconds.	0.9999999998342549
Iteration 433	Objective=-5787.345150859875	Time=20.264 seconds.	0.9999999998248659
Iteration 434	Objective=-5787.345149262762	Time=20.7 seconds.	0.9999999997240336
Iteration 435	Objective=-5787.345147921533	Time=20.214 seconds.	0.9999999997682479
Iteration 436	Objective=-5787.345147194648	Time=20.232 seconds.	0.999999999874401
Iteration 437	Objective=-5787.345146631292	Time=20.542 seconds.	0.9999999999026572
Iteration 438	Objective=-5787.345145856387	Time=20.763 seconds.	0.9999999998661036
Iteration 439	Objective=-5787.345145199044	Time=19.987 seconds.	0.9999999998864172
Iteration 440	Objective=-5787.34514376239	Time=20.638 seconds.	0.9999999997517593
Iteration 441	Objective=-5787.345142984824	Time=20.228 seconds.	0.9999999998656437
Iteration 442	Objective=-5787.345141892677	Time=20.942 seconds.	0.9999999998112871
Iteration 443	Objective=-5787.345141113267	Time=20.502 seconds.	0.9999999998653252
Iteration 444	Objective=-5787.345139554392	Time=20.131 seconds.	0.9999999997306406
Iteration 445	Objective=-5787.345138676423	Time=20.503 seconds.	0.999999999848295
Iteration 446	Objective=-5787.345137774383	Time=21.088 seconds.	0.9999999998441359
Iteration 447	Objective=-5787.345136401041	Time=20.701 seconds.	0.999999999762699
Iteration 448	Objective=-5787.345135652323	Time=20.05 seconds.	0.9999999998706285
Iteration 449	Objective=-5787.345134935984	Time=20.654 seconds.	0.9999999998762232
Iteration 450	Objective=-5787.3451345767335	Time=20.401 seconds.	0.9999999999379249
Iteration 451	Objective=-5787.3451340599095	Time=20.77 seconds.	0.9999999999106975
Iteration 452	Objective=-5787.345133894214	Time=20.638 seconds.	0.9999999999713693
Iteration 453	Objective=-5787.34513326666	Time=20.187 seconds.	0.9999999998915644
Iteration 454	Objective=-5787.345132963973	Time=20.242 seconds.	0.9999999999476985
Iteration 455	Objective=-5787.345132549376	Time=20.868 seconds.	0.9999999999283615
Iteration 456	Objective=-5787.345132007883	Time=20.389 seconds.	0.999999999906435
Iteration 457	Objective=-5787.345131403018	Time=20.761 seconds.	0.9999999998954849
Iteration 458	Objective=-5787.345131022461	Time=21.989 seconds.	0.9999999999342433
Iteration 459	Objective=-5787.345130050879	Time=20.163 seconds.	0.9999999998321195
Iteration 460	Objective=-5787.345131034104	Time=17.619 seconds.	1.0000000001698923
Iteration 461	Objective=-5787.345129546381	Time=20.214 seconds.	0.9999999997429351
Iteration 462	Objective=-5787.345128815718	Time=20.485 seconds.	0.9999999998737482
Iteration 463	Objective=-5787.34512779841	Time=20.375 seconds.	0.9999999998242185
Iteration 464	Objective=-5787.345127468589	Time=20.068 seconds.	0.9999999999430099
Iteration 465	Objective=-5787.34512721851	Time=20.461 seconds.	0.9999999999567886
Iteration 466	Objective=-5787.345127049432	Time=22.082 seconds.	0.9999999999707849
Iteration 467	Objective=-5787.345126744016	Time=21.013 seconds.	0.9999999999472269
Iteration 468	Objective=-5787.345126522042	Time=21.619 seconds.	0.9999999999616449
Iteration 469	Objective=-5787.34512618095	Time=20.341 seconds.	0.9999999999410624
Iteration 470	Objective=-5787.345125849537	Time=20.072 seconds.	0.9999999999427349
Iteration 471	Objective=-5787.345125622938	Time=20.831 seconds.	0.9999999999608458
Iteration 472	Objective=-5787.3451254915	Time=22.063 seconds.	0.9999999999772886
Iteration 473	Objective=-5787.345125262245	Time=20.222 seconds.	0.9999999999603869
Iteration 474	Objective=-5787.345125126683	Time=21.418 seconds.	0.9999999999765762
Iteration 475	Objective=-5787.345124933223	Time=20.522 seconds.	0.9999999999665719
Iteration 476	Objective=-5787.3451247644825	Time=20.588 seconds.	0.9999999999708432
Iteration 477	Objective=-5787.345124611634	Time=20.32 seconds.	0.9999999999735891
Iteration 478	Objective=-5787.345124486416	Time=20.235 seconds.	0.9999999999783635
Iteration 479	Objective=-5787.345124243651	Time=20.75 seconds.	0.9999999999580524
Iteration 480	Objective=-5787.345124018629	Time=20.156 seconds.	0.9999999999611182
Iteration 481	Objective=-5787.345123715279	Time=20.449 seconds.	0.999999999947584
Iteration 482	Objective=-5787.345123174425	Time=20.374 seconds.	0.9999999999065453
Iteration 483	Objective=-5787.345122861648	Time=20.102 seconds.	0.999999999945955
Iteration 484	Objective=-5787.345122660412	Time=20.299 seconds.	0.9999999999652284
Iteration 485	Objective=-5787.345122505276	Time=20.444 seconds.	0.9999999999731939
Iteration 486	Objective=-5787.345122417136	Time=20.57 seconds.	0.9999999999847702
Iteration 487	Objective=-5787.3451224467735	Time=17.435 seconds.	1.000000000005121
Iteration 488	Objective=-5787.345122348895	Time=20.541 seconds.	0.9999999999830874
Iteration 489	Objective=-5787.345122253359	Time=22.085 seconds.	0.9999999999834922
Iteration 490	Objective=-5787.345122145096	Time=20.034 seconds.	0.9999999999812932
Iteration 491	Objective=-5787.345122056672	Time=20.175 seconds.	0.9999999999847212
Iteration 492	Objective=-5787.345121923298	Time=20.388 seconds.	0.9999999999769542
Iteration 493	Objective=-5787.345121768987	Time=20.523 seconds.	0.9999999999733364
Iteration 494	Objective=-5787.345121658919	Time=20.155 seconds.	0.9999999999809813
Iteration 495	Objective=-5787.345122029237	Time=17.386 seconds.	1.0000000000639875
Iteration 496	Objective=-5787.3451216019885	Time=20.327 seconds.	0.9999999999261754
Iteration 497	Objective=-5787.345121502998	Time=20.382 seconds.	0.9999999999828953
Iteration 498	Objective=-5787.345121438364	Time=20.131 seconds.	0.9999999999888318
Iteration 499	Objective=-5787.345121397152	Time=20.797 seconds.	0.9999999999928789
*****Evaluation*****
#threads:36
#instances=1058
Thread 0 has 30 instances.
Thread 1 has 30 instances.
Thread 2 has 30 instances.
Thread 3 has 30 instances.
Thread 4 has 30 instances.
Thread 5 has 30 instances.
Thread 6 has 30 instances.
Thread 7 has 30 instances.
Thread 8 has 30 instances.
Thread 9 has 30 instances.
Thread 10 has 30 instances.
Thread 11 has 30 instances.
Thread 12 has 30 instances.
Thread 13 has 30 instances.
Thread 14 has 29 instances.
Thread 15 has 29 instances.
Thread 16 has 29 instances.
Thread 17 has 29 instances.
Thread 18 has 29 instances.
Thread 19 has 29 instances.
Thread 20 has 29 instances.
Thread 21 has 29 instances.
Thread 22 has 29 instances.
Thread 23 has 29 instances.
Thread 24 has 29 instances.
Thread 25 has 29 instances.
Thread 26 has 29 instances.
Thread 27 has 29 instances.
Thread 28 has 29 instances.
Thread 29 has 29 instances.
Thread 30 has 29 instances.
Thread 31 has 29 instances.
Thread 32 has 29 instances.
Thread 33 has 29 instances.
Thread 34 has 29 instances.
Thread 35 has 29 instances.
Okay. Decoding started.
Decoding time for thread 7 = 540.532 secs.
Decoding time for thread 4 = 547.858 secs.
Decoding time for thread 28 = 551.19 secs.
Decoding time for thread 19 = 565.711 secs.
Decoding time for thread 27 = 589.881 secs.
Decoding time for thread 5 = 605.544 secs.
Decoding time for thread 23 = 624.949 secs.
Decoding time for thread 9 = 629.392 secs.
Decoding time for thread 17 = 646.515 secs.
Decoding time for thread 15 = 648.44 secs.
Decoding time for thread 10 = 674.857 secs.
Decoding time for thread 31 = 680.123 secs.
Decoding time for thread 0 = 730.27 secs.
Decoding time for thread 30 = 737.662 secs.
Decoding time for thread 26 = 746.076 secs.
Decoding time for thread 20 = 747.283 secs.
Decoding time for thread 21 = 780.216 secs.
Decoding time for thread 13 = 783.247 secs.
Decoding time for thread 1 = 800.666 secs.
Decoding time for thread 33 = 814.956 secs.
Decoding time for thread 14 = 855.299 secs.
Decoding time for thread 2 = 887.512 secs.
Decoding time for thread 3 = 897.702 secs.
Decoding time for thread 24 = 911.239 secs.
Decoding time for thread 34 = 930.64 secs.
Decoding time for thread 32 = 938.573 secs.
Decoding time for thread 8 = 959.432 secs.
Decoding time for thread 16 = 966.672 secs.
Decoding time for thread 35 = 981.967 secs.
Decoding time for thread 6 = 1001.062 secs.
Decoding time for thread 25 = 1010.681 secs.
Decoding time for thread 18 = 1019.065 secs.
Decoding time for thread 12 = 1025.031 secs.
Decoding time for thread 22 = 1038.729 secs.
Decoding time for thread 11 = 1128.507 secs.
Decoding time for thread 29 = 1253.57 secs.
Okay. Decoding done.
Overall decoding time = 1253.61 secs.
****
[Dependency] Correct: 19165
[Dependency] total: 21644
[Dependency] UAS: 0.8854647939382739
****
perl data/semeval10t1/conlleval.pl < data/semeval10t1/output/model0.ner.eval.txt
perl: warning: Setting locale failed.
perl: warning: Please check that your locale settings:
	LANGUAGE = (unset),
	LC_ALL = (unset),
	LC_CTYPE = "UTF-8",
	LANG = "en_US.UTF-8"
    are supported and installed on your system.
perl: warning: Falling back to the standard locale ("C").
processed 21644 tokens with 1099 phrases; found: 1186 phrases; correct: 744.
accuracy:  96.54%; precision:  62.73%; recall:  67.70%; FB1:  65.12
              gpe: precision:  73.80%; recall:  77.31%; FB1:  75.52  397
     organization: precision:  50.00%; recall:  51.72%; FB1:  50.84  392
           person: precision:  64.23%; recall:  74.78%; FB1:  69.11  397
