nohup: ignoring input
Picked up _JAVA_OPTIONS: -Xmx10480m
[Info] trainNum: -1
[Info] testNum: -1
[Info] numIter: 500
[Info] numThreads: 10
[Info] is Pipeline: true
[Info] *********PipeLine: from NER to DP****
[Info] testFile: data/semeval10t1/pptest/only.dp.res.txt
Training instance, total:4042 Instance. 
[Pipeline] Testing instance, total:1058 Instance. 
#instances=4042
Thread 0 has 810 instances.
Thread 1 has 810 instances.
Thread 2 has 808 instances.
Thread 3 has 808 instances.
Thread 4 has 808 instances.
Thread 5 has 808 instances.
Thread 6 has 808 instances.
Thread 7 has 808 instances.
Thread 8 has 808 instances.
Thread 9 has 808 instances.
.........
Thread 0 touch time: 6.938 secs.
Finalized local param. size:420532
Okay..thread 0 touched.
.........
Thread 1 touch time: 9.889 secs.
Finalized local param. size:401429
Okay..thread 1 touched.
.........
Thread 2 touch time: 14.349 secs.
Finalized local param. size:437227
Okay..thread 2 touched.
.........
Thread 3 touch time: 14.573 secs.
Finalized local param. size:409584
Okay..thread 3 touched.
.........
Thread 4 touch time: 15.211 secs.
Finalized local param. size:414883
Okay..thread 4 touched.
.........
Thread 5 touch time: 17.524 secs.
Finalized local param. size:432208
Okay..thread 5 touched.
.........
Thread 6 touch time: 18.154 secs.
Finalized local param. size:422891
Okay..thread 6 touched.
.........
Thread 7 touch time: 21.209 secs.
Finalized local param. size:409920
Okay..thread 7 touched.
.........
Thread 8 touch time: 20.365 secs.
Finalized local param. size:416878
Okay..thread 8 touched.
.........
Thread 9 touch time: 21.024 secs.
Finalized local param. size:424109
Okay..thread 9 touched.
2700425 features.
*************************************************
  n = 2700425   number of corrections = 4
       initial values
 f =  170989.16105605263   gnorm =  82996.1969174788
*************************************************
	i	nfn	func			gnorm			steplength
Iteration 0	Objective=-170989.16105605263	Time=2.036 seconds.	0.0
	1	2	91810.82999051541	72700.37410371071	1.204874484784257E-5
Iteration 1	Objective=-91810.82999051541	Time=1.615 seconds.	0.5369394727916031
Iteration 2	Objective=-90945.77230006414	Time=1.587 seconds.	0.9905778251809657
Iteration 3	Objective=-73966.9856741771	Time=1.3 seconds.	0.8133086761870835
Iteration 4	Objective=-20539.04978449904	Time=1.542 seconds.	0.27767861022447354
Iteration 5	Objective=-16834.7360670126	Time=1.5 seconds.	0.819645321650561
Iteration 6	Objective=-16946.502926107372	Time=1.296 seconds.	1.0066390621539816
Iteration 7	Objective=-13284.101108789178	Time=1.496 seconds.	0.7838845080139817
Iteration 8	Objective=-12349.440591644849	Time=1.499 seconds.	0.929640665221531
Iteration 9	Objective=-11605.083306633263	Time=1.506 seconds.	0.9397254248491881
Iteration 10	Objective=-10429.41252496066	Time=1.5 seconds.	0.8986934646991624
Iteration 11	Objective=-8827.326379182065	Time=1.511 seconds.	0.8463876903953764
Iteration 12	Objective=-8125.051436140765	Time=1.496 seconds.	0.9204430749612351
Iteration 13	Objective=-7839.085034494398	Time=1.495 seconds.	0.9648043579915853
Iteration 14	Objective=-7639.929189377097	Time=1.506 seconds.	0.9745945037920939
Iteration 15	Objective=-7389.675524318523	Time=1.501 seconds.	0.9672439810821103
Iteration 16	Objective=-6945.536738140661	Time=1.493 seconds.	0.9398973899846814
Iteration 17	Objective=-7191.281669116732	Time=1.286 seconds.	1.0353817048618559
Iteration 18	Objective=-6783.0787035897465	Time=1.502 seconds.	0.9432364098210712
Iteration 19	Objective=-6540.079805839832	Time=1.496 seconds.	0.9641757219149891
Iteration 20	Objective=-6415.86924221756	Time=1.487 seconds.	0.981007790835922
Iteration 21	Objective=-6094.761861250085	Time=1.488 seconds.	0.9499510715002526
Iteration 22	Objective=-5719.514865961493	Time=1.486 seconds.	0.938431229335739
Iteration 23	Objective=-5811.291508202322	Time=1.276 seconds.	1.0160462284637144
Iteration 24	Objective=-5529.858131570042	Time=1.494 seconds.	0.9515712856195474
Iteration 25	Objective=-5209.614197704843	Time=1.492 seconds.	0.942088218857384
Iteration 26	Objective=-5021.934387469857	Time=1.503 seconds.	0.9639743360808426
Iteration 27	Objective=-4807.556304661464	Time=1.5 seconds.	0.957311651991455
Iteration 28	Objective=-4654.250859104169	Time=1.499 seconds.	0.9681115652439372
Iteration 29	Objective=-4428.808869900161	Time=1.485 seconds.	0.9515621319029203
Iteration 30	Objective=-4186.325042271008	Time=1.506 seconds.	0.9452485228529134
Iteration 31	Objective=-4154.935602798744	Time=1.295 seconds.	0.9925019105885683
Iteration 32	Objective=-4056.9892483607327	Time=1.501 seconds.	0.9764265048122442
Iteration 33	Objective=-3962.4155082257266	Time=1.512 seconds.	0.9766886884964707
Iteration 34	Objective=-3860.400818022772	Time=1.492 seconds.	0.9742544188030815
Iteration 35	Objective=-3642.6457577812544	Time=1.504 seconds.	0.9435926292355704
Iteration 36	Objective=-3534.1455008849834	Time=1.503 seconds.	0.9702138873469929
Iteration 37	Objective=-3380.130781130702	Time=1.489 seconds.	0.956420945398056
Iteration 38	Objective=-3245.72626232131	Time=1.493 seconds.	0.9602368880045429
Iteration 39	Objective=-3157.4692877383736	Time=1.495 seconds.	0.9728082507734906
Iteration 40	Objective=-3059.5271953516867	Time=1.497 seconds.	0.9689808250021521
Iteration 41	Objective=-3004.332249452653	Time=1.499 seconds.	0.9819596485421371
Iteration 42	Objective=-2841.100500913647	Time=1.494 seconds.	0.9456678772566701
Iteration 43	Objective=-3200.507130528461	Time=1.275 seconds.	1.1265026103438562
Iteration 44	Objective=-2791.268270235258	Time=1.504 seconds.	0.8721331202828377
Iteration 45	Objective=-2743.3264225147686	Time=1.493 seconds.	0.982824349693751
Iteration 46	Objective=-2713.264471321217	Time=1.484 seconds.	0.989041788484655
Iteration 47	Objective=-2641.375196760876	Time=1.502 seconds.	0.9735045089337219
Iteration 48	Objective=-2557.265771730982	Time=1.501 seconds.	0.9681569565985789
Iteration 49	Objective=-2591.6332385562882	Time=1.281 seconds.	1.0134391455144074
Iteration 50	Objective=-2488.6969955546174	Time=1.487 seconds.	0.9602813231940901
Iteration 51	Objective=-2425.138395036579	Time=1.487 seconds.	0.9744610932421389
Iteration 52	Objective=-2389.3503356309584	Time=1.5 seconds.	0.985242879549115
Iteration 53	Objective=-2361.851075121715	Time=1.5 seconds.	0.9884909047873125
Iteration 54	Objective=-2331.6709140897874	Time=1.491 seconds.	0.9872218187887345
Iteration 55	Objective=-2295.473227790481	Time=1.489 seconds.	0.984475645306303
Iteration 56	Objective=-2276.7365538614226	Time=1.506 seconds.	0.9918375550181897
Iteration 57	Objective=-2255.5113672431603	Time=1.491 seconds.	0.9906773637985196
Iteration 58	Objective=-2242.1304160989243	Time=1.502 seconds.	0.9940674423819947
Iteration 59	Objective=-2220.702973002094	Time=1.5 seconds.	0.9904432663938827
Iteration 60	Objective=-2171.8009739106865	Time=1.505 seconds.	0.9779790455157996
Iteration 61	Objective=-2255.627846422029	Time=1.282 seconds.	1.038597861184489
Iteration 62	Objective=-2149.4190188332295	Time=1.496 seconds.	0.9529138515658634
Iteration 63	Objective=-2119.8608688530567	Time=1.515 seconds.	0.9862483072303799
Iteration 64	Objective=-2077.1280591273703	Time=1.493 seconds.	0.9798416913328812
Iteration 65	Objective=-2047.113635149215	Time=1.487 seconds.	0.9855500368182573
Iteration 66	Objective=-2008.9894860476318	Time=1.489 seconds.	0.9813766327149668
Iteration 67	Objective=-1990.4447696031004	Time=1.494 seconds.	0.9907691321565774
Iteration 68	Objective=-1973.8262323291146	Time=1.492 seconds.	0.9916508423002867
Iteration 69	Objective=-1955.284560528536	Time=1.492 seconds.	0.9906062289086617
Iteration 70	Objective=-1939.8028307573784	Time=1.488 seconds.	0.9920821091294391
Iteration 71	Objective=-1956.1603174069623	Time=1.295 seconds.	1.0084325511800585
Iteration 72	Objective=-1915.4078238182426	Time=1.492 seconds.	0.9791670993291899
Iteration 73	Objective=-1889.4389893083217	Time=1.491 seconds.	0.9864421382292604
Iteration 74	Objective=-1873.3565835812778	Time=1.489 seconds.	0.9914882640730669
Iteration 75	Objective=-1853.061118069612	Time=1.491 seconds.	0.9891662560723665
Iteration 76	Objective=-1870.2921647439605	Time=1.291 seconds.	1.0092986931225985
Iteration 77	Objective=-1847.8935076729733	Time=1.495 seconds.	0.9880239796256359
Iteration 78	Objective=-1845.4910911838144	Time=1.494 seconds.	0.9986999161590301
Iteration 79	Objective=-1830.1185934397051	Time=1.494 seconds.	0.9916702400691361
Iteration 80	Objective=-1816.130545467535	Time=1.496 seconds.	0.9923567532605199
Iteration 81	Objective=-1807.622855953962	Time=1.492 seconds.	0.9953154856985333
Iteration 82	Objective=-1794.6587136115513	Time=1.498 seconds.	0.9928280712430089
Iteration 83	Objective=-1813.1868784997318	Time=1.295 seconds.	1.0103240603618138
Iteration 84	Objective=-1791.2433956451696	Time=1.49 seconds.	0.9878978371646288
Iteration 85	Objective=-1789.6279367108136	Time=1.488 seconds.	0.9990981354414016
Iteration 86	Objective=-1788.1977278373283	Time=1.517 seconds.	0.9992008345175288
Iteration 87	Objective=-1785.2447408153794	Time=1.511 seconds.	0.9983486238820355
Iteration 88	Objective=-1780.6274639810104	Time=1.503 seconds.	0.9974136449032416
Iteration 89	Objective=-1775.7026936851703	Time=1.502 seconds.	0.9972342500632728
Iteration 90	Objective=-1771.0977719313732	Time=1.507 seconds.	0.997406704528763
Iteration 91	Objective=-1767.99129331274	Time=1.499 seconds.	0.9982460151732642
Iteration 92	Objective=-1765.7858265181424	Time=1.499 seconds.	0.9987525578870554
Iteration 93	Objective=-1763.336138268694	Time=1.518 seconds.	0.9986126923137225
Iteration 94	Objective=-1762.5317524098962	Time=1.484 seconds.	0.9995438272707394
Iteration 95	Objective=-1761.7748820035426	Time=1.502 seconds.	0.9995705777184901
Iteration 96	Objective=-1760.2074964663984	Time=1.492 seconds.	0.9991103372211995
Iteration 97	Objective=-1758.3379764321207	Time=1.488 seconds.	0.9989378979250851
Iteration 98	Objective=-1769.5618662550328	Time=1.277 seconds.	1.0063832380198525
Iteration 99	Objective=-1757.3604428858227	Time=1.486 seconds.	0.993104833686865
Iteration 100	Objective=-1754.8447910029918	Time=1.491 seconds.	0.9985685054577079
Iteration 101	Objective=-1753.712977808272	Time=1.488 seconds.	0.9993550351572272
Iteration 102	Objective=-1752.3273654179302	Time=1.51 seconds.	0.9992098978522281
Iteration 103	Objective=-1751.2979410493126	Time=1.502 seconds.	0.9994125387818891
Iteration 104	Objective=-1750.7156796317568	Time=1.491 seconds.	0.9996675257796472
Iteration 105	Objective=-1750.2090772769059	Time=1.507 seconds.	0.999710631280256
Iteration 106	Objective=-1750.0421722942997	Time=1.504 seconds.	0.9999046371174889
Iteration 107	Objective=-1749.7799946459643	Time=1.514 seconds.	0.9998501878111933
Iteration 108	Objective=-1749.57714337096	Time=1.493 seconds.	0.9998840704113516
Iteration 109	Objective=-1749.3221764574741	Time=1.492 seconds.	0.9998542694076384
Iteration 110	Objective=-1749.0508153712406	Time=1.511 seconds.	0.999844876438494
Iteration 111	Objective=-1748.7994649982497	Time=1.491 seconds.	0.9998562932701658
Iteration 112	Objective=-1748.4806490051167	Time=1.497 seconds.	0.999817694367185
Iteration 113	Objective=-1748.2713932648235	Time=1.49 seconds.	0.9998803213862205
Iteration 114	Objective=-1747.916395355506	Time=1.509 seconds.	0.9997969434776058
Iteration 115	Objective=-1747.7529397847438	Time=1.497 seconds.	0.9999064854753943
Iteration 116	Objective=-1747.5164353251614	Time=1.503 seconds.	0.9998646808400669
Iteration 117	Objective=-1747.3279879406368	Time=1.487 seconds.	0.9998921627398087
Iteration 118	Objective=-1747.2103987050186	Time=1.492 seconds.	0.9999327033983146
Iteration 119	Objective=-1747.095365919577	Time=1.502 seconds.	0.9999341620302129
Iteration 120	Objective=-1746.9683882739462	Time=1.508 seconds.	0.9999273207129343
Iteration 121	Objective=-1746.8919259362196	Time=1.494 seconds.	0.9999562314130926
Iteration 122	Objective=-1746.762354483286	Time=1.502 seconds.	0.9999258274361396
Iteration 123	Objective=-1746.831764450446	Time=1.283 seconds.	1.0000397363539362
Iteration 124	Objective=-1746.6795181982443	Time=1.486 seconds.	0.9999128443532457
Iteration 125	Objective=-1746.5758068348898	Time=1.519 seconds.	0.9999406237021309
Iteration 126	Objective=-1746.5154260408108	Time=1.508 seconds.	0.9999654290447384
Iteration 127	Objective=-1746.4666632651415	Time=1.518 seconds.	0.9999720799627978
Iteration 128	Objective=-1746.4245039142597	Time=1.496 seconds.	0.9999758602029065
Iteration 129	Objective=-1746.3386260875395	Time=1.489 seconds.	0.9999508264877596
Iteration 130	Objective=-1746.3429429927903	Time=1.281 seconds.	1.0000024719749
Iteration 131	Objective=-1746.2813710184205	Time=1.514 seconds.	0.9999647423350512
Iteration 132	Objective=-1746.2195546886567	Time=1.491 seconds.	0.9999646011629112
Iteration 133	Objective=-1746.2003058592925	Time=1.492 seconds.	0.999988976856139
Iteration 134	Objective=-1746.1764322100405	Time=1.499 seconds.	0.9999863282298302
Iteration 135	Objective=-1746.1198903273798	Time=1.497 seconds.	0.9999676196049736
Iteration 136	Objective=-1746.0865651680647	Time=1.501 seconds.	0.9999809147358668
Iteration 137	Objective=-1746.058539071303	Time=1.508 seconds.	0.9999839491939742
Iteration 138	Objective=-1746.0441083850662	Time=1.51 seconds.	0.9999917352792511
Iteration 139	Objective=-1746.0330285446798	Time=1.501 seconds.	0.9999936543181623
Iteration 140	Objective=-1746.0228156554413	Time=1.507 seconds.	0.9999941508040961
Iteration 141	Objective=-1745.9678112493748	Time=1.498 seconds.	0.9999684973153997
Iteration 142	Objective=-1745.9493093500425	Time=1.486 seconds.	0.9999894030696254
Iteration 143	Objective=-1745.930337394532	Time=1.486 seconds.	0.9999891337306249
Iteration 144	Objective=-1745.9149522623488	Time=1.502 seconds.	0.9999911880034079
Iteration 145	Objective=-1745.8967891979244	Time=1.49 seconds.	0.999989596821769
Iteration 146	Objective=-1745.8731683279757	Time=1.492 seconds.	0.9999864706378436
Iteration 147	Objective=-1745.84204775627	Time=1.493 seconds.	0.9999821747809232
Iteration 148	Objective=-1745.824629142668	Time=1.497 seconds.	0.9999900228009606
Iteration 149	Objective=-1745.8067321853835	Time=1.492 seconds.	0.9999897487084408
Iteration 150	Objective=-1745.7831222319778	Time=1.491 seconds.	0.9999864761929426
Iteration 151	Objective=-1745.7662984092349	Time=1.504 seconds.	0.9999903631656598
Iteration 152	Objective=-1745.7438635799365	Time=1.49 seconds.	0.9999871490076772
Iteration 153	Objective=-1745.7386782866593	Time=1.487 seconds.	0.999997029751394
Iteration 154	Objective=-1745.7200561514624	Time=1.502 seconds.	0.9999893328048302
Iteration 155	Objective=-1745.7114483744342	Time=1.497 seconds.	0.999995069211127
Iteration 156	Objective=-1745.7019445409255	Time=1.523 seconds.	0.9999945558966704
Iteration 157	Objective=-1745.7031351655726	Time=1.296 seconds.	1.0000006820320335
Iteration 158	Objective=-1745.69493445665	Time=1.505 seconds.	0.9999953023462251
Iteration 159	Objective=-1745.684354179679	Time=1.495 seconds.	0.9999939392176938
Iteration 160	Objective=-1745.6741195183213	Time=1.498 seconds.	0.9999941371638388
Iteration 161	Objective=-1745.665299977364	Time=1.487 seconds.	0.9999949477735514
Iteration 162	Objective=-1745.6615859306114	Time=1.492 seconds.	0.9999978724176092
Iteration 163	Objective=-1745.6576490573138	Time=1.502 seconds.	0.9999977447671821
Iteration 164	Objective=-1745.65515597717	Time=1.498 seconds.	0.9999985718390171
Iteration 165	Objective=-1745.6522949422683	Time=1.483 seconds.	0.9999983610537901
Iteration 166	Objective=-1745.6509998925665	Time=1.513 seconds.	0.9999992581284912
Iteration 167	Objective=-1745.6444652086936	Time=1.487 seconds.	0.999996256592026
Iteration 168	Objective=-1745.641895169689	Time=1.492 seconds.	0.9999985277420139
Iteration 169	Objective=-1745.6393168005166	Time=1.493 seconds.	0.9999985229678667
Iteration 170	Objective=-1745.6390208210655	Time=1.285 seconds.	0.9999998304463882
Iteration 171	Objective=-1745.6372715546763	Time=1.492 seconds.	0.9999989979220398
Iteration 172	Objective=-1745.6342797082025	Time=1.485 seconds.	0.9999982861007137
Iteration 173	Objective=-1745.6329395959367	Time=1.503 seconds.	0.9999992323063992
Iteration 174	Objective=-1745.6311758736044	Time=1.505 seconds.	0.9999989896373446
Iteration 175	Objective=-1745.6296912137702	Time=1.508 seconds.	0.9999991494997026
Iteration 176	Objective=-1745.6273401345522	Time=1.511 seconds.	0.9999986531626783
Iteration 177	Objective=-1745.6260844847034	Time=1.481 seconds.	0.9999992806884838
Iteration 178	Objective=-1745.6255921649579	Time=1.485 seconds.	0.9999997179695298
Iteration 179	Objective=-1745.6249768896269	Time=1.501 seconds.	0.9999996475330485
Iteration 180	Objective=-1745.6236315525807	Time=1.508 seconds.	0.9999992293092366
Iteration 181	Objective=-1745.6226360695332	Time=1.497 seconds.	0.9999994297264144
Iteration 182	Objective=-1745.62151533034	Time=1.505 seconds.	0.9999993579716657
Iteration 183	Objective=-1745.6200272585966	Time=1.502 seconds.	0.9999991475404432
Iteration 184	Objective=-1745.620896408413	Time=1.292 seconds.	1.0000004979032109
Iteration 185	Objective=-1745.6192392088221	Time=1.506 seconds.	0.999999050653212
Iteration 186	Objective=-1745.6187692057458	Time=1.495 seconds.	0.9999997307528092
Iteration 187	Objective=-1745.6183196855493	Time=1.499 seconds.	0.9999997424866159
Iteration 188	Objective=-1745.6177151851316	Time=1.522 seconds.	0.9999996537041282
Iteration 189	Objective=-1745.6171735978396	Time=1.51 seconds.	0.9999996897446175
Iteration 190	Objective=-1745.616734033505	Time=1.508 seconds.	0.9999997481897285
Iteration 191	Objective=-1745.6164682683673	Time=1.531 seconds.	0.99999984775287
Iteration 192	Objective=-1745.616114448773	Time=1.509 seconds.	0.9999997973096607
Iteration 193	Objective=-1745.6157357380844	Time=1.518 seconds.	0.9999997830504167
Iteration 194	Objective=-1745.6155976764655	Time=1.491 seconds.	0.9999999209095014
Iteration 195	Objective=-1745.6153687986841	Time=1.507 seconds.	0.9999998688842023
Iteration 196	Objective=-1745.6150875334201	Time=1.501 seconds.	0.9999998388732885
Iteration 197	Objective=-1745.614497382464	Time=1.503 seconds.	0.9999996619237767
Iteration 198	Objective=-1745.6161005633319	Time=1.294 seconds.	1.000000918404877
Iteration 199	Objective=-1745.614402466512	Time=1.505 seconds.	0.9999990272220683
Iteration 200	Objective=-1745.6142302262572	Time=1.499 seconds.	0.999999901329724
Iteration 201	Objective=-1745.614039927686	Time=1.52 seconds.	0.9999998909847503
Iteration 202	Objective=-1745.613868704332	Time=1.51 seconds.	0.9999999019122497
Iteration 203	Objective=-1745.6136518716924	Time=1.526 seconds.	0.9999998757843052
Iteration 204	Objective=-1745.613536526779	Time=1.512 seconds.	0.9999999339229999
Iteration 205	Objective=-1745.6134379649075	Time=1.503 seconds.	0.9999999435374042
Iteration 206	Objective=-1745.6133345849237	Time=1.505 seconds.	0.9999999407772755
Iteration 207	Objective=-1745.6132692617603	Time=1.506 seconds.	0.9999999625786753
Iteration 208	Objective=-1745.613201989847	Time=1.504 seconds.	0.9999999614623042
Iteration 209	Objective=-1745.6131216191302	Time=1.52 seconds.	0.9999999539584619
Iteration 210	Objective=-1745.6130481893742	Time=1.506 seconds.	0.9999999579346907
Iteration 211	Objective=-1745.6130500016316	Time=1.294 seconds.	1.0000000010381782
Iteration 212	Objective=-1745.6129985818864	Time=1.493 seconds.	0.9999999705434459
Iteration 213	Objective=-1745.6129544965322	Time=1.523 seconds.	0.9999999747450585
Iteration 214	Objective=-1745.612925420457	Time=1.518 seconds.	0.9999999833433436
Iteration 215	Objective=-1745.6128490691258	Time=1.516 seconds.	0.9999999562610186
Iteration 216	Objective=-1745.6128370576762	Time=1.509 seconds.	0.9999999931190644
Iteration 217	Objective=-1745.6127280984117	Time=1.514 seconds.	0.9999999375810821
Iteration 218	Objective=-1745.6126960505503	Time=1.487 seconds.	0.9999999816409099
Iteration 219	Objective=-1745.6126547942151	Time=1.497 seconds.	0.9999999763656994
Iteration 220	Objective=-1745.6126061219575	Time=1.515 seconds.	0.9999999721173781
Iteration 221	Objective=-1745.6125487145569	Time=1.506 seconds.	0.9999999671133215
Iteration 222	Objective=-1745.612720408758	Time=1.288 seconds.	1.0000000983575659
Iteration 223	Objective=-1745.6125295203267	Time=1.511 seconds.	0.999999890646746
Iteration 224	Objective=-1745.612485882992	Time=1.504 seconds.	0.9999999750017062
Iteration 225	Objective=-1745.61242704803	Time=1.516 seconds.	0.9999999662955196
Iteration 226	Objective=-1745.6123930084957	Time=1.528 seconds.	0.9999999804999473
Iteration 227	Objective=-1745.6123635034007	Time=1.516 seconds.	0.9999999830975679
Iteration 228	Objective=-1745.6123311410547	Time=1.506 seconds.	0.9999999814607489
Iteration 229	Objective=-1745.612312209693	Time=1.489 seconds.	0.9999999891548877
Iteration 230	Objective=-1745.6122916058498	Time=1.508 seconds.	0.9999999881967817
Iteration 231	Objective=-1745.6122843458245	Time=1.509 seconds.	0.9999999958409864
Iteration 232	Objective=-1745.6122618965624	Time=1.511 seconds.	0.9999999871396058
Iteration 233	Objective=-1745.612219183581	Time=1.508 seconds.	0.999999975531232
Iteration 234	Objective=-1745.6122038156059	Time=1.52 seconds.	0.9999999911962263
Iteration 235	Objective=-1745.612158275611	Time=1.514 seconds.	0.9999999739117343
Iteration 236	Objective=-1745.6121346620434	Time=1.522 seconds.	0.9999999864726151
Iteration 237	Objective=-1745.6121210952294	Time=1.508 seconds.	0.9999999922280478
Iteration 238	Objective=-1745.6121010394827	Time=1.513 seconds.	0.9999999885107657
Iteration 239	Objective=-1745.6120932379913	Time=1.514 seconds.	0.999999995530799
Iteration 240	Objective=-1745.6120833418775	Time=1.494 seconds.	0.9999999943308632
Iteration 241	Objective=-1745.6120698624923	Time=1.504 seconds.	0.9999999922781325
Iteration 242	Objective=-1745.6120582281283	Time=1.498 seconds.	0.9999999933350805
Iteration 243	Objective=-1745.6120488690124	Time=1.502 seconds.	0.9999999946384903
Iteration 244	Objective=-1745.6120408508577	Time=1.524 seconds.	0.99999999540668
Iteration 245	Objective=-1745.612034592003	Time=1.496 seconds.	0.9999999964145213
Iteration 246	Objective=-1745.6120291795228	Time=1.501 seconds.	0.9999999968993796
Iteration 247	Objective=-1745.6120172255849	Time=1.529 seconds.	0.9999999931520076
Iteration 248	Objective=-1745.6120277739462	Time=1.292 seconds.	1.000000006042787
Iteration 249	Objective=-1745.612013187276	Time=1.515 seconds.	0.9999999916438075
Iteration 250	Objective=-1745.61200887017	Time=1.511 seconds.	0.9999999975268812
Iteration 251	Objective=-1745.6120042743057	Time=1.493 seconds.	0.9999999973671903
Iteration 252	Objective=-1745.6119989937076	Time=1.522 seconds.	0.9999999969749302
Iteration 253	Objective=-1745.6119943852443	Time=1.5 seconds.	0.9999999973599727
Iteration 254	Objective=-1745.6119891674489	Time=1.541 seconds.	0.9999999970109077
Iteration 255	Objective=-1745.6119848625815	Time=1.515 seconds.	0.9999999975338921
Iteration 256	Objective=-1745.6119829355905	Time=1.497 seconds.	0.9999999988960944
Iteration 257	Objective=-1745.611977869165	Time=1.513 seconds.	0.9999999970976222
Iteration 258	Objective=-1745.6119769685438	Time=1.495 seconds.	0.9999999994840656
Iteration 259	Objective=-1745.6119752150707	Time=1.495 seconds.	0.9999999989954966
Iteration 260	Objective=-1745.6119722148526	Time=1.512 seconds.	0.9999999982812801
Iteration 261	Objective=-1745.611969328567	Time=1.497 seconds.	0.9999999983465481
Iteration 262	Objective=-1745.6119663030115	Time=1.51 seconds.	0.9999999982667651
Iteration 263	Objective=-1745.6119642441543	Time=1.509 seconds.	0.9999999988205527
Iteration 264	Objective=-1745.6119634486406	Time=1.497 seconds.	0.9999999995442781
Iteration 265	Objective=-1745.6119630927274	Time=1.517 seconds.	0.9999999997961098
Iteration 266	Objective=-1745.6119623079271	Time=1.498 seconds.	0.9999999995504154
Iteration 267	Objective=-1745.611961707249	Time=1.516 seconds.	0.9999999996558926
Iteration 268	Objective=-1745.6119604304295	Time=1.517 seconds.	0.9999999992685548
Iteration 269	Objective=-1745.6119588870888	Time=1.495 seconds.	0.9999999991158741
Iteration 270	Objective=-1745.6119588189713	Time=1.308 seconds.	0.9999999999609779
Iteration 271	Objective=-1745.6119581942094	Time=1.516 seconds.	0.9999999996420957
Iteration 272	Objective=-1745.6119572902753	Time=1.521 seconds.	0.9999999994821678
Iteration 273	Objective=-1745.6119564894764	Time=1.504 seconds.	0.9999999995412503
Iteration 274	Objective=-1745.611955658989	Time=1.518 seconds.	0.9999999995242429
Iteration 275	Objective=-1745.6119564971307	Time=1.296 seconds.	1.000000000480142
Iteration 276	Objective=-1745.611955349764	Time=1.5 seconds.	0.9999999993427138
Iteration 277	Objective=-1745.6119548634842	Time=1.51 seconds.	0.9999999997214274
Iteration 278	Objective=-1745.611954509806	Time=1.502 seconds.	0.9999999997973902
Iteration 279	Objective=-1745.6119540595635	Time=1.52 seconds.	0.9999999997420718
Iteration 280	Objective=-1745.6119533528822	Time=1.518 seconds.	0.999999999595167
Iteration 281	Objective=-1745.6119528801046	Time=1.511 seconds.	0.9999999997291622
Iteration 282	Objective=-1745.6119526407779	Time=1.511 seconds.	0.9999999998628981
Iteration 283	Objective=-1745.6119521680237	Time=1.499 seconds.	0.9999999997291756
Iteration 284	Objective=-1745.6119517478926	Time=1.509 seconds.	0.9999999997593216
Iteration 285	Objective=-1745.6119514463257	Time=1.499 seconds.	0.9999999998272429
Iteration 286	Objective=-1745.6119510295043	Time=1.518 seconds.	0.9999999997612176
Iteration 287	Objective=-1745.6119506904897	Time=1.504 seconds.	0.9999999998057904
Iteration 288	Objective=-1745.6119503191433	Time=1.517 seconds.	0.9999999997872686
Iteration 289	Objective=-1745.611950128156	Time=1.516 seconds.	0.9999999998905901
Iteration 290	Objective=-1745.6119497715224	Time=1.521 seconds.	0.9999999997956971
Iteration 291	Objective=-1745.611949600355	Time=1.509 seconds.	0.9999999999019442
Iteration 292	Objective=-1745.6119494701413	Time=1.513 seconds.	0.9999999999254051
Iteration 293	Objective=-1745.6119489994196	Time=1.5 seconds.	0.99999999973034
Iteration 294	Objective=-1745.6119525925074	Time=1.314 seconds.	1.0000000020583542
Iteration 295	Objective=-1745.6119489584498	Time=1.523 seconds.	0.9999999979181756
Iteration 296	Objective=-1745.6119488841975	Time=1.499 seconds.	0.9999999999574635
Iteration 297	Objective=-1745.6119487297628	Time=1.505 seconds.	0.9999999999115298
Iteration 298	Objective=-1745.6119489097232	Time=1.304 seconds.	1.000000000103093
Iteration 299	Objective=-1745.611948673459	Time=1.494 seconds.	0.9999999998646525
Iteration 300	Objective=-1745.611948578344	Time=1.506 seconds.	0.9999999999455119
Iteration 301	Objective=-1745.6119484997241	Time=1.509 seconds.	0.9999999999549614
Iteration 302	Objective=-1745.6119484084309	Time=1.508 seconds.	0.9999999999477013
Iteration 303	Objective=-1745.6119483011691	Time=1.517 seconds.	0.9999999999385535
Iteration 304	Objective=-1745.6119482566512	Time=1.507 seconds.	0.9999999999744972
Iteration 305	Objective=-1745.6119482045906	Time=1.529 seconds.	0.9999999999701763
Iteration 306	Objective=-1745.6119481824078	Time=1.499 seconds.	0.9999999999872923
Iteration 307	Objective=-1745.611948158289	Time=1.488 seconds.	0.9999999999861832
Iteration 308	Objective=-1745.611948152402	Time=1.497 seconds.	0.9999999999966276
Iteration 309	Objective=-1745.6119481090254	Time=1.493 seconds.	0.9999999999751511
Iteration 310	Objective=-1745.6119480951054	Time=1.5 seconds.	0.9999999999920257
Iteration 311	Objective=-1745.6119480793254	Time=1.524 seconds.	0.9999999999909602
Iteration 312	Objective=-1745.611948132435	Time=1.292 seconds.	1.0000000000304246
Iteration 313	Objective=-1745.6119480734455	Time=1.53 seconds.	0.999999999966207
Iteration 314	Objective=-1745.611948061376	Time=1.517 seconds.	0.9999999999930859
Iteration 315	Objective=-1745.6119480480577	Time=1.496 seconds.	0.9999999999923703
Iteration 316	Objective=-1745.6119480340212	Time=1.507 seconds.	0.999999999991959
Iteration 317	Objective=-1745.6119480241457	Time=1.508 seconds.	0.9999999999943426
Iteration 318	Objective=-1745.6119480164366	Time=1.502 seconds.	0.9999999999955838
Iteration 319	Objective=-1745.6119480115196	Time=1.509 seconds.	0.9999999999971833
Iteration 320	Objective=-1745.611948007578	Time=1.494 seconds.	0.9999999999977419
Iteration 321	Objective=-1745.611947998937	Time=1.524 seconds.	0.99999999999505
Iteration 322	Objective=-1745.6119479858867	Time=1.521 seconds.	0.9999999999925239
Iteration 323	Objective=-1745.6119479750505	Time=1.502 seconds.	0.9999999999937923
Iteration 324	Objective=-1745.6119479779215	Time=1.311 seconds.	1.0000000000016447
Iteration 325	Objective=-1745.6119479689164	Time=1.512 seconds.	0.9999999999948412
Iteration 326	Objective=-1745.6119479650347	Time=1.506 seconds.	0.9999999999977763
Iteration 327	Objective=-1745.611947954411	Time=1.513 seconds.	0.9999999999939141
Iteration 328	Objective=-1745.6119479532597	Time=1.509 seconds.	0.9999999999993404
Iteration 329	Objective=-1745.6119479432436	Time=1.505 seconds.	0.9999999999942621
Iteration 330	Objective=-1745.6119479391966	Time=1.537 seconds.	0.9999999999976816
Iteration 331	Objective=-1745.6119479352137	Time=1.501 seconds.	0.9999999999977184
Iteration 332	Objective=-1745.6119479291576	Time=1.516 seconds.	0.9999999999965307
Iteration 333	Objective=-1745.611947963482	Time=1.293 seconds.	1.0000000000196632
Iteration 334	Objective=-1745.611947926516	Time=1.49 seconds.	0.9999999999788235
Iteration 335	Objective=-1745.611947921387	Time=1.501 seconds.	0.9999999999970617
Iteration 336	Objective=-1745.6119479195734	Time=1.498 seconds.	0.999999999998961
Iteration 337	Objective=-1745.6119479150975	Time=1.504 seconds.	0.9999999999974359
Iteration 338	Objective=-1745.611947912922	Time=1.509 seconds.	0.9999999999987538
Iteration 339	Objective=-1745.6119479102629	Time=1.501 seconds.	0.9999999999984767
Iteration 340	Objective=-1745.611947908022	Time=1.518 seconds.	0.9999999999987164
Iteration 341	Objective=-1745.6119479065665	Time=1.511 seconds.	0.9999999999991661
Iteration 342	Objective=-1745.6119479047645	Time=1.511 seconds.	0.9999999999989677
Iteration 343	Objective=-1745.6119479034953	Time=1.523 seconds.	0.9999999999992729
Iteration 344	Objective=-1745.6119479021063	Time=1.508 seconds.	0.9999999999992043
Iteration 345	Objective=-1745.61194789968	Time=1.52 seconds.	0.99999999999861
Iteration 346	Objective=-1745.6119479058634	Time=1.299 seconds.	1.0000000000035423
Iteration 347	Objective=-1745.6119478983965	Time=1.523 seconds.	0.9999999999957224
Iteration 348	Objective=-1745.6119478967532	Time=1.51 seconds.	0.9999999999990586
Iteration 349	Objective=-1745.6119478961573	Time=1.524 seconds.	0.9999999999996586
Iteration 350	Objective=-1745.6119478958133	Time=1.506 seconds.	0.9999999999998029
Iteration 351	Objective=-1745.611947894386	Time=1.527 seconds.	0.9999999999991824
Iteration 352	Objective=-1745.611947892625	Time=1.502 seconds.	0.9999999999989911
Iteration 353	Objective=-1745.6119478950845	Time=1.288 seconds.	1.0000000000014089
Iteration 354	Objective=-1745.6119478921953	Time=1.531 seconds.	0.9999999999983449
Iteration 355	Objective=-1745.6119478916714	Time=1.524 seconds.	0.9999999999996999
Iteration 356	Objective=-1745.611947891367	Time=1.502 seconds.	0.9999999999998256
Iteration 357	Objective=-1745.611947891201	Time=1.513 seconds.	0.999999999999905
Iteration 358	Objective=-1745.6119478910246	Time=1.506 seconds.	0.999999999999899
Iteration 359	Objective=-1745.6119478906794	Time=1.515 seconds.	0.9999999999998023
Iteration 360	Objective=-1745.611947890448	Time=1.508 seconds.	0.9999999999998674
Iteration 361	Objective=-1745.611947890121	Time=1.507 seconds.	0.9999999999998127
Iteration 362	Objective=-1745.6119478900794	Time=1.522 seconds.	0.9999999999999761
Iteration 363	Objective=-1745.6119478898154	Time=1.505 seconds.	0.9999999999998488
Iteration 364	Objective=-1745.6119478896744	Time=1.502 seconds.	0.9999999999999193
Iteration 365	Objective=-1745.6119478895178	Time=1.504 seconds.	0.9999999999999103
Iteration 366	Objective=-1745.611947889555	Time=1.297 seconds.	1.0000000000000213
Iteration 367	Objective=-1745.611947889369	Time=1.517 seconds.	0.9999999999998934
Iteration 368	Objective=-1745.611947889143	Time=1.504 seconds.	0.9999999999998705
Iteration 369	Objective=-1745.611947889004	Time=1.508 seconds.	0.9999999999999204
Iteration 370	Objective=-1745.611947889036	Time=1.299 seconds.	1.0000000000000182
Iteration 371	Objective=-1745.6119478890778	Time=1.307 seconds.	1.000000000000024
Iteration 372	Objective=-1745.6119478889996	Time=1.292 seconds.	0.9999999999999551
Iteration 373	Objective=-1745.6119478890241	Time=1.295 seconds.	1.000000000000014
Iteration 374	Objective=-1745.6119478890025	Time=1.293 seconds.	0.9999999999999877
Iteration 375	Objective=-1745.6119478889996	Time=1.291 seconds.	0.9999999999999983
Iteration 376	Objective=-1745.6119478889996	Time=1.298 seconds.	1.0
Iteration 377	Objective=-1745.6119478890037	Time=1.301 seconds.	1.0000000000000024
Iteration 378	Objective=-1745.6119478889996	Time=1.299 seconds.	0.9999999999999977
Iteration 379	Objective=-1745.6119478889996	Time=1.287 seconds.	1.0
Iteration 380	Objective=-1745.6119478890023	Time=1.297 seconds.	1.0000000000000016
Iteration 381	Objective=-1745.6119478889996	Time=1.291 seconds.	0.9999999999999984
Iteration 382	Objective=-1745.6119478889996	Time=1.291 seconds.	1.0
Iteration 383	Objective=-1745.6119478890023	Time=1.295 seconds.	1.0000000000000016
Iteration 384	Objective=-1745.6119478889996	Time=1.298 seconds.	0.9999999999999984
Iteration 385	Objective=-1745.6119478889996	Time=1.312 seconds.	1.0
Iteration 386	Objective=-1745.611947889001	Time=1.284 seconds.	1.0000000000000009
Iteration 387	Objective=-1745.6119478889996	Time=1.276 seconds.	0.9999999999999992
Iteration 388	Objective=-1745.6119478889996	Time=1.289 seconds.	1.0
Iteration 389	Objective=-1745.6119478890007	Time=1.322 seconds.	1.0000000000000007
Iteration 390	Objective=-1745.6119478889996	Time=1.277 seconds.	0.9999999999999993
Iteration 391	Objective=-1745.6119478889996	Time=1.302 seconds.	1.0
Iteration 392	Objective=-1745.6119478889996	Time=1.294 seconds.	1.0
Iteration 393	Objective=-1745.6119478889996	Time=1.296 seconds.	1.0
Iteration 394	Objective=-1745.6119478889996	Time=1.285 seconds.	1.0
Iteration 395	Objective=-1745.6119478889998	Time=1.293 seconds.	1.0000000000000002
Iteration 396	Objective=-1745.6119478889996	Time=1.298 seconds.	0.9999999999999999
Iteration 397	Objective=-1745.6119478889996	Time=1.294 seconds.	1.0
Iteration 398	Objective=-1745.6119478889996	Time=1.305 seconds.	1.0
Iteration 399	Objective=-1745.6119478889998	Time=1.284 seconds.	1.0000000000000002
Iteration 400	Objective=-1745.6119478889996	Time=1.291 seconds.	0.9999999999999999
Iteration 401	Objective=-1745.6119478889996	Time=1.298 seconds.	1.0
Iteration 402	Objective=-1745.6119478889998	Time=1.285 seconds.	1.0000000000000002
Iteration 403	Objective=-1745.6119478889996	Time=1.5 seconds.	0.9999999999999999
Iteration 404	Objective=-1745.6119478889293	Time=1.509 seconds.	0.9999999999999597
Iteration 405	Objective=-1745.6119478887715	Time=1.497 seconds.	0.9999999999999096
Iteration 406	Objective=-1745.611947888681	Time=1.502 seconds.	0.9999999999999482
Iteration 407	Objective=-1745.6119478885823	Time=1.507 seconds.	0.9999999999999435
Iteration 408	Objective=-1745.6119478884705	Time=1.499 seconds.	0.9999999999999359
Iteration 409	Objective=-1745.6119478883745	Time=1.519 seconds.	0.999999999999945
Iteration 410	Objective=-1745.6119478882754	Time=1.496 seconds.	0.9999999999999432
Iteration 411	Objective=-1745.6119478883816	Time=1.29 seconds.	1.0000000000000608
Iteration 412	Objective=-1745.6119478882492	Time=1.498 seconds.	0.9999999999999242
Iteration 413	Objective=-1745.61194788826	Time=1.283 seconds.	1.0000000000000062
Iteration 414	Objective=-1745.6119478883195	Time=1.285 seconds.	1.0000000000000342
Iteration 415	Objective=-1745.6119478882542	Time=1.301 seconds.	0.9999999999999626
Iteration 416	Objective=-1745.6119478882474	Time=1.284 seconds.	0.9999999999999961
Iteration 417	Objective=-1745.6119478882474	Time=1.303 seconds.	1.0
Iteration 418	Objective=-1745.6119478882447	Time=1.297 seconds.	0.9999999999999984
Iteration 419	Objective=-1745.6119478882347	Time=1.304 seconds.	0.9999999999999942
Iteration 420	Objective=-1745.6119478882238	Time=1.292 seconds.	0.9999999999999938
Iteration 421	Objective=-1745.611947888225	Time=1.298 seconds.	1.0000000000000007
Iteration 422	Objective=-1745.6119478882238	Time=1.291 seconds.	0.9999999999999993
Iteration 423	Objective=-1745.6119478882235	Time=1.286 seconds.	0.9999999999999999
Iteration 424	Objective=-1745.6119478882235	Time=1.312 seconds.	1.0
Iteration 425	Objective=-1745.6119478882235	Time=1.286 seconds.	1.0
Iteration 426	Objective=-1745.6119478882233	Time=1.294 seconds.	0.9999999999999999
Iteration 427	Objective=-1745.6119478882233	Time=1.295 seconds.	1.0
Iteration 428	Objective=-1745.6119478882233	Time=1.302 seconds.	1.0
Iteration 429	Objective=-1745.6119478882242	Time=1.287 seconds.	1.0000000000000004
Iteration 430	Objective=-1745.6119478882233	Time=1.288 seconds.	0.9999999999999994
Iteration 431	Objective=-1745.6119478882233	Time=1.296 seconds.	1.0
Iteration 432	Objective=-1745.6119478882226	Time=1.29 seconds.	0.9999999999999996
Iteration 433	Objective=-1745.6119478882226	Time=1.292 seconds.	1.0
Iteration 434	Objective=-1745.6119478882226	Time=1.294 seconds.	1.0
Iteration 435	Objective=-1745.6119478882238	Time=1.298 seconds.	1.0000000000000007
Iteration 436	Objective=-1745.6119478882226	Time=1.503 seconds.	0.9999999999999993
Iteration 437	Objective=-1745.6119478882256	Time=1.297 seconds.	1.0000000000000018
Iteration 438	Objective=-1745.6119478882788	Time=1.279 seconds.	1.0000000000000304
Iteration 439	Objective=-1745.6119478882438	Time=1.291 seconds.	0.9999999999999799
Iteration 440	Objective=-1745.611947888325	Time=1.315 seconds.	1.0000000000000464
Iteration 441	Objective=-1745.6119478882028	Time=1.283 seconds.	0.9999999999999301
Iteration 442	Objective=-1745.6119478882028	Time=1.308 seconds.	1.0
Iteration 443	Objective=-1745.6119478882881	Time=1.327 seconds.	1.0000000000000488
Iteration 444	Objective=-1745.6119478882092	Time=1.297 seconds.	0.9999999999999548
Iteration 445	Objective=-1745.611947888202	Time=1.302 seconds.	0.9999999999999958
Iteration 446	Objective=-1745.611947888204	Time=1.313 seconds.	1.000000000000001
Iteration 447	Objective=-1745.611947888202	Time=1.308 seconds.	0.9999999999999988
Iteration 448	Objective=-1745.6119478882044	Time=1.281 seconds.	1.0000000000000013
Iteration 449	Objective=-1745.611947888202	Time=1.291 seconds.	0.9999999999999986
Iteration 450	Objective=-1745.6119478882033	Time=1.288 seconds.	1.0000000000000009
Iteration 451	Objective=-1745.611947888202	Time=1.298 seconds.	0.9999999999999992
Iteration 452	Objective=-1745.6119478882028	Time=1.31 seconds.	1.0000000000000004
Iteration 453	Objective=-1745.611947888202	Time=1.305 seconds.	0.9999999999999994
Iteration 454	Objective=-1745.611947888202	Time=1.295 seconds.	1.0
Iteration 455	Objective=-1745.6119478882024	Time=1.306 seconds.	1.0000000000000002
Iteration 456	Objective=-1745.611947888202	Time=1.286 seconds.	0.9999999999999998
Iteration 457	Objective=-1745.611947888202	Time=1.285 seconds.	1.0
Iteration 458	Objective=-1745.6119478882042	Time=1.302 seconds.	1.0000000000000013
Iteration 459	Objective=-1745.611947888202	Time=1.296 seconds.	0.9999999999999987
Iteration 460	Objective=-1745.6119478882017	Time=1.306 seconds.	0.9999999999999999
Iteration 461	Objective=-1745.6119478882017	Time=1.293 seconds.	1.0
Iteration 462	Objective=-1745.6119478882017	Time=1.29 seconds.	1.0
Iteration 463	Objective=-1745.6119478882024	Time=1.281 seconds.	1.0000000000000004
Iteration 464	Objective=-1745.6119478882017	Time=1.284 seconds.	0.9999999999999996
Iteration 465	Objective=-1745.6119478882017	Time=1.297 seconds.	1.0
Iteration 466	Objective=-1745.6119478882022	Time=1.289 seconds.	1.0000000000000002
Iteration 467	Objective=-1745.6119478882017	Time=1.298 seconds.	0.9999999999999998
Iteration 468	Objective=-1745.6119478882017	Time=1.297 seconds.	1.0
Iteration 469	Objective=-1745.6119478882026	Time=1.281 seconds.	1.0000000000000004
Iteration 470	Objective=-1745.6119478882017	Time=1.278 seconds.	0.9999999999999994
Iteration 471	Objective=-1745.6119478882017	Time=1.277 seconds.	1.0
Iteration 472	Objective=-1745.6119478882022	Time=1.291 seconds.	1.0000000000000002
Iteration 473	Objective=-1745.6119478882017	Time=1.282 seconds.	0.9999999999999998
Iteration 474	Objective=-1745.6119478882017	Time=1.294 seconds.	1.0
Iteration 475	Objective=-1745.611947888202	Time=1.293 seconds.	1.0000000000000002
Iteration 476	Objective=-1745.6119478882017	Time=1.284 seconds.	0.9999999999999999
Iteration 477	Objective=-1745.6119478882017	Time=1.284 seconds.	1.0
Iteration 478	Objective=-1745.6119478882017	Time=1.28 seconds.	1.0
Iteration 479	Objective=-1745.6119478882017	Time=1.276 seconds.	1.0
Iteration 480	Objective=-1745.6119478882017	Time=1.295 seconds.	1.0
Iteration 481	Objective=-1745.6119478882017	Time=1.292 seconds.	1.0
Iteration 482	Objective=-1745.6119478882017	Time=1.307 seconds.	1.0
Iteration 483	Objective=-1745.6119478882017	Time=1.284 seconds.	1.0
Iteration 484	Objective=-1745.6119478882017	Time=1.281 seconds.	1.0
Iteration 485	Objective=-1745.6119478882017	Time=1.499 seconds.	1.0
Iteration 486	Objective=-1745.6119478881265	Time=1.503 seconds.	0.9999999999999569
Iteration 487	Objective=-1745.6119478880971	Time=1.491 seconds.	0.9999999999999832
Iteration 488	Objective=-1745.6119478880582	Time=1.488 seconds.	0.9999999999999777
Iteration 489	Objective=-1745.61194788798	Time=1.49 seconds.	0.9999999999999551
Iteration 490	Objective=-1745.6119478879434	Time=1.493 seconds.	0.999999999999979
Iteration 491	Objective=-1745.611947887842	Time=1.489 seconds.	0.9999999999999419
Iteration 492	Objective=-1745.611947888737	Time=1.29 seconds.	1.0000000000005127
Iteration 493	Objective=-1745.6119478878406	Time=1.506 seconds.	0.9999999999994865
Iteration 494	Objective=-1745.6119478878375	Time=1.503 seconds.	0.9999999999999982
Iteration 495	Objective=-1745.6119478878172	Time=1.495 seconds.	0.9999999999999885
Iteration 496	Objective=-1745.6119478878281	Time=1.289 seconds.	1.0000000000000062
Iteration 497	Objective=-1745.611947887821	Time=1.274 seconds.	0.999999999999996
Iteration 498	Objective=-1745.6119478878147	Time=1.293 seconds.	0.9999999999999963
Iteration 499	Objective=-1745.6119478878127	Time=1.291 seconds.	0.9999999999999988
#threads:10
#instances=1058
Thread 0 has 106 instances.
Thread 1 has 106 instances.
Thread 2 has 106 instances.
Thread 3 has 106 instances.
Thread 4 has 106 instances.
Thread 5 has 106 instances.
Thread 6 has 106 instances.
Thread 7 has 106 instances.
Thread 8 has 105 instances.
Thread 9 has 105 instances.
Okay. Decoding started.
Decoding time for thread 2 = 7.185 secs.
Decoding time for thread 6 = 7.169 secs.
Decoding time for thread 1 = 7.203 secs.
Decoding time for thread 8 = 7.19 secs.
Decoding time for thread 3 = 7.298 secs.
Decoding time for thread 9 = 7.253 secs.
Decoding time for thread 0 = 7.333 secs.
Decoding time for thread 4 = 7.35 secs.
Decoding time for thread 5 = 7.358 secs.
Decoding time for thread 7 = 7.333 secs.
Okay. Decoding done.
Overall decoding time = 7.386 secs.
perl data/semeval10t1/conlleval.pl < data/semeval10t1/output/ecrf.ner.eval.txt
perl: warning: Setting locale failed.
perl: warning: Please check that your locale settings:
	LANGUAGE = (unset),
	LC_ALL = (unset),
	LC_CTYPE = "UTF-8",
	LANG = "en_US.UTF-8"
    are supported and installed on your system.
perl: warning: Falling back to the standard locale ("C").
processed 21644 tokens with 1108 phrases; found: 1042 phrases; correct: 769.
accuracy:  97.07%; precision:  73.80%; recall:  69.40%; FB1:  71.53
              gpe: precision:  71.65%; recall:  85.79%; FB1:  78.08  455
     organization: precision:  73.12%; recall:  48.43%; FB1:  58.27  253
           person: precision:  77.25%; recall:  74.57%; FB1:  75.88  334
