nohup: ignoring input
[Info] trainNum: -1
[Info] testNum: -1
[Info] numIter: 500
[Info] numThreads: 36
[Info] is Pipeline: true
[Info] *********PipeLine: from NER to DP****
[Info] testFile: data/semeval10t1/pptest/ecrf.ner.res.txt
Training instance, total:4042 Instance. 
Training Maxlen is:92
Training Max span length is:128
[Pipeline] Testing instance, total:1058 Instance. 
[Pipeline] Testing Maxlen is:99
#instances=4042
Thread 0 has 226 instances.
Thread 1 has 226 instances.
Thread 2 has 226 instances.
Thread 3 has 226 instances.
Thread 4 has 226 instances.
Thread 5 has 226 instances.
Thread 6 has 226 instances.
Thread 7 has 226 instances.
Thread 8 has 226 instances.
Thread 9 has 226 instances.
Thread 10 has 224 instances.
Thread 11 has 224 instances.
Thread 12 has 224 instances.
Thread 13 has 224 instances.
Thread 14 has 224 instances.
Thread 15 has 224 instances.
Thread 16 has 224 instances.
Thread 17 has 224 instances.
Thread 18 has 224 instances.
Thread 19 has 224 instances.
Thread 20 has 224 instances.
Thread 21 has 224 instances.
Thread 22 has 224 instances.
Thread 23 has 224 instances.
Thread 24 has 224 instances.
Thread 25 has 224 instances.
Thread 26 has 224 instances.
Thread 27 has 224 instances.
Thread 28 has 224 instances.
Thread 29 has 224 instances.
Thread 30 has 224 instances.
Thread 31 has 224 instances.
Thread 32 has 224 instances.
Thread 33 has 224 instances.
Thread 34 has 224 instances.
Thread 35 has 224 instances.
.19801 nodes..
..
Thread 0 touch time: 51.286 secs.
Finalized local param. size:1667542
Okay..thread 0 touched.
...
Thread 1 touch time: 72.992 secs.
Finalized local param. size:1689387
Okay..thread 1 touched.
...
Thread 2 touch time: 138.949 secs.
Finalized local param. size:2182764
Okay..thread 2 touched.
...
Thread 3 touch time: 96.131 secs.
Finalized local param. size:1628631
Okay..thread 3 touched.
...
Thread 4 touch time: 120.826 secs.
Finalized local param. size:1706508
Okay..thread 4 touched.
...
Thread 5 touch time: 104.391 secs.
Finalized local param. size:1462690
Okay..thread 5 touched.
...
Thread 6 touch time: 139.764 secs.
Finalized local param. size:1618470
Okay..thread 6 touched.
...
Thread 7 touch time: 146.0 secs.
Finalized local param. size:1562139
Okay..thread 7 touched.
...
Thread 8 touch time: 147.77 secs.
Finalized local param. size:1520003
Okay..thread 8 touched.
...
Thread 9 touch time: 145.334 secs.
Finalized local param. size:1466437
Okay..thread 9 touched.
...
Thread 10 touch time: 165.881 secs.
Finalized local param. size:1566768
Okay..thread 10 touched.
...
Thread 11 touch time: 202.522 secs.
Finalized local param. size:1693322
Okay..thread 11 touched.
...
Thread 12 touch time: 173.715 secs.
Finalized local param. size:1527394
Okay..thread 12 touched.
...
Thread 13 touch time: 196.728 secs.
Finalized local param. size:1560101
Okay..thread 13 touched.
...
Thread 14 touch time: 239.674 secs.
Finalized local param. size:1723529
Okay..thread 14 touched.
...
Thread 15 touch time: 223.075 secs.
Finalized local param. size:1606301
Okay..thread 15 touched.
...
Thread 16 touch time: 253.246 secs.
Finalized local param. size:1687888
Okay..thread 16 touched.
...
Thread 17 touch time: 230.498 secs.
Finalized local param. size:1576803
Okay..thread 17 touched.
...
Thread 18 touch time: 355.956 secs.
Finalized local param. size:1931120
Okay..thread 18 touched.
...
Thread 19 touch time: 298.67 secs.
Finalized local param. size:1574976
Okay..thread 19 touched.
...
Thread 20 touch time: 387.444 secs.
Finalized local param. size:1866359
Okay..thread 20 touched.
...
Thread 21 touch time: 415.883 secs.
Finalized local param. size:1861484
Okay..thread 21 touched.
...
Thread 22 touch time: 410.899 secs.
Finalized local param. size:1779123
Okay..thread 22 touched.
...
Thread 23 touch time: 450.12 secs.
Finalized local param. size:1824957
Okay..thread 23 touched.
...
Thread 24 touch time: 420.298 secs.
Finalized local param. size:1650564
Okay..thread 24 touched.
...
Thread 25 touch time: 469.77 secs.
Finalized local param. size:1669011
Okay..thread 25 touched.
...
Thread 26 touch time: 458.294 secs.
Finalized local param. size:1735915
Okay..thread 26 touched.
...
Thread 27 touch time: 469.543 secs.
Finalized local param. size:1679588
Okay..thread 27 touched.
...
Thread 28 touch time: 589.742 secs.
Finalized local param. size:1832219
Okay..thread 28 touched.
...
Thread 29 touch time: 512.37 secs.
Finalized local param. size:1749077
Okay..thread 29 touched.
...
Thread 30 touch time: 538.972 secs.
Finalized local param. size:1647847
Okay..thread 30 touched.
...
Thread 31 touch time: 582.958 secs.
Finalized local param. size:1701390
Okay..thread 31 touched.
...
Thread 32 touch time: 553.812 secs.
Finalized local param. size:1597693
Okay..thread 32 touched.
...
Thread 33 touch time: 576.491 secs.
Finalized local param. size:1770334
Okay..thread 33 touched.
...
Thread 34 touch time: 541.264 secs.
Finalized local param. size:1514452
Okay..thread 34 touched.
...
Thread 35 touch time: 575.839 secs.
Finalized local param. size:1589540
Okay..thread 35 touched.
24529243 features.
*************************************************
  n = 24529243   number of corrections = 4
       initial values
 f =  159749.54003402026   gnorm =  69843.26515546658
*************************************************
	i	nfn	func			gnorm			steplength
Iteration 0	Objective=-159749.54003402026	Time=11.687 seconds.	0.0
	1	2	123678.31429787044	35142.480260662756	1.431777276984495E-5
Iteration 1	Objective=-123678.31429787044	Time=6.26 seconds.	0.7742013796817938
Iteration 2	Objective=-100835.86918786436	Time=6.624 seconds.	0.8153075966495494
Iteration 3	Objective=-78740.87744094161	Time=6.946 seconds.	0.7808816255080995
Iteration 4	Objective=-65228.31561389853	Time=6.416 seconds.	0.8283920338939839
Iteration 5	Objective=-59235.150007566735	Time=6.556 seconds.	0.9081201844639569
Iteration 6	Objective=-54449.24136914114	Time=6.914 seconds.	0.9192049207638667
Iteration 7	Objective=-51817.01822675596	Time=6.475 seconds.	0.9516573036428569
Iteration 8	Objective=-48396.28292292654	Time=6.876 seconds.	0.9339843275261427
Iteration 9	Objective=-47617.791027328254	Time=6.631 seconds.	0.9839142213289794
Iteration 10	Objective=-44959.472496868475	Time=6.432 seconds.	0.9441738376957859
Iteration 11	Objective=-42750.51899216876	Time=6.96 seconds.	0.9508678954172879
Iteration 12	Objective=-40534.53224101969	Time=6.46 seconds.	0.9481646818941541
Iteration 13	Objective=-38812.37373972534	Time=6.477 seconds.	0.9575137936450251
Iteration 14	Objective=-36773.94013934264	Time=6.51 seconds.	0.9474798007962002
Iteration 15	Objective=-35090.05430017343	Time=6.961 seconds.	0.9542098063794993
Iteration 16	Objective=-33185.216632458265	Time=6.565 seconds.	0.9457157389549621
Iteration 17	Objective=-31437.53114989245	Time=6.401 seconds.	0.9473354204095683
Iteration 18	Objective=-30114.22236077925	Time=6.978 seconds.	0.9579067203845069
Iteration 19	Objective=-28411.46308131256	Time=6.597 seconds.	0.943456641215336
Iteration 20	Objective=-27170.045988960468	Time=7.003 seconds.	0.956305766837871
Iteration 21	Objective=-26226.2443394651	Time=6.473 seconds.	0.9652631559814494
Iteration 22	Objective=-25401.017872148044	Time=6.375 seconds.	0.968534325516244
Iteration 23	Objective=-24349.829207451658	Time=6.369 seconds.	0.9586162778992804
Iteration 24	Objective=-23269.84303778382	Time=6.493 seconds.	0.9556470741348224
Iteration 25	Objective=-22691.678366618427	Time=7.169 seconds.	0.9751539075606737
Iteration 26	Objective=-21612.87833082019	Time=6.457 seconds.	0.9524583409667372
Iteration 27	Objective=-20838.336439102677	Time=6.48 seconds.	0.9641629458204553
Iteration 28	Objective=-20434.299542788467	Time=6.455 seconds.	0.9806108852549265
Iteration 29	Objective=-19713.699339143033	Time=7.034 seconds.	0.9647357521535529
Iteration 30	Objective=-19029.410204051826	Time=6.502 seconds.	0.9652886491104945
Iteration 31	Objective=-18823.287268765518	Time=6.922 seconds.	0.9891681910749699
Iteration 32	Objective=-17750.77821332883	Time=6.328 seconds.	0.943022223476536
Iteration 33	Objective=-17301.09443120291	Time=6.928 seconds.	0.9746668130984669
Iteration 34	Objective=-16859.14162315158	Time=6.497 seconds.	0.9744552109227115
Iteration 35	Objective=-16484.81171826861	Time=6.397 seconds.	0.9777966213671919
Iteration 36	Objective=-16030.88156906846	Time=6.338 seconds.	0.9724637346814765
Iteration 37	Objective=-15775.614707120512	Time=6.467 seconds.	0.9840765549387823
Iteration 38	Objective=-15519.729592658226	Time=6.368 seconds.	0.9837797056271418
Iteration 39	Objective=-15348.046658747537	Time=7.072 seconds.	0.9889377625501989
Iteration 40	Objective=-15170.362716540327	Time=6.451 seconds.	0.9884230256684853
Iteration 41	Objective=-14872.449171333343	Time=6.564 seconds.	0.9803621343290515
Iteration 42	Objective=-14438.0491307346	Time=6.391 seconds.	0.9707916271493434
Iteration 43	Objective=-14084.646348106524	Time=6.32 seconds.	0.9755228161763365
Iteration 44	Objective=-13910.38394481157	Time=6.331 seconds.	0.9876274917390183
Iteration 45	Objective=-13735.572721751476	Time=6.509 seconds.	0.9874330411185166
Iteration 46	Objective=-13428.830645813046	Time=6.361 seconds.	0.9776680534439837
Iteration 47	Objective=-13160.673842399896	Time=6.313 seconds.	0.9800312618063466
Iteration 48	Objective=-12806.857867899376	Time=6.379 seconds.	0.9731156642328885
Iteration 49	Objective=-12363.882717505463	Time=6.5 seconds.	0.9654110981035997
Iteration 50	Objective=-11920.001049315591	Time=6.387 seconds.	0.9640985216107397
Iteration 51	Objective=-11525.389209140747	Time=6.321 seconds.	0.9668949827653327
Iteration 52	Objective=-11125.468765073565	Time=6.971 seconds.	0.9653009163673183
Iteration 53	Objective=-10851.693197619386	Time=6.51 seconds.	0.975391997116234
Iteration 54	Objective=-10463.889859497416	Time=6.487 seconds.	0.9642633337434341
Iteration 55	Objective=-10326.737778962131	Time=6.479 seconds.	0.9868928207027332
Iteration 56	Objective=-10018.629181772036	Time=6.956 seconds.	0.9701639952727587
Iteration 57	Objective=-9854.197908366286	Time=6.293 seconds.	0.9835874479010644
Iteration 58	Objective=-9371.512716225661	Time=6.494 seconds.	0.9510173028156029
Iteration 59	Objective=-9153.354433207372	Time=6.365 seconds.	0.9767211239397271
Iteration 60	Objective=-8843.978457133253	Time=6.302 seconds.	0.966200808858473
Iteration 61	Objective=-8557.177123370902	Time=6.418 seconds.	0.9675710049326244
Iteration 62	Objective=-8272.132278282128	Time=6.482 seconds.	0.9666893835456234
Iteration 63	Objective=-7892.719473788456	Time=6.34 seconds.	0.9541336149217786
Iteration 64	Objective=-7720.116528951317	Time=6.928 seconds.	0.9781313721575499
Iteration 65	Objective=-7270.0097675916	Time=6.694 seconds.	0.9416968954196785
Iteration 66	Objective=-6847.285434062323	Time=6.596 seconds.	0.9418536773617957
Iteration 67	Objective=-6513.414626620501	Time=6.817 seconds.	0.9512404133496528
Iteration 68	Objective=-6190.745018980699	Time=6.758 seconds.	0.9504607604249479
Iteration 69	Objective=-5763.124171895943	Time=6.594 seconds.	0.9309257858668578
Iteration 70	Objective=-5541.8984752376	Time=6.479 seconds.	0.9616135814430032
Iteration 71	Objective=-5303.540212084676	Time=6.446 seconds.	0.9569897817114549
Iteration 72	Objective=-5215.786949434357	Time=6.474 seconds.	0.9834538328849919
Iteration 73	Objective=-4972.350876872123	Time=6.431 seconds.	0.9533270674354071
Iteration 74	Objective=-4809.6537824490615	Time=6.395 seconds.	0.9672796432810457
Iteration 75	Objective=-4674.612729298813	Time=6.367 seconds.	0.9719229160229729
Iteration 76	Objective=-4584.920074721923	Time=6.401 seconds.	0.9808128159976273
Iteration 77	Objective=-4471.264311528692	Time=6.392 seconds.	0.9752109608584345
Iteration 78	Objective=-4402.635235868289	Time=6.444 seconds.	0.984651080571674
Iteration 79	Objective=-4287.791160067355	Time=6.286 seconds.	0.973914696619584
Iteration 80	Objective=-4228.452419419324	Time=6.511 seconds.	0.9861610002836287
Iteration 81	Objective=-4151.693728564799	Time=6.337 seconds.	0.9818470959961598
Iteration 82	Objective=-4065.1973203920666	Time=7.038 seconds.	0.9791659949341607
Iteration 83	Objective=-4039.8206034196555	Time=4.916 seconds.	0.9937575682132046
Iteration 84	Objective=-3995.6367489377462	Time=6.834 seconds.	0.9890629166937491
Iteration 85	Objective=-3900.699029116967	Time=7.052 seconds.	0.9762396519538422
Iteration 86	Objective=-3854.3888283187844	Time=6.815 seconds.	0.9881277175058887
Iteration 87	Objective=-3822.874866686524	Time=6.485 seconds.	0.9918238758371437
Iteration 88	Objective=-3801.2874278159675	Time=6.756 seconds.	0.9943530877616019
Iteration 89	Objective=-3745.5441975692174	Time=6.818 seconds.	0.9853356971012378
Iteration 90	Objective=-3698.389880902163	Time=7.077 seconds.	0.9874105566027878
Iteration 91	Objective=-3685.6770841286193	Time=6.614 seconds.	0.9965626131416835
Iteration 92	Objective=-3657.01927362031	Time=6.74 seconds.	0.9922245465747076
Iteration 93	Objective=-3648.1009838617547	Time=6.451 seconds.	0.9975613227354619
Iteration 94	Objective=-3601.7798321497758	Time=6.461 seconds.	0.9873026673557307
Iteration 95	Objective=-3594.3188645455925	Time=6.918 seconds.	0.9979285331275427
Iteration 96	Objective=-3567.974882322577	Time=6.963 seconds.	0.9926706607800234
Iteration 97	Objective=-3558.855451775255	Time=6.822 seconds.	0.9974440877954316
Iteration 98	Objective=-3547.63823745565	Time=6.464 seconds.	0.9968480837528791
Iteration 99	Objective=-3534.866265165884	Time=6.467 seconds.	0.9963998662110132
Iteration 100	Objective=-3539.921624807408	Time=4.801 seconds.	1.0014301416976765
Iteration 101	Objective=-3522.193999213329	Time=6.376 seconds.	0.9949920852852092
Iteration 102	Objective=-3510.3118379681378	Time=6.95 seconds.	0.996626488703392
Iteration 103	Objective=-3497.6588106467943	Time=6.478 seconds.	0.9963954691476449
Iteration 104	Objective=-3493.7315661683338	Time=6.488 seconds.	0.9988771790814741
Iteration 105	Objective=-3483.4523750275916	Time=6.441 seconds.	0.9970578188546937
Iteration 106	Objective=-3477.170157987087	Time=6.453 seconds.	0.9981965543477669
Iteration 107	Objective=-3471.2063080969247	Time=6.468 seconds.	0.9982848553222329
Iteration 108	Objective=-3461.5859254413876	Time=6.462 seconds.	0.9972285189062094
Iteration 109	Objective=-3459.309801712141	Time=6.427 seconds.	0.9993424621609078
Iteration 110	Objective=-3448.122426326754	Time=6.683 seconds.	0.9967660093987969
Iteration 111	Objective=-3444.1052880661205	Time=6.429 seconds.	0.9988349780651747
Iteration 112	Objective=-3437.268485201267	Time=6.423 seconds.	0.9980149262891169
Iteration 113	Objective=-3431.5541293802207	Time=6.409 seconds.	0.9983375299760118
Iteration 114	Objective=-3425.0025617104675	Time=6.535 seconds.	0.9980907870245554
Iteration 115	Objective=-3421.39269596231	Time=6.924 seconds.	0.9989460253873927
Iteration 116	Objective=-3417.1942642337312	Time=6.367 seconds.	0.998772888089247
Iteration 117	Objective=-3412.6529294692455	Time=6.525 seconds.	0.9986710340667436
Iteration 118	Objective=-3410.303255731784	Time=6.337 seconds.	0.9993114817750227
Iteration 119	Objective=-3405.6782486782786	Time=6.49 seconds.	0.9986438135536094
Iteration 120	Objective=-3404.205170090214	Time=6.515 seconds.	0.9995674639585709
Iteration 121	Objective=-3402.283912234991	Time=7.092 seconds.	0.9994356221910173
Iteration 122	Objective=-3398.6452194237754	Time=6.34 seconds.	0.9989305146469022
Iteration 123	Objective=-3395.331080110448	Time=6.411 seconds.	0.9990248645859278
Iteration 124	Objective=-3393.5708532433578	Time=6.572 seconds.	0.9994815743073182
Iteration 125	Objective=-3391.621911905336	Time=6.412 seconds.	0.9994256959933049
Iteration 126	Objective=-3390.352865962742	Time=6.439 seconds.	0.9996258291827459
Iteration 127	Objective=-3388.8862434587045	Time=7.013 seconds.	0.999567413020998
Iteration 128	Objective=-3388.213318222319	Time=6.702 seconds.	0.9998014317424538
Iteration 129	Objective=-3387.4529205118993	Time=7.026 seconds.	0.9997755756090297
Iteration 130	Objective=-3386.5005714583917	Time=6.777 seconds.	0.999718859840755
Iteration 131	Objective=-3385.3627366004393	Time=6.706 seconds.	0.999664008662056
Iteration 132	Objective=-3384.643671905998	Time=6.897 seconds.	0.9997875959681758
Iteration 133	Objective=-3383.862978959284	Time=6.495 seconds.	0.999769342648033
Iteration 134	Objective=-3384.1082177887247	Time=4.822 seconds.	1.0000724730377575
Iteration 135	Objective=-3383.1963185753198	Time=6.539 seconds.	0.9997305348544673
Iteration 136	Objective=-3382.0443674785124	Time=7.021 seconds.	0.9996595080544151
Iteration 137	Objective=-3381.240242729607	Time=6.433 seconds.	0.9997622370786623
Iteration 138	Objective=-3380.529630216244	Time=6.67 seconds.	0.9997898367278425
Iteration 139	Objective=-3379.991234154316	Time=6.703 seconds.	0.9998407361801784
Iteration 140	Objective=-3379.3490960258746	Time=6.508 seconds.	0.9998100178124865
Iteration 141	Objective=-3378.871251921739	Time=6.688 seconds.	0.9998585987743327
Iteration 142	Objective=-3378.433819610611	Time=6.408 seconds.	0.9998705389230563
Iteration 143	Objective=-3378.0482734235743	Time=6.755 seconds.	0.9998858802014121
Iteration 144	Objective=-3377.7702636515305	Time=7.144 seconds.	0.9999177010659585
Iteration 145	Objective=-3377.29608067979	Time=6.458 seconds.	0.9998596165710726
Iteration 146	Objective=-3377.0282273315556	Time=6.685 seconds.	0.9999206900011619
Iteration 147	Objective=-3377.0059292833143	Time=4.825 seconds.	0.9999933971389221
Iteration 148	Objective=-3376.6884398163	Time=6.51 seconds.	0.9999059849246159
Iteration 149	Objective=-3376.1921776747336	Time=6.495 seconds.	0.9998530328899419
Iteration 150	Objective=-3375.874861942532	Time=6.462 seconds.	0.9999060137233005
Iteration 151	Objective=-3375.6313549496695	Time=6.375 seconds.	0.9999278684777071
Iteration 152	Objective=-3375.416300574038	Time=6.59 seconds.	0.9999362921027155
Iteration 153	Objective=-3375.2663787652527	Time=6.46 seconds.	0.9999555842019369
Iteration 154	Objective=-3375.0199430830544	Time=6.455 seconds.	0.9999269877827277
Iteration 155	Objective=-3375.0268072820695	Time=4.72 seconds.	1.0000020338247273
Iteration 156	Objective=-3374.8245172222	Time=6.359 seconds.	0.9999400626805591
Iteration 157	Objective=-3374.61126384914	Time=6.611 seconds.	0.9999368105298596
Iteration 158	Objective=-3374.4005764776	Time=6.775 seconds.	0.9999375669210268
Iteration 159	Objective=-3374.3503517142417	Time=6.534 seconds.	0.9999851159451226
Iteration 160	Objective=-3374.2322572261364	Time=6.621 seconds.	0.9999650023039115
Iteration 161	Objective=-3374.1639983343207	Time=6.446 seconds.	0.9999797705413818
Iteration 162	Objective=-3374.085633221859	Time=7.235 seconds.	0.9999767749544776
Iteration 163	Objective=-3373.9531512169438	Time=6.538 seconds.	0.9999607354349247
Iteration 164	Objective=-3373.9453928702524	Time=4.765 seconds.	0.9999977005173624
Iteration 165	Objective=-3373.8982222698455	Time=6.689 seconds.	0.9999860191571249
Iteration 166	Objective=-3373.8211591179584	Time=6.431 seconds.	0.9999771590170152
Iteration 167	Objective=-3373.6930891849634	Time=6.395 seconds.	0.9999620400943159
Iteration 168	Objective=-3373.570657013821	Time=6.385 seconds.	0.999963709748366
Iteration 169	Objective=-3373.4913684812386	Time=7.02 seconds.	0.9999764971477869
Iteration 170	Objective=-3373.3288282469107	Time=6.344 seconds.	0.9999518183932983
Iteration 171	Objective=-3373.26598367307	Time=6.392 seconds.	0.9999813701607402
Iteration 172	Objective=-3373.1997921646507	Time=7.091 seconds.	0.9999803776195711
Iteration 173	Objective=-3373.1487871551108	Time=6.454 seconds.	0.9999848793392973
Iteration 174	Objective=-3373.1075637165827	Time=6.54 seconds.	0.9999877789445029
Iteration 175	Objective=-3373.0551619909224	Time=6.553 seconds.	0.9999844648518701
Iteration 176	Objective=-3373.023732318219	Time=6.439 seconds.	0.9999906821349803
Iteration 177	Objective=-3372.974933725566	Time=6.38 seconds.	0.9999855326862407
Iteration 178	Objective=-3372.9167478947998	Time=6.504 seconds.	0.9999827494031501
Iteration 179	Objective=-3372.888873610435	Time=6.351 seconds.	0.9999917358516536
Iteration 180	Objective=-3372.8715769186624	Time=6.374 seconds.	0.9999948718465326
Iteration 181	Objective=-3372.839871100751	Time=6.316 seconds.	0.9999905997553752
Iteration 182	Objective=-3372.7808904064623	Time=6.371 seconds.	0.9999825130464111
Iteration 183	Objective=-3372.7227027996028	Time=6.317 seconds.	0.9999827478840903
Iteration 184	Objective=-3372.6777698819315	Time=6.357 seconds.	0.9999866775535284
Iteration 185	Objective=-3372.627933116874	Time=6.443 seconds.	0.9999852233837746
Iteration 186	Objective=-3372.6003993533222	Time=6.436 seconds.	0.9999918361099719
Iteration 187	Objective=-3372.5787596217615	Time=6.444 seconds.	0.9999935836657183
Iteration 188	Objective=-3372.547704917843	Time=6.499 seconds.	0.9999907920003855
Iteration 189	Objective=-3372.53577808045	Time=6.3 seconds.	0.9999964635526503
Iteration 190	Objective=-3372.492199987395	Time=6.39 seconds.	0.999987078537954
Iteration 191	Objective=-3372.475708396572	Time=6.497 seconds.	0.9999951099691726
Iteration 192	Objective=-3372.4519132385894	Time=6.546 seconds.	0.9999929443055963
Iteration 193	Objective=-3372.4400557388904	Time=6.389 seconds.	0.9999964840122249
Iteration 194	Objective=-3372.4281256391905	Time=6.327 seconds.	0.9999964624724227
Iteration 195	Objective=-3372.416757718757	Time=6.328 seconds.	0.9999966291585736
Iteration 196	Objective=-3372.4083233384886	Time=6.887 seconds.	0.9999974990100945
Iteration 197	Objective=-3372.397668533667	Time=6.39 seconds.	0.999996840594673
Iteration 198	Objective=-3372.3921346939096	Time=6.562 seconds.	0.9999983590785247
Iteration 199	Objective=-3372.3799550744575	Time=6.409 seconds.	0.9999963884332054
Iteration 200	Objective=-3372.3726016889136	Time=6.546 seconds.	0.9999978195263755
Iteration 201	Objective=-3372.365663898461	Time=6.462 seconds.	0.9999979427568446
Iteration 202	Objective=-3372.3556833355724	Time=6.359 seconds.	0.9999970404861502
Iteration 203	Objective=-3372.344741595324	Time=6.778 seconds.	0.9999967554607889
Iteration 204	Objective=-3372.336253660867	Time=6.838 seconds.	0.9999974830762844
Iteration 205	Objective=-3372.331673595034	Time=6.862 seconds.	0.9999986418715429
Iteration 206	Objective=-3372.3224100783564	Time=6.863 seconds.	0.999997253082563
Iteration 207	Objective=-3372.3212551714514	Time=5.182 seconds.	0.9999996575336624
Iteration 208	Objective=-3372.3149843138003	Time=6.763 seconds.	0.999998140492208
Iteration 209	Objective=-3372.3089802328955	Time=6.796 seconds.	0.9999982195966471
Iteration 210	Objective=-3372.304213238057	Time=7.388 seconds.	0.9999985864299901
Iteration 211	Objective=-3372.2995414721026	Time=6.942 seconds.	0.9999986146665132
Iteration 212	Objective=-3372.2947631178768	Time=7.536 seconds.	0.999998583057594
Iteration 213	Objective=-3372.2916137810994	Time=6.743 seconds.	0.9999990661146196
Iteration 214	Objective=-3372.288011366731	Time=7.948 seconds.	0.9999989317607192
Iteration 215	Objective=-3372.288794729236	Time=5.252 seconds.	1.0000002322940693
Iteration 216	Objective=-3372.2847645612956	Time=7.129 seconds.	0.9999988049161309
Iteration 217	Objective=-3372.2802019600563	Time=7.385 seconds.	0.9999986470296675
Iteration 218	Objective=-3372.275657703207	Time=7.208 seconds.	0.9999986524675955
Iteration 219	Objective=-3372.2742701824495	Time=7.59 seconds.	0.9999995885506114
Iteration 220	Objective=-3372.271072909726	Time=7.57 seconds.	0.9999990518942212
Iteration 221	Objective=-3372.2699543233357	Time=6.835 seconds.	0.9999996682987914
Iteration 222	Objective=-3372.2682757282205	Time=6.736 seconds.	0.9999995022358418
Iteration 223	Objective=-3372.2653731565038	Time=6.819 seconds.	0.9999991392820857
Iteration 224	Objective=-3372.269178411968	Time=5.21 seconds.	1.0000011283973955
Iteration 225	Objective=-3372.26328952077	Time=7.751 seconds.	0.9999982537303855
Iteration 226	Objective=-3372.260150487981	Time=6.893 seconds.	0.9999990691614149
Iteration 227	Objective=-3372.2584263790345	Time=6.82 seconds.	0.9999994887378585
Iteration 228	Objective=-3372.256794406615	Time=7.391 seconds.	0.9999995160595028
Iteration 229	Objective=-3372.2556754737648	Time=6.958 seconds.	0.9999996681946487
Iteration 230	Objective=-3372.254588330082	Time=7.573 seconds.	0.9999996776212163
Iteration 231	Objective=-3372.2530752114876	Time=6.841 seconds.	0.9999995513035702
Iteration 232	Objective=-3372.2512014541485	Time=6.986 seconds.	0.9999994443604032
Iteration 233	Objective=-3372.2492198075033	Time=6.822 seconds.	0.9999994123668354
Iteration 234	Objective=-3372.2474790813794	Time=6.933 seconds.	0.9999994838085768
Iteration 235	Objective=-3372.246877547498	Time=6.892 seconds.	0.9999998216222609
Iteration 236	Objective=-3372.2462945902043	Time=6.755 seconds.	0.9999998271308967
Iteration 237	Objective=-3372.245827098106	Time=6.818 seconds.	0.9999998613707133
Iteration 238	Objective=-3372.2454450165133	Time=6.889 seconds.	0.9999998866981791
Iteration 239	Objective=-3372.2449578000937	Time=7.417 seconds.	0.9999998555216614
Iteration 240	Objective=-3372.244276965018	Time=6.927 seconds.	0.999999798106281
Iteration 241	Objective=-3372.2435201639487	Time=6.802 seconds.	0.9999997755794043
Iteration 242	Objective=-3372.2428177980864	Time=7.514 seconds.	0.9999997917214881
Iteration 243	Objective=-3372.2421895959083	Time=7.155 seconds.	0.9999998137138362
Iteration 244	Objective=-3372.2414619980136	Time=6.831 seconds.	0.9999997842391342
Iteration 245	Objective=-3372.240676688752	Time=7.55 seconds.	0.9999997671254356
Iteration 246	Objective=-3372.240098415012	Time=6.792 seconds.	0.999999828519434
Iteration 247	Objective=-3372.2398183329437	Time=6.775 seconds.	0.9999999169448022
Iteration 248	Objective=-3372.2394970504533	Time=6.872 seconds.	0.999999904727271
Iteration 249	Objective=-3372.2392546489077	Time=7.484 seconds.	0.999999928118526
Iteration 250	Objective=-3372.2387086530293	Time=6.943 seconds.	0.9999998380910021
Iteration 251	Objective=-3372.2387139406414	Time=5.429 seconds.	1.0000000015679829
Iteration 252	Objective=-3372.238441771504	Time=7.673 seconds.	0.99999991929126
Iteration 253	Objective=-3372.238175602618	Time=6.968 seconds.	0.9999999210705617
Iteration 254	Objective=-3372.2376977376725	Time=7.414 seconds.	0.9999998582944263
Iteration 255	Objective=-3372.2377313720767	Time=5.524 seconds.	1.0000000099739126
Iteration 256	Objective=-3372.2375508124874	Time=7.3 seconds.	0.9999999464570402
Iteration 257	Objective=-3372.237429733668	Time=7.071 seconds.	0.9999999640954061
Iteration 258	Objective=-3372.237162611981	Time=7.514 seconds.	0.9999999207879955
Iteration 259	Objective=-3372.2370185246996	Time=7.031 seconds.	0.9999999572724946
Iteration 260	Objective=-3372.236861585618	Time=7.544 seconds.	0.9999999534614321
Iteration 261	Objective=-3372.2365616041843	Time=6.803 seconds.	0.999999911043783
Iteration 262	Objective=-3372.2364223111886	Time=7.517 seconds.	0.9999999586941802
Iteration 263	Objective=-3372.2361901649247	Time=7.973 seconds.	0.9999999311595527
Iteration 264	Objective=-3372.235987386694	Time=7.019 seconds.	0.999999939868319
Iteration 265	Objective=-3372.235874583186	Time=7.171 seconds.	0.9999999665493434
Iteration 266	Objective=-3372.2358353112386	Time=7.091 seconds.	0.9999999883543296
Iteration 267	Objective=-3372.2357297003177	Time=7.516 seconds.	0.9999999686822256
Iteration 268	Objective=-3372.2356533092557	Time=7.098 seconds.	0.9999999773470575
Iteration 269	Objective=-3372.235507743299	Time=6.922 seconds.	0.9999999568339903
Iteration 270	Objective=-3372.2354045749603	Time=6.836 seconds.	0.999999969406544
Iteration 271	Objective=-3372.2353113268437	Time=7.428 seconds.	0.9999999723482778
Iteration 272	Objective=-3372.235676181608	Time=6.064 seconds.	1.0000001081937442
Iteration 273	Objective=-3372.2352632004267	Time=6.761 seconds.	0.9999998775348994
Iteration 274	Objective=-3372.2351644939226	Time=6.909 seconds.	0.9999999707296507
Iteration 275	Objective=-3372.2350534660263	Time=7.71 seconds.	0.9999999670758738
Iteration 276	Objective=-3372.234944668917	Time=7.283 seconds.	0.9999999677373884
Iteration 277	Objective=-3372.2348564465397	Time=7.565 seconds.	0.999999973838603
Iteration 278	Objective=-3372.2347077616687	Time=7.334 seconds.	0.9999999559090996
Iteration 279	Objective=-3372.2346829973244	Time=6.96 seconds.	0.9999999926563996
Iteration 280	Objective=-3372.2345964365268	Time=6.888 seconds.	0.9999999743313246
Iteration 281	Objective=-3372.23457189075	Time=6.899 seconds.	0.9999999927212132
Iteration 282	Objective=-3372.2345158919784	Time=7.477 seconds.	0.9999999833941647
Iteration 283	Objective=-3372.234472772469	Time=6.948 seconds.	0.9999999872133717
Iteration 284	Objective=-3372.2344022073853	Time=7.532 seconds.	0.9999999790746805
Iteration 285	Objective=-3372.2343549798334	Time=6.79 seconds.	0.9999999859951753
Iteration 286	Objective=-3372.234312592329	Time=7.463 seconds.	0.9999999874304393
Iteration 287	Objective=-3372.234270523461	Time=7.552 seconds.	0.9999999875249274
Iteration 288	Objective=-3372.2342357993157	Time=7.478 seconds.	0.9999999897029261
Iteration 289	Objective=-3372.2341933029006	Time=7.163 seconds.	0.9999999873981426
Iteration 290	Objective=-3372.234167053927	Time=6.798 seconds.	0.9999999922161475
Iteration 291	Objective=-3372.2341291224457	Time=6.748 seconds.	0.9999999887518246
Iteration 292	Objective=-3372.23406305581	Time=7.374 seconds.	0.9999999804086451
Iteration 293	Objective=-3372.234146552607	Time=5.38 seconds.	1.0000000247600835
Iteration 294	Objective=-3372.2340515466553	Time=6.805 seconds.	0.9999999718270003
Iteration 295	Objective=-3372.2340335775384	Time=6.864 seconds.	0.9999999946714503
Iteration 296	Objective=-3372.2339963008603	Time=6.795 seconds.	0.9999999889459991
Iteration 297	Objective=-3372.233974214663	Time=6.757 seconds.	0.9999999934505739
Iteration 298	Objective=-3372.233930650242	Time=6.939 seconds.	0.999999987081436
Iteration 299	Objective=-3372.233915459063	Time=6.814 seconds.	0.9999999954952179
Iteration 300	Objective=-3372.2338963663206	Time=6.949 seconds.	0.9999999943382508
Iteration 301	Objective=-3372.2338782108336	Time=7.44 seconds.	0.9999999946161839
Iteration 302	Objective=-3372.233861850171	Time=7.251 seconds.	0.9999999951484199
Iteration 303	Objective=-3372.233853702697	Time=7.376 seconds.	0.9999999975839535
Iteration 304	Objective=-3372.2338472139995	Time=7.389 seconds.	0.9999999980758459
Iteration 305	Objective=-3372.2338383936517	Time=7.15 seconds.	0.9999999973844199
Iteration 306	Objective=-3372.2338242936453	Time=7.122 seconds.	0.9999999958187934
Iteration 307	Objective=-3372.2338068226845	Time=6.995 seconds.	0.9999999948191728
Iteration 308	Objective=-3372.2337967414246	Time=6.881 seconds.	0.9999999970105098
Iteration 309	Objective=-3372.2337879314573	Time=6.769 seconds.	0.9999999973874981
Iteration 310	Objective=-3372.2337741171896	Time=6.785 seconds.	0.9999999959035261
Iteration 311	Objective=-3372.233772219164	Time=5.184 seconds.	0.9999999994371608
Iteration 312	Objective=-3372.233760889483	Time=6.889 seconds.	0.9999999966403038
Iteration 313	Objective=-3372.2337495067814	Time=6.878 seconds.	0.9999999966245811
Iteration 314	Objective=-3372.233742517535	Time=6.757 seconds.	0.9999999979274135
Iteration 315	Objective=-3372.2337313402877	Time=6.906 seconds.	0.9999999966855063
Iteration 316	Objective=-3372.233718579279	Time=6.725 seconds.	0.9999999962158588
Iteration 317	Objective=-3372.233713029098	Time=7.515 seconds.	0.999999998354153
Iteration 318	Objective=-3372.2337026722807	Time=7.329 seconds.	0.9999999969287962
Iteration 319	Objective=-3372.233701183259	Time=7.369 seconds.	0.9999999995584465
Iteration 320	Objective=-3372.233689233006	Time=6.904 seconds.	0.9999999964562796
Iteration 321	Objective=-3372.2336848723044	Time=7.085 seconds.	0.9999999987068804
Iteration 322	Objective=-3372.23368127763	Time=6.891 seconds.	0.9999999989340376
Iteration 323	Objective=-3372.2336764521683	Time=6.761 seconds.	0.9999999985690607
Iteration 324	Objective=-3372.2336693383454	Time=7.0 seconds.	0.9999999978904716
Iteration 325	Objective=-3372.2336638965	Time=7.428 seconds.	0.9999999983862786
Iteration 326	Objective=-3372.233656816636	Time=6.798 seconds.	0.9999999979005417
Iteration 327	Objective=-3372.2336511474214	Time=6.892 seconds.	0.9999999983188547
Iteration 328	Objective=-3372.233644909699	Time=6.763 seconds.	0.9999999981502697
Iteration 329	Objective=-3372.233642434896	Time=6.788 seconds.	0.9999999992661236
Iteration 330	Objective=-3372.233639209769	Time=7.017 seconds.	0.9999999990436229
Iteration 331	Objective=-3372.2336374567853	Time=6.808 seconds.	0.9999999994801714
Iteration 332	Objective=-3372.233634419826	Time=6.801 seconds.	0.999999999099422
Iteration 333	Objective=-3372.233631661435	Time=7.411 seconds.	0.9999999991820285
Iteration 334	Objective=-3372.233629521562	Time=6.834 seconds.	0.9999999993654434
Iteration 335	Objective=-3372.233626630363	Time=6.802 seconds.	0.9999999991426457
Iteration 336	Objective=-3372.2336233673946	Time=6.808 seconds.	0.9999999990324014
Iteration 337	Objective=-3372.2336210593776	Time=6.887 seconds.	0.9999999993155821
Iteration 338	Objective=-3372.2336190884876	Time=6.889 seconds.	0.9999999994155535
Iteration 339	Objective=-3372.233618113244	Time=7.474 seconds.	0.9999999997108019
Iteration 340	Objective=-3372.233615971357	Time=6.847 seconds.	0.9999999993648461
Iteration 341	Objective=-3372.233613887912	Time=7.554 seconds.	0.9999999993821765
Iteration 342	Objective=-3372.2336126288224	Time=6.812 seconds.	0.9999999996266304
Iteration 343	Objective=-3372.2336109655325	Time=6.99 seconds.	0.9999999995067691
Iteration 344	Objective=-3372.233610393663	Time=6.934 seconds.	0.9999999998304182
Iteration 345	Objective=-3372.2336087471854	Time=7.528 seconds.	0.9999999995117546
Iteration 346	Objective=-3372.233608315567	Time=6.95 seconds.	0.9999999998720082
Iteration 347	Objective=-3372.23360755798	Time=7.552 seconds.	0.9999999997753457
Iteration 348	Objective=-3372.2336067756596	Time=6.828 seconds.	0.9999999997680111
Iteration 349	Objective=-3372.2336060851862	Time=6.853 seconds.	0.9999999997952475
Iteration 350	Objective=-3372.233604837394	Time=6.861 seconds.	0.9999999996299805
Iteration 351	Objective=-3372.233604095896	Time=7.533 seconds.	0.9999999997801167
Iteration 352	Objective=-3372.233603996712	Time=6.894 seconds.	0.9999999999705881
Iteration 353	Objective=-3372.2336028847462	Time=6.87 seconds.	0.9999999996702583
Iteration 354	Objective=-3372.2336027090096	Time=6.83 seconds.	0.9999999999478871
Iteration 355	Objective=-3372.233602450344	Time=7.408 seconds.	0.9999999999232955
Iteration 356	Objective=-3372.2336021979163	Time=6.9 seconds.	0.9999999999251453
Iteration 357	Objective=-3372.233602106099	Time=6.797 seconds.	0.9999999999727726
Iteration 358	Objective=-3372.233602156616	Time=5.24 seconds.	1.0000000000149802
Iteration 359	Objective=-3372.233602002436	Time=6.861 seconds.	0.9999999999542795
Iteration 360	Objective=-3372.233601909859	Time=6.941 seconds.	0.9999999999725473
Iteration 361	Objective=-3372.2336018198584	Time=7.446 seconds.	0.9999999999733113
Iteration 362	Objective=-3372.233601703026	Time=7.772 seconds.	0.9999999999653546
Iteration 363	Objective=-3372.233601461447	Time=7.362 seconds.	0.9999999999283623
Iteration 364	Objective=-3372.233601752457	Time=5.67 seconds.	1.0000000000862959
Iteration 365	Objective=-3372.23360136454	Time=7.175 seconds.	0.9999999998849672
Iteration 366	Objective=-3372.2336012848755	Time=7.173 seconds.	0.9999999999763763
Iteration 367	Objective=-3372.2336011836014	Time=6.75 seconds.	0.9999999999699682
Iteration 368	Objective=-3372.233601229146	Time=5.665 seconds.	1.0000000000135059
Iteration 369	Objective=-3372.2336011205643	Time=6.79 seconds.	0.9999999999678012
Iteration 370	Objective=-3372.2336010507656	Time=6.784 seconds.	0.9999999999793019
Iteration 371	Objective=-3372.233600985558	Time=6.725 seconds.	0.9999999999806634
Iteration 372	Objective=-3372.233600944617	Time=6.818 seconds.	0.9999999999878594
Iteration 373	Objective=-3372.2336008886537	Time=7.453 seconds.	0.9999999999834046
Iteration 374	Objective=-3372.233600795703	Time=6.72 seconds.	0.9999999999724364
Iteration 375	Objective=-3372.2336007452586	Time=6.87 seconds.	0.9999999999850413
Iteration 376	Objective=-3372.2336008208476	Time=5.256 seconds.	1.0000000000224152
Iteration 377	Objective=-3372.233600718934	Time=6.849 seconds.	0.9999999999697786
Iteration 378	Objective=-3372.2336006907176	Time=6.856 seconds.	0.9999999999916327
Iteration 379	Objective=-3372.233600660739	Time=6.82 seconds.	0.9999999999911101
Iteration 380	Objective=-3372.2336006528603	Time=6.77 seconds.	0.9999999999976638
Iteration 381	Objective=-3372.2336006080063	Time=6.768 seconds.	0.999999999986699
Iteration 382	Objective=-3372.2336005897328	Time=6.767 seconds.	0.9999999999945811
Iteration 383	Objective=-3372.233600576175	Time=6.811 seconds.	0.9999999999959795
Iteration 384	Objective=-3372.2336005728466	Time=6.892 seconds.	0.999999999999013
Iteration 385	Objective=-3372.233600555322	Time=6.833 seconds.	0.9999999999948033
Iteration 386	Objective=-3372.233600541045	Time=6.937 seconds.	0.9999999999957663
Iteration 387	Objective=-3372.233600521893	Time=7.447 seconds.	0.9999999999943208
Iteration 388	Objective=-3372.2336005032266	Time=7.375 seconds.	0.9999999999944647
Iteration 389	Objective=-3372.2336004989206	Time=7.181 seconds.	0.9999999999987231
Iteration 390	Objective=-3372.233600477162	Time=7.439 seconds.	0.9999999999935477
Iteration 391	Objective=-3372.2336004719846	Time=6.813 seconds.	0.9999999999984647
Iteration 392	Objective=-3372.2336004638764	Time=6.838 seconds.	0.9999999999975956
Iteration 393	Objective=-3372.2336004499252	Time=7.042 seconds.	0.999999999995863
Iteration 394	Objective=-3372.2336004439494	Time=6.818 seconds.	0.999999999998228
Iteration 395	Objective=-3372.2336004327635	Time=6.781 seconds.	0.999999999996683
Iteration 396	Objective=-3372.233600424034	Time=6.791 seconds.	0.9999999999974114
Iteration 397	Objective=-3372.2336004166555	Time=6.737 seconds.	0.9999999999978119
Iteration 398	Objective=-3372.2336004074727	Time=6.89 seconds.	0.999999999997277
Iteration 399	Objective=-3372.2336003998216	Time=6.781 seconds.	0.9999999999977311
Iteration 400	Objective=-3372.23360038958	Time=6.908 seconds.	0.9999999999969629
Iteration 401	Objective=-3372.2336003886685	Time=6.848 seconds.	0.9999999999997298
Iteration 402	Objective=-3372.233600376481	Time=7.048 seconds.	0.9999999999963859
Iteration 403	Objective=-3372.233600370614	Time=7.489 seconds.	0.9999999999982603
Iteration 404	Objective=-3372.233600365199	Time=6.799 seconds.	0.9999999999983942
Iteration 405	Objective=-3372.2336003572245	Time=6.941 seconds.	0.9999999999976352
Iteration 406	Objective=-3372.2336003655378	Time=5.768 seconds.	1.0000000000024651
Iteration 407	Objective=-3372.233600354372	Time=6.761 seconds.	0.9999999999966889
Iteration 408	Objective=-3372.2336003506643	Time=7.43 seconds.	0.9999999999989005
Iteration 409	Objective=-3372.233600345908	Time=6.785 seconds.	0.9999999999985896
Iteration 410	Objective=-3372.2336003639844	Time=5.808 seconds.	1.0000000000053604
Iteration 411	Objective=-3372.2336003434975	Time=6.998 seconds.	0.9999999999939249
Iteration 412	Objective=-3372.233600339247	Time=6.805 seconds.	0.9999999999987396
Iteration 413	Objective=-3372.2336003332466	Time=7.135 seconds.	0.9999999999982206
Iteration 414	Objective=-3372.2336003351015	Time=5.335 seconds.	1.00000000000055
Iteration 415	Objective=-3372.2336003293613	Time=6.828 seconds.	0.9999999999982978
Iteration 416	Objective=-3372.2336003238747	Time=6.797 seconds.	0.9999999999983731
Iteration 417	Objective=-3372.2336003209607	Time=6.826 seconds.	0.9999999999991359
Iteration 418	Objective=-3372.2336003176756	Time=7.414 seconds.	0.9999999999990259
Iteration 419	Objective=-3372.2336003148985	Time=6.922 seconds.	0.9999999999991764
Iteration 420	Objective=-3372.2336003133087	Time=6.996 seconds.	0.9999999999995286
Iteration 421	Objective=-3372.233600311046	Time=7.524 seconds.	0.999999999999329
Iteration 422	Objective=-3372.2336003092705	Time=6.944 seconds.	0.9999999999994735
Iteration 423	Objective=-3372.233600305135	Time=6.89 seconds.	0.9999999999987736
Iteration 424	Objective=-3372.2336003144574	Time=5.219 seconds.	1.0000000000027645
Iteration 425	Objective=-3372.2336003038063	Time=6.829 seconds.	0.9999999999968415
Iteration 426	Objective=-3372.233600301256	Time=7.435 seconds.	0.9999999999992437
Iteration 427	Objective=-3372.233600299937	Time=6.947 seconds.	0.9999999999996088
Iteration 428	Objective=-3372.2336002974203	Time=6.934 seconds.	0.9999999999992537
Iteration 429	Objective=-3372.233600294947	Time=6.989 seconds.	0.9999999999992666
Iteration 430	Objective=-3372.233600294041	Time=6.867 seconds.	0.9999999999997313
Iteration 431	Objective=-3372.233600292579	Time=6.752 seconds.	0.9999999999995665
Iteration 432	Objective=-3372.233600291358	Time=6.908 seconds.	0.999999999999638
Iteration 433	Objective=-3372.2336002909014	Time=7.632 seconds.	0.9999999999998647
Iteration 434	Objective=-3372.233600290641	Time=6.687 seconds.	0.9999999999999227
Iteration 435	Objective=-3372.2336002891875	Time=6.783 seconds.	0.999999999999569
Iteration 436	Objective=-3372.233600288608	Time=6.852 seconds.	0.9999999999998282
Iteration 437	Objective=-3372.233600288138	Time=6.982 seconds.	0.9999999999998606
Iteration 438	Objective=-3372.233600287439	Time=6.907 seconds.	0.9999999999997927
Iteration 439	Objective=-3372.2336002869843	Time=6.858 seconds.	0.9999999999998651
Iteration 440	Objective=-3372.233600286324	Time=6.996 seconds.	0.9999999999998042
Iteration 441	Objective=-3372.233600285849	Time=7.012 seconds.	0.9999999999998592
Iteration 442	Objective=-3372.2336002860234	Time=5.328 seconds.	1.0000000000000517
Iteration 443	Objective=-3372.2336002859415	Time=5.16 seconds.	0.9999999999999757
Iteration 444	Objective=-3372.2336002858424	Time=6.917 seconds.	0.9999999999999706
Iteration 445	Objective=-3372.233600285174	Time=6.928 seconds.	0.9999999999998018
Iteration 446	Objective=-3372.233600284858	Time=6.908 seconds.	0.9999999999999063
Iteration 447	Objective=-3372.2336002844995	Time=6.776 seconds.	0.9999999999998938
Iteration 448	Objective=-3372.2336002840316	Time=7.65 seconds.	0.9999999999998612
Iteration 449	Objective=-3372.2336002835664	Time=6.789 seconds.	0.999999999999862
Iteration 450	Objective=-3372.2336002836078	Time=5.205 seconds.	1.0000000000000122
Iteration 451	Objective=-3372.2336002835905	Time=5.62 seconds.	0.9999999999999949
Iteration 452	Objective=-3372.233600283694	Time=5.26 seconds.	1.0000000000000306
Iteration 453	Objective=-3372.233600283576	Time=5.277 seconds.	0.9999999999999649
Iteration 454	Objective=-3372.233600283573	Time=5.728 seconds.	0.9999999999999992
Iteration 455	Objective=-3372.2336002835664	Time=5.4 seconds.	0.999999999999998
Iteration 456	Objective=-3372.2336002835705	Time=5.286 seconds.	1.000000000000001
Iteration 457	Objective=-3372.2336002835664	Time=5.248 seconds.	0.9999999999999988
Iteration 458	Objective=-3372.2336002835664	Time=5.207 seconds.	1.0
Iteration 459	Objective=-3372.233600283568	Time=5.22 seconds.	1.0000000000000004
Iteration 460	Objective=-3372.2336002835664	Time=5.239 seconds.	0.9999999999999994
Iteration 461	Objective=-3372.2336002835705	Time=5.498 seconds.	1.000000000000001
Iteration 462	Objective=-3372.2336002835664	Time=5.155 seconds.	0.9999999999999988
Iteration 463	Objective=-3372.2336002835664	Time=5.138 seconds.	1.0
Iteration 464	Objective=-3372.233600283572	Time=5.207 seconds.	1.0000000000000016
Iteration 465	Objective=-3372.2336002835664	Time=5.633 seconds.	0.9999999999999983
Iteration 466	Objective=-3372.233600283568	Time=5.193 seconds.	1.0000000000000004
Iteration 467	Objective=-3372.2336002835664	Time=5.31 seconds.	0.9999999999999994
Iteration 468	Objective=-3372.2336002835664	Time=5.246 seconds.	1.0
Iteration 469	Objective=-3372.2336002835673	Time=5.742 seconds.	1.0000000000000002
Iteration 470	Objective=-3372.2336002835664	Time=5.204 seconds.	0.9999999999999998
Iteration 471	Objective=-3372.2336002835664	Time=5.158 seconds.	1.0
Iteration 472	Objective=-3372.233600283568	Time=5.26 seconds.	1.0000000000000004
Iteration 473	Objective=-3372.2336002835664	Time=5.695 seconds.	0.9999999999999994
Iteration 474	Objective=-3372.2336002835664	Time=5.318 seconds.	1.0
Iteration 475	Objective=-3372.2336002835705	Time=5.275 seconds.	1.000000000000001
Iteration 476	Objective=-3372.2336002835664	Time=5.694 seconds.	0.9999999999999988
Iteration 477	Objective=-3372.2336002835664	Time=5.295 seconds.	1.0
Iteration 478	Objective=-3372.233600283566	Time=5.569 seconds.	0.9999999999999999
Iteration 479	Objective=-3372.233600283566	Time=5.623 seconds.	1.0
Iteration 480	Objective=-3372.233600283566	Time=5.261 seconds.	1.0
Iteration 481	Objective=-3372.233600283568	Time=5.302 seconds.	1.0000000000000007
Iteration 482	Objective=-3372.233600283566	Time=5.719 seconds.	0.9999999999999993
Iteration 483	Objective=-3372.233600283566	Time=5.171 seconds.	1.0
Iteration 484	Objective=-3372.233600283567	Time=5.374 seconds.	1.0000000000000002
Iteration 485	Objective=-3372.233600283566	Time=5.211 seconds.	0.9999999999999998
Iteration 486	Objective=-3372.233600283566	Time=5.408 seconds.	1.0
Iteration 487	Objective=-3372.233600283568	Time=5.491 seconds.	1.0000000000000007
Iteration 488	Objective=-3372.233600283566	Time=5.755 seconds.	0.9999999999999993
Iteration 489	Objective=-3372.233600283566	Time=5.335 seconds.	1.0
Iteration 490	Objective=-3372.2336002835686	Time=5.329 seconds.	1.0000000000000009
Iteration 491	Objective=-3372.233600283566	Time=5.639 seconds.	0.9999999999999992
Iteration 492	Objective=-3372.233600283566	Time=5.252 seconds.	1.0
Iteration 493	Objective=-3372.2336002835664	Time=5.38 seconds.	1.0000000000000002
Iteration 494	Objective=-3372.233600283566	Time=5.192 seconds.	0.9999999999999999
Iteration 495	Objective=-3372.233600283566	Time=5.198 seconds.	1.0
Iteration 496	Objective=-3372.233600283566	Time=5.256 seconds.	1.0
Iteration 497	Objective=-3372.2336002835664	Time=5.696 seconds.	1.0000000000000002
Iteration 498	Objective=-3372.233600283566	Time=5.159 seconds.	0.9999999999999999
Iteration 499	Objective=-3372.233600283566	Time=5.604 seconds.	1.0
#threads:36
#instances=1058
Thread 0 has 30 instances.
Thread 1 has 30 instances.
Thread 2 has 30 instances.
Thread 3 has 30 instances.
Thread 4 has 30 instances.
Thread 5 has 30 instances.
Thread 6 has 30 instances.
Thread 7 has 30 instances.
Thread 8 has 30 instances.
Thread 9 has 30 instances.
Thread 10 has 30 instances.
Thread 11 has 30 instances.
Thread 12 has 30 instances.
Thread 13 has 30 instances.
Thread 14 has 29 instances.
Thread 15 has 29 instances.
Thread 16 has 29 instances.
Thread 17 has 29 instances.
Thread 18 has 29 instances.
Thread 19 has 29 instances.
Thread 20 has 29 instances.
Thread 21 has 29 instances.
Thread 22 has 29 instances.
Thread 23 has 29 instances.
Thread 24 has 29 instances.
Thread 25 has 29 instances.
Thread 26 has 29 instances.
Thread 27 has 29 instances.
Thread 28 has 29 instances.
Thread 29 has 29 instances.
Thread 30 has 29 instances.
Thread 31 has 29 instances.
Thread 32 has 29 instances.
Thread 33 has 29 instances.
Thread 34 has 29 instances.
Thread 35 has 29 instances.
Okay. Decoding started.
Decoding time for thread 11 = 40.176 secs.
Decoding time for thread 12 = 40.356 secs.
Decoding time for thread 1 = 40.441 secs.
Decoding time for thread 24 = 40.687 secs.
Decoding time for thread 21 = 41.065 secs.
Decoding time for thread 8 = 41.177 secs.
Decoding time for thread 22 = 41.179 secs.
Decoding time for thread 4 = 41.188 secs.
Decoding time for thread 35 = 41.287 secs.
Decoding time for thread 31 = 41.728 secs.
Decoding time for thread 6 = 41.988 secs.
Decoding time for thread 33 = 42.081 secs.
Decoding time for thread 15 = 42.205 secs.
Decoding time for thread 30 = 42.252 secs.
Decoding time for thread 26 = 42.338 secs.
Decoding time for thread 3 = 42.474 secs.
Decoding time for thread 25 = 42.602 secs.
Decoding time for thread 17 = 42.69 secs.
Decoding time for thread 23 = 43.994 secs.
Decoding time for thread 5 = 44.389 secs.
Decoding time for thread 28 = 44.439 secs.
Decoding time for thread 14 = 44.478 secs.
Decoding time for thread 9 = 44.661 secs.
Decoding time for thread 34 = 44.717 secs.
Decoding time for thread 10 = 44.86 secs.
Decoding time for thread 32 = 44.861 secs.
Decoding time for thread 13 = 44.888 secs.
Decoding time for thread 2 = 45.518 secs.
Decoding time for thread 19 = 45.627 secs.
Decoding time for thread 16 = 45.711 secs.
Decoding time for thread 7 = 45.715 secs.
Decoding time for thread 0 = 46.427 secs.
Decoding time for thread 27 = 47.856 secs.
Decoding time for thread 18 = 48.068 secs.
Decoding time for thread 20 = 52.973 secs.
Decoding time for thread 29 = 58.286 secs.
Okay. Decoding done.
Overall decoding time = 58.291 secs.
****
[Dependency] Correct: 19189
[Dependency] total: 21644
[Dependency] UAS: 0.8865736462761042
****
