Picked up _JAVA_OPTIONS: -Xmx256000m
[Info] trainNum: -1
[Info] testNum: -1
[Info] numIter: 3000
[Info] numThreads: 63
[Info] Regularization Parameter: 0.1
[Info] Using development set??: false
[Info] Current Model:SegDep
[Info] train path: data/allanprocess/nbc/train.conllx
[Info] testFile: data/allanprocess/nbc/test.conllx
[Info] dpRes: data/allanprocess/nbc/output/SegDep.test.dp.res.txt
[Info] ner eval: data/allanprocess/nbc/output/SegDep.test.ner.eval.txt
[Info] joint Res: data/allanprocess/nbc/output/SegDep.test.joint.res.txt
[Info] number of train instances:475
[Info] max sentence length: 93
[Info] max entity length: 8
[Info] number of test instances:161
[Info] max sentence length: 69
[Info] max entity length: 6
The label set: {0=O(0), 1=organization(1), 2=MISC(2), 3=person(3), 4=gpe(4), 5=EMPTY(5)}
Capacity successfully set to: [500, 500, 5, 5, 10]
#instances=475
Thread 0 has 16 instances.
Thread 1 has 16 instances.
Thread 2 has 16 instances.
Thread 3 has 16 instances.
Thread 4 has 16 instances.
Thread 5 has 16 instances.
Thread 6 has 16 instances.
Thread 7 has 16 instances.
Thread 8 has 16 instances.
Thread 9 has 16 instances.
Thread 10 has 16 instances.
Thread 11 has 16 instances.
Thread 12 has 16 instances.
Thread 13 has 16 instances.
Thread 14 has 16 instances.
Thread 15 has 16 instances.
Thread 16 has 16 instances.
Thread 17 has 16 instances.
Thread 18 has 16 instances.
Thread 19 has 16 instances.
Thread 20 has 16 instances.
Thread 21 has 16 instances.
Thread 22 has 16 instances.
Thread 23 has 16 instances.
Thread 24 has 16 instances.
Thread 25 has 16 instances.
Thread 26 has 16 instances.
Thread 27 has 16 instances.
Thread 28 has 16 instances.
Thread 29 has 16 instances.
Thread 30 has 16 instances.
Thread 31 has 16 instances.
Thread 32 has 16 instances.
Thread 33 has 16 instances.
Thread 34 has 14 instances.
Thread 35 has 14 instances.
Thread 36 has 14 instances.
Thread 37 has 14 instances.
Thread 38 has 14 instances.
Thread 39 has 14 instances.
Thread 40 has 14 instances.
Thread 41 has 14 instances.
Thread 42 has 14 instances.
Thread 43 has 14 instances.
Thread 44 has 14 instances.
Thread 45 has 14 instances.
Thread 46 has 14 instances.
Thread 47 has 14 instances.
Thread 48 has 14 instances.
Thread 49 has 14 instances.
Thread 50 has 14 instances.
Thread 51 has 14 instances.
Thread 52 has 14 instances.
Thread 53 has 14 instances.
Thread 54 has 14 instances.
Thread 55 has 14 instances.
Thread 56 has 14 instances.
Thread 57 has 14 instances.
Thread 58 has 14 instances.
Thread 59 has 14 instances.
Thread 60 has 14 instances.
Thread 61 has 14 instances.
Thread 62 has 14 instances.
...............................................................44701 nodes..

Thread 35 touch time: 6.036 secs.

Thread 50 touch time: 7.743 secs.

Thread 21 touch time: 8.465 secs.

Thread 55 touch time: 9.041 secs.

Thread 45 touch time: 9.317 secs.

Thread 37 touch time: 9.542 secs.

Thread 26 touch time: 10.303 secs.

Thread 52 touch time: 11.301 secs.

Thread 1 touch time: 11.416 secs.

Thread 56 touch time: 12.958 secs.

Thread 13 touch time: 13.159 secs.

Thread 34 touch time: 13.308 secs.

Thread 30 touch time: 13.466 secs.

Thread 33 touch time: 13.508 secs.

Thread 58 touch time: 13.819 secs.

Thread 17 touch time: 14.079 secs.

Thread 25 touch time: 14.242 secs.

Thread 57 touch time: 15.448 secs.

Thread 29 touch time: 15.917 secs.

Thread 44 touch time: 16.375 secs.

Thread 54 touch time: 16.61 secs.

Thread 8 touch time: 16.734 secs.

Thread 19 touch time: 16.984 secs.

Thread 3 touch time: 17.133 secs.

Thread 48 touch time: 17.151 secs.

Thread 14 touch time: 17.965 secs.

Thread 24 touch time: 18.014 secs.

Thread 0 touch time: 18.751 secs.

Thread 20 touch time: 18.872 secs.

Thread 9 touch time: 19.079 secs.

Thread 27 touch time: 19.387 secs.

Thread 18 touch time: 19.828 secs.

Thread 49 touch time: 20.211 secs.

Thread 4 touch time: 20.292 secs.

Thread 22 touch time: 23.618 secs.

Thread 5 touch time: 23.705 secs.

Thread 53 touch time: 23.671 secs.

Thread 42 touch time: 23.71 secs.

Thread 6 touch time: 23.895 secs.

Thread 23 touch time: 23.968 secs.

Thread 39 touch time: 24.362 secs.

Thread 61 touch time: 24.35 secs.

Thread 31 touch time: 24.491 secs.

Thread 38 touch time: 24.563 secs.

Thread 47 touch time: 24.557 secs.

Thread 62 touch time: 24.817 secs.

Thread 15 touch time: 24.976 secs.

Thread 10 touch time: 25.009 secs.

Thread 46 touch time: 25.116 secs.

Thread 16 touch time: 26.568 secs.

Thread 51 touch time: 26.644 secs.

Thread 32 touch time: 26.868 secs.

Thread 36 touch time: 27.674 secs.

Thread 40 touch time: 28.429 secs.

Thread 28 touch time: 28.894 secs.

Thread 11 touch time: 30.486 secs.

Thread 2 touch time: 32.139 secs.

Thread 60 touch time: 34.062 secs.

Thread 59 touch time: 37.064 secs.

Thread 41 touch time: 41.682 secs.

Thread 43 touch time: 42.364 secs.

Thread 12 touch time: 45.061 secs.

Thread 7 touch time: 50.798 secs.
Finalized local param. size:149122
Finalized local param. size:120736
Finalized local param. size:216042
Finalized local param. size:130941
Finalized local param. size:175861
Finalized local param. size:195632
Finalized local param. size:199762
Finalized local param. size:327897
Finalized local param. size:161977
Finalized local param. size:172033
Finalized local param. size:181667
Finalized local param. size:224540
Finalized local param. size:294501
Finalized local param. size:133057
Finalized local param. size:144468
Finalized local param. size:160213
Finalized local param. size:221226
Finalized local param. size:136146
Finalized local param. size:164089
Finalized local param. size:175609
Finalized local param. size:161285
Finalized local param. size:91797
Finalized local param. size:153973
Finalized local param. size:175565
Finalized local param. size:152326
Finalized local param. size:153089
Finalized local param. size:99692
Finalized local param. size:185913
Finalized local param. size:238421
Finalized local param. size:114587
Finalized local param. size:124587
Finalized local param. size:198830
Finalized local param. size:161865
Finalized local param. size:127904
Finalized local param. size:107690
Finalized local param. size:67332
Finalized local param. size:177330
Finalized local param. size:99387
Finalized local param. size:187713
Finalized local param. size:121479
Finalized local param. size:182809
Finalized local param. size:242133
Finalized local param. size:159195
Finalized local param. size:388449
Finalized local param. size:137972
Finalized local param. size:96031
Finalized local param. size:145208
Finalized local param. size:141082
Finalized local param. size:137827
Finalized local param. size:173341
Finalized local param. size:82464
Finalized local param. size:199283
Finalized local param. size:86225
Finalized local param. size:152287
Finalized local param. size:155249
Finalized local param. size:100750
Finalized local param. size:136498
Finalized local param. size:113969
Finalized local param. size:102984
Finalized local param. size:261814
Finalized local param. size:266124
Finalized local param. size:153906
Finalized local param. size:185877
4335684 features.
*************************************************
  n = 4335684   number of corrections = 4
       initial values
 f =  14635.853510783258   gnorm =  6858.396139347116
*************************************************
	i	nfn	func			gnorm			steplength
Iteration 0: Obj=-14635.853510783258 Time=1.626s 0.000000000000 Total time: 1.629s
	1	2	10967.200395697871	3400.696697283036	1.458066841987921E-4
Iteration 1: Obj=-10967.200395697871 Time=1.500s 0.749337945178 Total time: 3.134s
Iteration 2: Obj=-8741.720041424410 Time=1.478s 0.797078536547 Total time: 4.613s
Iteration 3: Obj=-6568.751125099300 Time=1.348s 0.751425473931 Total time: 5.963s
Iteration 4: Obj=-5865.750174033822 Time=1.397s 0.892977989624 Total time: 7.362s
Iteration 5: Obj=-4703.528407834884 Time=1.467s 0.801863064107 Total time: 8.830s
Iteration 6: Obj=-4451.959962410945 Time=1.449s 0.946514951413 Total time: 10.280s
Iteration 7: Obj=-3859.713555016856 Time=1.398s 0.866969511767 Total time: 11.680s
Iteration 8: Obj=-3015.348367367013 Time=1.367s 0.781236307924 Total time: 13.048s
Iteration 9: Obj=-2276.676552909422 Time=1.429s 0.755029361631 Total time: 14.480s
Iteration 10: Obj=-1727.814652537490 Time=1.451s 0.758919685069 Total time: 15.933s
Iteration 11: Obj=-1297.469849367012 Time=1.389s 0.750931153097 Total time: 17.323s
Iteration 12: Obj=-1042.469372179844 Time=1.401s 0.803463273300 Total time: 18.726s
Iteration 13: Obj=-835.287830652928  Time=1.438s 0.801258869511 Total time: 20.165s
Iteration 14: Obj=-695.981706555603  Time=1.391s 0.833223807429 Total time: 21.557s
Iteration 15: Obj=-637.401172616725  Time=1.388s 0.915830353891 Total time: 22.948s
Iteration 16: Obj=-585.298918084695  Time=1.414s 0.918258301411 Total time: 24.363s
Iteration 17: Obj=-551.293926682810  Time=1.337s 0.941901496225 Total time: 25.701s
Iteration 18: Obj=-529.688487378298  Time=1.351s 0.960809582223 Total time: 27.053s
Iteration 19: Obj=-507.988992954916  Time=1.394s 0.959033479223 Total time: 28.448s
Iteration 20: Obj=-494.518611308947  Time=1.401s 0.973482926141 Total time: 29.850s
Iteration 21: Obj=-478.245136415388  Time=1.416s 0.967092290317 Total time: 31.268s
Iteration 22: Obj=-484.580125436761  Time=1.051s 1.013246321894 Total time: 32.320s
Iteration 23: Obj=-471.276878926097  Time=1.371s 0.972546858997 Total time: 33.692s
Iteration 24: Obj=-462.422991198572  Time=1.414s 0.981212980896 Total time: 35.107s
Iteration 25: Obj=-455.799572394808  Time=1.346s 0.985676709571 Total time: 36.454s
Iteration 26: Obj=-445.397215768869  Time=1.443s 0.977177783272 Total time: 37.898s
Iteration 27: Obj=-430.270644026061  Time=1.376s 0.966038019082 Total time: 39.275s
Iteration 28: Obj=-414.302233188785  Time=1.331s 0.962887519614 Total time: 40.607s
Iteration 29: Obj=-406.211964997592  Time=1.441s 0.980472545057 Total time: 42.049s
Iteration 30: Obj=-392.861570296828  Time=1.325s 0.967134412939 Total time: 43.375s
Iteration 31: Obj=-414.445258122307  Time=1.148s 1.054939677121 Total time: 44.524s
Iteration 32: Obj=-385.443016441412  Time=1.364s 0.930021538159 Total time: 45.889s
Iteration 33: Obj=-374.307316046394  Time=1.340s 0.971109347115 Total time: 47.230s
Iteration 34: Obj=-363.954178773156  Time=1.424s 0.972340542572 Total time: 48.655s
Iteration 35: Obj=-350.888611404813  Time=1.335s 0.964101065106 Total time: 49.991s
Iteration 36: Obj=-338.208735269515  Time=1.334s 0.963863528986 Total time: 51.326s
Iteration 37: Obj=-330.761046740802  Time=1.323s 0.977979017831 Total time: 52.650s
Iteration 38: Obj=-322.704737036423  Time=1.320s 0.975643112199 Total time: 53.971s
Iteration 39: Obj=-307.327966421379  Time=1.021s 0.952350341193 Total time: 54.994s
Iteration 40: Obj=-298.334222591201  Time=1.423s 0.970735680404 Total time: 56.419s
Iteration 41: Obj=-336.339387407272  Time=1.121s 1.127391234187 Total time: 57.542s
Iteration 42: Obj=-285.980383067533  Time=1.431s 0.850273247127 Total time: 58.974s
Iteration 43: Obj=-284.922382872233  Time=1.000s 0.996300444863 Total time: 59.976s
Iteration 44: Obj=-278.158950118960  Time=1.331s 0.976262192233 Total time: 61.308s
Iteration 45: Obj=-274.626815421675  Time=1.372s 0.987301739902 Total time: 62.681s
Iteration 46: Obj=-269.825115181082  Time=1.329s 0.982515544838 Total time: 64.011s
Iteration 47: Obj=-255.507270752361  Time=1.326s 0.946936576237 Total time: 65.339s
Iteration 48: Obj=-241.261584526890  Time=1.600s 0.944245476133 Total time: 66.940s
Iteration 49: Obj=-227.538594643433  Time=1.433s 0.943119871693 Total time: 68.374s
Iteration 50: Obj=-218.955660891377  Time=1.426s 0.962279217882 Total time: 69.802s
Iteration 51: Obj=-211.161405520213  Time=1.464s 0.964402585713 Total time: 71.267s
Iteration 52: Obj=-207.833643661373  Time=1.391s 0.984240671961 Total time: 72.660s
Iteration 53: Obj=-255.162721953889  Time=1.045s 1.227725778458 Total time: 73.707s
Iteration 54: Obj=-199.689747176159  Time=1.405s 0.782597652381 Total time: 75.113s
Iteration 55: Obj=-190.857108254269  Time=1.393s 0.955768190171 Total time: 76.507s
Iteration 56: Obj=-182.120350169799  Time=1.487s 0.954223564611 Total time: 77.996s
Iteration 57: Obj=-174.813173447329  Time=1.400s 0.959877209133 Total time: 79.397s
Iteration 58: Obj=-168.079507883321  Time=1.405s 0.961480788712 Total time: 80.803s
Iteration 59: Obj=-163.155250322076  Time=1.079s 0.970702808312 Total time: 81.883s
Iteration 60: Obj=-162.030340263719  Time=1.351s 0.993105278217 Total time: 83.234s
Iteration 61: Obj=-160.615095624779  Time=1.073s 0.991265557817 Total time: 84.308s
Iteration 62: Obj=-156.969843642077  Time=1.350s 0.977304424789 Total time: 85.659s
Iteration 63: Obj=-157.404813436354  Time=1.034s 1.002771040502 Total time: 86.694s
Iteration 64: Obj=-151.181801257354  Time=1.369s 0.960464918174 Total time: 88.064s
Iteration 65: Obj=-146.992621774005  Time=1.383s 0.972290451308 Total time: 89.448s
Iteration 66: Obj=-143.828051715421  Time=1.380s 0.978471231954 Total time: 90.829s
Iteration 67: Obj=-140.082866273986  Time=1.425s 0.973960674592 Total time: 92.255s
Iteration 68: Obj=-136.804785155697  Time=1.086s 0.976598985975 Total time: 93.342s
Iteration 69: Obj=-136.210163583739  Time=1.351s 0.995653503119 Total time: 94.694s
Iteration 70: Obj=-232.279988746852  Time=1.027s 1.705305849692 Total time: 95.721s
Iteration 71: Obj=-131.359668046165  Time=1.394s 0.565522965430 Total time: 97.116s
Iteration 72: Obj=-212.888817562077  Time=1.024s 1.620655873516 Total time: 98.140s
Iteration 73: Obj=-128.932021028443  Time=1.419s 0.605630781856 Total time: 99.560s
Iteration 74: Obj=-147.971697584302  Time=1.156s 1.147672210549 Total time: 100.716s
Iteration 75: Obj=-125.779858603657  Time=1.360s 0.850026462202 Total time: 102.077s
Iteration 76: Obj=-130.342903987556  Time=1.099s 1.036278029206 Total time: 103.177s
Iteration 77: Obj=-123.004232728796  Time=1.334s 0.943697193831 Total time: 104.512s
Iteration 78: Obj=-121.419522026951  Time=1.443s 0.987116616504 Total time: 105.955s
Iteration 79: Obj=-119.403895499717  Time=1.329s 0.983399485572 Total time: 107.284s
Iteration 80: Obj=-118.369657603793  Time=1.361s 0.991338323665 Total time: 108.646s
Iteration 81: Obj=-117.523372327493  Time=1.354s 0.992850488094 Total time: 110.001s
Iteration 82: Obj=-117.051540565099  Time=1.345s 0.995985209129 Total time: 111.348s
Iteration 83: Obj=-115.597157669082  Time=1.334s 0.987574850455 Total time: 112.683s
Iteration 84: Obj=-114.386898360385  Time=1.349s 0.989530371394 Total time: 114.033s
Iteration 85: Obj=-113.529925610322  Time=1.419s 0.992508121451 Total time: 115.453s
Iteration 86: Obj=-113.248227857984  Time=1.425s 0.997518735692 Total time: 116.879s
Iteration 87: Obj=-118.937478097942  Time=1.033s 1.050236991320 Total time: 117.913s
Iteration 88: Obj=-112.215339511708  Time=1.367s 0.943481746093 Total time: 119.281s
Iteration 89: Obj=-111.368333857251  Time=1.372s 0.992451961932 Total time: 120.654s
Iteration 90: Obj=-110.873506506047  Time=1.425s 0.995556839776 Total time: 122.080s
Iteration 91: Obj=-110.386414252689  Time=1.423s 0.995606775066 Total time: 123.504s
Iteration 92: Obj=-110.541709709370  Time=1.036s 1.001406834869 Total time: 124.541s
Iteration 93: Obj=-110.025422382256  Time=1.436s 0.995329479447 Total time: 125.978s
Iteration 94: Obj=-109.709980013564  Time=1.366s 0.997133004701 Total time: 127.346s
Iteration 95: Obj=-109.419722201116  Time=1.387s 0.997354317151 Total time: 128.734s
Iteration 96: Obj=-109.046078284384  Time=1.381s 0.996585223311 Total time: 130.116s
Iteration 97: Obj=-108.783154973006  Time=1.370s 0.997588878798 Total time: 131.488s
Iteration 98: Obj=-108.558840890237  Time=1.402s 0.997937970425 Total time: 132.891s
Iteration 99: Obj=-108.399235677704  Time=1.379s 0.998529781534 Total time: 134.271s
Iteration 100: Obj=-108.264633320506  Time=1.386s 0.998758272082 Total time: 135.658s
Iteration 101: Obj=-108.103394540122  Time=1.373s 0.998510697580 Total time: 137.032s
Iteration 102: Obj=-108.051840173970  Time=1.373s 0.999523101320 Total time: 138.406s
Iteration 103: Obj=-107.925799461104  Time=1.376s 0.998833516276 Total time: 139.783s
Iteration 104: Obj=-107.880306083274  Time=1.364s 0.999578475415 Total time: 141.148s
Iteration 105: Obj=-107.795608542530  Time=1.375s 0.999214893396 Total time: 142.524s
Iteration 106: Obj=-107.698059245580  Time=1.357s 0.999095053145 Total time: 143.882s
Iteration 107: Obj=-107.688207812823  Time=1.073s 0.999908527295 Total time: 144.956s
Iteration 108: Obj=-107.641471614926  Time=1.376s 0.999566004497 Total time: 146.333s
Iteration 109: Obj=-107.582292259172  Time=1.377s 0.999450217887 Total time: 147.711s
Iteration 110: Obj=-107.540876294697  Time=1.400s 0.999615029912 Total time: 149.113s
Iteration 111: Obj=-107.512839311911  Time=1.364s 0.999739289991 Total time: 150.477s
Iteration 112: Obj=-107.473131609005  Time=1.401s 0.999630670131 Total time: 151.878s
Iteration 113: Obj=-107.422513990349  Time=1.369s 0.999529020715 Total time: 153.248s
Iteration 114: Obj=-107.389276197086  Time=1.431s 0.999690588201 Total time: 154.679s
Iteration 115: Obj=-107.368924564416  Time=1.380s 0.999810487291 Total time: 156.060s
Iteration 116: Obj=-107.355556971368  Time=1.428s 0.999875498492 Total time: 157.488s
Iteration 117: Obj=-107.340392368831  Time=1.369s 0.999858744131 Total time: 158.859s
Iteration 118: Obj=-107.323368639941  Time=1.367s 0.999841404261 Total time: 160.227s
Iteration 119: Obj=-107.308940222949  Time=1.387s 0.999865561274 Total time: 161.614s
Iteration 120: Obj=-107.300549325616  Time=1.394s 0.999921806167 Total time: 163.008s
Iteration 121: Obj=-107.302763229332  Time=1.025s 1.000020632734 Total time: 164.034s
Iteration 122: Obj=-107.295790343610  Time=1.418s 0.999935016718 Total time: 165.453s
Iteration 123: Obj=-107.290315124942  Time=1.383s 0.999948970797 Total time: 166.837s
Iteration 124: Obj=-107.280615986535  Time=1.367s 0.999909599125 Total time: 168.205s
Training completes. No significant progress (<objtol) after 124 iterations.
*****Evaluation*****
#threads:63
#instances=161
Thread 0 has 3 instances.
Thread 1 has 3 instances.
Thread 2 has 3 instances.
Thread 3 has 3 instances.
Thread 4 has 3 instances.
Thread 5 has 3 instances.
Thread 6 has 3 instances.
Thread 7 has 3 instances.
Thread 8 has 3 instances.
Thread 9 has 3 instances.
Thread 10 has 3 instances.
Thread 11 has 3 instances.
Thread 12 has 3 instances.
Thread 13 has 3 instances.
Thread 14 has 3 instances.
Thread 15 has 3 instances.
Thread 16 has 3 instances.
Thread 17 has 3 instances.
Thread 18 has 3 instances.
Thread 19 has 3 instances.
Thread 20 has 3 instances.
Thread 21 has 3 instances.
Thread 22 has 3 instances.
Thread 23 has 3 instances.
Thread 24 has 3 instances.
Thread 25 has 3 instances.
Thread 26 has 3 instances.
Thread 27 has 3 instances.
Thread 28 has 3 instances.
Thread 29 has 3 instances.
Thread 30 has 3 instances.
Thread 31 has 3 instances.
Thread 32 has 3 instances.
Thread 33 has 3 instances.
Thread 34 has 3 instances.
Thread 35 has 2 instances.
Thread 36 has 2 instances.
Thread 37 has 2 instances.
Thread 38 has 2 instances.
Thread 39 has 2 instances.
Thread 40 has 2 instances.
Thread 41 has 2 instances.
Thread 42 has 2 instances.
Thread 43 has 2 instances.
Thread 44 has 2 instances.
Thread 45 has 2 instances.
Thread 46 has 2 instances.
Thread 47 has 2 instances.
Thread 48 has 2 instances.
Thread 49 has 2 instances.
Thread 50 has 2 instances.
Thread 51 has 2 instances.
Thread 52 has 2 instances.
Thread 53 has 2 instances.
Thread 54 has 2 instances.
Thread 55 has 2 instances.
Thread 56 has 2 instances.
Thread 57 has 2 instances.
Thread 58 has 2 instances.
Thread 59 has 2 instances.
Thread 60 has 2 instances.
Thread 61 has 2 instances.
Thread 62 has 2 instances.
Okay. Decoding started.
Decoding time for thread 61 = 0.503 secs.
Decoding time for thread 41 = 0.582 secs.
Decoding time for thread 48 = 0.6 secs.
Decoding time for thread 49 = 0.617 secs.
Decoding time for thread 26 = 0.636 secs.
Decoding time for thread 44 = 0.654 secs.
Decoding time for thread 21 = 0.717 secs.
Decoding time for thread 25 = 0.755 secs.
Decoding time for thread 22 = 0.765 secs.
Decoding time for thread 56 = 0.802 secs.
Decoding time for thread 24 = 0.815 secs.
Decoding time for thread 47 = 0.837 secs.
Decoding time for thread 53 = 0.843 secs.
Decoding time for thread 39 = 0.895 secs.
Decoding time for thread 34 = 0.91 secs.
Decoding time for thread 19 = 0.92 secs.
Decoding time for thread 45 = 0.929 secs.
Decoding time for thread 23 = 0.991 secs.
Decoding time for thread 18 = 1.004 secs.
Decoding time for thread 5 = 1.028 secs.
Decoding time for thread 15 = 1.03 secs.
Decoding time for thread 20 = 1.042 secs.
Decoding time for thread 33 = 1.06 secs.
Decoding time for thread 55 = 1.071 secs.
Decoding time for thread 27 = 1.08 secs.
Decoding time for thread 60 = 1.084 secs.
Decoding time for thread 29 = 1.186 secs.
Decoding time for thread 62 = 1.208 secs.
Decoding time for thread 37 = 1.243 secs.
Decoding time for thread 12 = 1.261 secs.
Decoding time for thread 58 = 1.257 secs.
Decoding time for thread 50 = 1.314 secs.
Decoding time for thread 43 = 1.333 secs.
Decoding time for thread 35 = 1.355 secs.
Decoding time for thread 9 = 1.408 secs.
Decoding time for thread 52 = 1.41 secs.
Decoding time for thread 13 = 1.427 secs.
Decoding time for thread 1 = 1.453 secs.
Decoding time for thread 42 = 1.48 secs.
Decoding time for thread 59 = 1.489 secs.
Decoding time for thread 54 = 1.565 secs.
Decoding time for thread 36 = 5.057 secs.
Decoding time for thread 30 = 5.073 secs.
Decoding time for thread 16 = 5.108 secs.
Decoding time for thread 7 = 5.186 secs.
Decoding time for thread 32 = 5.231 secs.
Decoding time for thread 40 = 5.306 secs.
Decoding time for thread 31 = 5.328 secs.
Decoding time for thread 51 = 5.392 secs.
Decoding time for thread 38 = 5.644 secs.
Decoding time for thread 17 = 5.679 secs.
Decoding time for thread 10 = 5.736 secs.
Decoding time for thread 6 = 5.812 secs.
Decoding time for thread 11 = 5.833 secs.
Decoding time for thread 46 = 6.382 secs.
Decoding time for thread 28 = 6.528 secs.
Decoding time for thread 57 = 6.805 secs.
Decoding time for thread 4 = 6.982 secs.
Decoding time for thread 3 = 11.24 secs.
Decoding time for thread 14 = 11.556 secs.
Decoding time for thread 0 = 12.003 secs.
Decoding time for thread 2 = 12.721 secs.
Decoding time for thread 8 = 13.669 secs.
Okay. Decoding done.
Overall decoding time = 13.673 secs.
**Evaluating Dependency Result**
[Dependency] Correct: 2326
[Dependency] total: 3191
[Dependency] UAS: 72.89
[Dependency] Non-Segment Correct: 2064
[Dependency] Non-Segment total: 2848
[Dependency] Non-Segment UAS: 72.47
*************************
