Picked up _JAVA_OPTIONS: -Xmx256000m
[Info] trainNum: -1
[Info] testNum: -1
[Info] numIter: 3000
[Info] numThreads: 63
[Info] Regularization Parameter: 0.1
[Info] Using development set??: false
[Info] Current Model:SegDep
[Info] train path: data/allanprocess/pri/train.conllx
[Info] testFile: data/allanprocess/pri/test.conllx
[Info] dpRes: data/allanprocess/pri/output/SegDep.test.dp.res.txt
[Info] ner eval: data/allanprocess/pri/output/SegDep.test.ner.eval.txt
[Info] joint Res: data/allanprocess/pri/output/SegDep.test.joint.res.txt
[Info] number of train instances:1520
[Info] max sentence length: 146
[Info] max entity length: 1
[Info] number of test instances:513
[Info] max sentence length: 84
[Info] max entity length: 1
The label set: {0=O(0), 1=MISC(1), 2=gpe(2), 3=person(3), 4=organization(4), 5=EMPTY(5)}
Capacity successfully set to: [500, 500, 5, 5, 10]
#instances=1520
Thread 0 has 50 instances.
Thread 1 has 50 instances.
Thread 2 has 50 instances.
Thread 3 has 50 instances.
Thread 4 has 50 instances.
Thread 5 has 50 instances.
Thread 6 has 50 instances.
Thread 7 has 50 instances.
Thread 8 has 48 instances.
Thread 9 has 48 instances.
Thread 10 has 48 instances.
Thread 11 has 48 instances.
Thread 12 has 48 instances.
Thread 13 has 48 instances.
Thread 14 has 48 instances.
Thread 15 has 48 instances.
Thread 16 has 48 instances.
Thread 17 has 48 instances.
Thread 18 has 48 instances.
Thread 19 has 48 instances.
Thread 20 has 48 instances.
Thread 21 has 48 instances.
Thread 22 has 48 instances.
Thread 23 has 48 instances.
Thread 24 has 48 instances.
Thread 25 has 48 instances.
Thread 26 has 48 instances.
Thread 27 has 48 instances.
Thread 28 has 48 instances.
Thread 29 has 48 instances.
Thread 30 has 48 instances.
Thread 31 has 48 instances.
Thread 32 has 48 instances.
Thread 33 has 48 instances.
Thread 34 has 48 instances.
Thread 35 has 48 instances.
Thread 36 has 48 instances.
Thread 37 has 48 instances.
Thread 38 has 48 instances.
Thread 39 has 48 instances.
Thread 40 has 48 instances.
Thread 41 has 48 instances.
Thread 42 has 48 instances.
Thread 43 has 48 instances.
Thread 44 has 48 instances.
Thread 45 has 48 instances.
Thread 46 has 48 instances.
Thread 47 has 48 instances.
Thread 48 has 48 instances.
Thread 49 has 48 instances.
Thread 50 has 48 instances.
Thread 51 has 48 instances.
Thread 52 has 48 instances.
Thread 53 has 48 instances.
Thread 54 has 48 instances.
Thread 55 has 48 instances.
Thread 56 has 48 instances.
Thread 57 has 48 instances.
Thread 58 has 48 instances.
Thread 59 has 48 instances.
Thread 60 has 48 instances.
Thread 61 has 48 instances.
Thread 62 has 48 instances.
...............................................................44701 nodes..

Thread 37 touch time: 44.778 secs.

Thread 30 touch time: 48.654 secs.

Thread 33 touch time: 52.349 secs.

Thread 41 touch time: 53.526 secs.

Thread 47 touch time: 54.863 secs.

Thread 35 touch time: 55.011 secs.

Thread 58 touch time: 55.033 secs.

Thread 62 touch time: 55.248 secs.

Thread 36 touch time: 58.753 secs.

Thread 3 touch time: 59.014 secs.

Thread 0 touch time: 59.317 secs.

Thread 11 touch time: 59.357 secs.

Thread 55 touch time: 59.44 secs.

Thread 26 touch time: 59.632 secs.

Thread 12 touch time: 59.66 secs.

Thread 52 touch time: 59.672 secs.

Thread 20 touch time: 59.836 secs.

Thread 40 touch time: 59.864 secs.

Thread 15 touch time: 60.491 secs.

Thread 14 touch time: 60.728 secs.

Thread 4 touch time: 60.805 secs.

Thread 27 touch time: 61.074 secs.

Thread 5 touch time: 62.09 secs.

Thread 53 touch time: 62.175 secs.

Thread 10 touch time: 62.516 secs.

Thread 24 touch time: 62.542 secs.

Thread 59 touch time: 63.188 secs.

Thread 22 touch time: 63.396 secs.

Thread 18 touch time: 63.439 secs.

Thread 61 touch time: 63.385 secs.

Thread 29 touch time: 67.012 secs.

Thread 45 touch time: 67.305 secs.

Thread 17 touch time: 67.391 secs.

Thread 34 touch time: 67.37 secs.

Thread 13 touch time: 67.496 secs.

Thread 23 touch time: 67.879 secs.

Thread 9 touch time: 68.886 secs.

Thread 60 touch time: 69.039 secs.

Thread 28 touch time: 69.127 secs.

Thread 43 touch time: 69.161 secs.

Thread 8 touch time: 69.771 secs.

Thread 6 touch time: 69.921 secs.

Thread 2 touch time: 70.049 secs.

Thread 39 touch time: 70.573 secs.

Thread 32 touch time: 70.866 secs.

Thread 31 touch time: 71.104 secs.

Thread 16 touch time: 71.563 secs.

Thread 38 touch time: 71.713 secs.

Thread 1 touch time: 71.855 secs.

Thread 57 touch time: 72.671 secs.

Thread 54 touch time: 73.85 secs.

Thread 51 touch time: 74.824 secs.

Thread 46 touch time: 74.867 secs.

Thread 44 touch time: 75.058 secs.

Thread 50 touch time: 75.263 secs.

Thread 25 touch time: 75.341 secs.

Thread 49 touch time: 76.535 secs.

Thread 19 touch time: 77.814 secs.

Thread 56 touch time: 83.818 secs.

Thread 48 touch time: 84.141 secs.

Thread 42 touch time: 84.883 secs.

Thread 7 touch time: 89.95 secs.

Thread 21 touch time: 156.22 secs.
Finalized local param. size:424720
Finalized local param. size:580418
Finalized local param. size:492400
Finalized local param. size:398579
Finalized local param. size:496906
Finalized local param. size:396073
Finalized local param. size:541827
Finalized local param. size:680843
Finalized local param. size:553125
Finalized local param. size:408653
Finalized local param. size:362022
Finalized local param. size:419453
Finalized local param. size:426097
Finalized local param. size:496133
Finalized local param. size:405334
Finalized local param. size:436473
Finalized local param. size:611250
Finalized local param. size:572422
Finalized local param. size:520577
Finalized local param. size:470289
Finalized local param. size:419564
Finalized local param. size:619057
Finalized local param. size:511295
Finalized local param. size:429069
Finalized local param. size:466380
Finalized local param. size:491137
Finalized local param. size:420734
Finalized local param. size:450018
Finalized local param. size:501686
Finalized local param. size:412321
Finalized local param. size:349444
Finalized local param. size:465149
Finalized local param. size:551249
Finalized local param. size:350926
Finalized local param. size:458733
Finalized local param. size:383766
Finalized local param. size:396063
Finalized local param. size:302389
Finalized local param. size:561812
Finalized local param. size:520279
Finalized local param. size:389011
Finalized local param. size:344042
Finalized local param. size:678289
Finalized local param. size:482975
Finalized local param. size:580125
Finalized local param. size:498239
Finalized local param. size:470328
Finalized local param. size:332092
Finalized local param. size:677877
Finalized local param. size:586816
Finalized local param. size:628033
Finalized local param. size:507916
Finalized local param. size:376070
Finalized local param. size:453014
Finalized local param. size:508258
Finalized local param. size:416416
Finalized local param. size:575698
Finalized local param. size:468042
Finalized local param. size:320601
Finalized local param. size:455130
Finalized local param. size:479633
Finalized local param. size:449394
Finalized local param. size:391651
10562441 features.
*************************************************
  n = 10562441   number of corrections = 4
       initial values
 f =  54601.260567621226   gnorm =  23665.935277130662
*************************************************
	i	nfn	func			gnorm			steplength
Iteration 0: Obj=-54601.260567621226 Time=4.917s 0.000000000000 Total time: 4.924s
	1	2	41583.89498484235	13501.404217563615	4.22548269607726E-5
Iteration 1: Obj=-41583.894984842350 Time=4.832s 0.761592215135 Total time: 9.764s
Iteration 2: Obj=-33042.603562870580 Time=5.194s 0.794600976530 Total time: 14.962s
Iteration 3: Obj=-26699.923028241280 Time=5.158s 0.808045376250 Total time: 20.123s
Iteration 4: Obj=-22393.671849968378 Time=5.565s 0.838716719381 Total time: 25.690s
Iteration 5: Obj=-19123.579770700110 Time=5.031s 0.853972492712 Total time: 30.724s
Iteration 6: Obj=-17124.960012746270 Time=5.304s 0.895489245114 Total time: 36.030s
Iteration 7: Obj=-15645.533862690507 Time=5.331s 0.913609950099 Total time: 41.364s
Iteration 8: Obj=-14150.108630030614 Time=5.113s 0.904418395321 Total time: 46.479s
Iteration 9: Obj=-13136.607386267133 Time=5.332s 0.928375020273 Total time: 51.814s
Iteration 10: Obj=-12601.498354577905 Time=5.210s 0.959265812249 Total time: 57.027s
Iteration 11: Obj=-11341.144437193816 Time=5.602s 0.899983804948 Total time: 62.631s
Iteration 12: Obj=-10127.729212501335 Time=5.462s 0.893007691471 Total time: 68.096s
Iteration 13: Obj=-9020.064811962922 Time=5.441s 0.890630527604 Total time: 73.539s
Iteration 14: Obj=-8165.229263668114 Time=5.056s 0.905229555872 Total time: 78.597s
Iteration 15: Obj=-7520.734908815216 Time=5.184s 0.921068431266 Total time: 83.784s
Iteration 16: Obj=-6892.246757546162 Time=5.375s 0.916432614779 Total time: 89.161s
Iteration 17: Obj=-5917.119963478314 Time=5.089s 0.858518299131 Total time: 94.252s
Iteration 18: Obj=-5176.464690476946 Time=5.189s 0.874828416937 Total time: 99.443s
Iteration 19: Obj=-4673.101680025226 Time=5.346s 0.902759307645 Total time: 104.791s
Iteration 20: Obj=-4386.006503941587 Time=5.304s 0.938564320714 Total time: 110.097s
Iteration 21: Obj=-3895.727521589669 Time=5.248s 0.888217452046 Total time: 115.347s
Iteration 22: Obj=-3862.436477848639 Time=4.402s 0.991454473251 Total time: 119.751s
Iteration 23: Obj=-3595.687173278152 Time=5.072s 0.930937555582 Total time: 124.825s
Iteration 24: Obj=-3240.151049113691 Time=5.354s 0.901121508343 Total time: 130.184s
Iteration 25: Obj=-2864.909957096226 Time=5.149s 0.884190247205 Total time: 135.335s
Iteration 26: Obj=-2452.055053811482 Time=5.380s 0.855892537822 Total time: 140.717s
Iteration 27: Obj=-2162.033840295123 Time=5.111s 0.881723204760 Total time: 145.830s
Iteration 28: Obj=-2008.783900700238 Time=5.169s 0.929117696153 Total time: 151.001s
Iteration 29: Obj=-1786.600378039931 Time=5.002s 0.889394014666 Total time: 156.006s
Iteration 30: Obj=-1677.678708651333 Time=4.970s 0.939034117127 Total time: 160.979s
Iteration 31: Obj=-1591.872172850520 Time=5.036s 0.948854011583 Total time: 166.017s
Iteration 32: Obj=-1551.358845715263 Time=5.151s 0.974549886714 Total time: 171.171s
Iteration 33: Obj=-1453.666181246255 Time=5.358s 0.937027680772 Total time: 176.531s
Iteration 34: Obj=-1417.234908253254 Time=5.076s 0.974938350040 Total time: 181.609s
Iteration 35: Obj=-1376.869639189745 Time=5.224s 0.971518293242 Total time: 186.835s
Iteration 36: Obj=-1355.804827623391 Time=5.185s 0.984700939750 Total time: 192.021s
Iteration 37: Obj=-1326.892856711678 Time=5.238s 0.978675418229 Total time: 197.261s
Iteration 38: Obj=-1289.091865591695 Time=5.258s 0.971511647735 Total time: 202.521s
Iteration 39: Obj=-1262.009899129980 Time=5.328s 0.978991437938 Total time: 207.851s
Iteration 40: Obj=-1228.189826844827 Time=5.307s 0.973201420759 Total time: 213.160s
Iteration 41: Obj=-1218.338173576083 Time=5.185s 0.991978720998 Total time: 218.347s
Iteration 42: Obj=-1204.563143427523 Time=5.275s 0.988693590624 Total time: 223.624s
Iteration 43: Obj=-1188.025646423697 Time=5.398s 0.986270958817 Total time: 229.024s
Iteration 44: Obj=-1183.829924065874 Time=4.218s 0.996468323415 Total time: 233.244s
Iteration 45: Obj=-1172.559354393231 Time=5.138s 0.990479570212 Total time: 238.384s
Iteration 46: Obj=-1157.929046037174 Time=5.198s 0.987522756694 Total time: 243.584s
Iteration 47: Obj=-1138.661476626075 Time=5.114s 0.983360319463 Total time: 248.702s
Iteration 48: Obj=-1124.690395500528 Time=5.076s 0.987730259245 Total time: 253.780s
Iteration 49: Obj=-1100.910832530255 Time=5.048s 0.978856791998 Total time: 258.830s
Iteration 50: Obj=-1076.066608428097 Time=5.221s 0.977433027846 Total time: 264.055s
Iteration 51: Obj=-1074.887268532779 Time=4.448s 0.998904027050 Total time: 268.505s
Iteration 52: Obj=-1053.407544249978 Time=5.157s 0.980016765561 Total time: 273.664s
Iteration 53: Obj=-1172.719018599956 Time=4.310s 1.113262407319 Total time: 277.976s
Iteration 54: Obj=-1040.980949345105 Time=5.151s 0.887664421600 Total time: 283.129s
Iteration 55: Obj=-1029.978989655339 Time=5.004s 0.989431161352 Total time: 288.135s
Iteration 56: Obj=-1027.614907273834 Time=5.104s 0.997704727567 Total time: 293.242s
Iteration 57: Obj=-1005.185890482519 Time=4.975s 0.978173714071 Total time: 298.219s
Iteration 58: Obj=-998.868494806346  Time=5.167s 0.993715196626 Total time: 303.388s
Iteration 59: Obj=-989.847288458094  Time=5.240s 0.990968574547 Total time: 308.629s
Iteration 60: Obj=-1279.608119929946 Time=4.277s 1.292732863797 Total time: 312.908s
Iteration 61: Obj=-977.265251934367  Time=4.930s 0.763722296470 Total time: 317.840s
Iteration 62: Obj=-964.198207833318  Time=4.927s 0.986628968875 Total time: 322.769s
Iteration 63: Obj=-958.529252025741  Time=5.002s 0.994120549321 Total time: 327.773s
Iteration 64: Obj=-932.316197332838  Time=4.860s 0.972652838046 Total time: 332.635s
Iteration 65: Obj=-941.904898628325  Time=4.129s 1.010284816807 Total time: 336.766s
Iteration 66: Obj=-920.365846450214  Time=5.097s 0.977132455506 Total time: 341.865s
Iteration 67: Obj=-908.846984116033  Time=4.948s 0.987484474377 Total time: 346.815s
Iteration 68: Obj=-892.175964049077  Time=5.123s 0.981656956167 Total time: 351.940s
Iteration 69: Obj=-887.596394965619  Time=4.990s 0.994866966531 Total time: 356.932s
Iteration 70: Obj=-868.341208623868  Time=5.229s 0.978306371622 Total time: 362.164s
Iteration 71: Obj=-849.438032927858  Time=5.119s 0.978230705271 Total time: 367.284s
Iteration 72: Obj=-820.695377773683  Time=5.192s 0.966162740494 Total time: 372.477s
Iteration 73: Obj=-801.860322840058  Time=5.095s 0.977049883009 Total time: 377.574s
Iteration 74: Obj=-766.555383390928  Time=5.168s 0.955971210392 Total time: 382.743s
Iteration 75: Obj=-741.650557679059  Time=5.191s 0.967510728838 Total time: 387.936s
Iteration 76: Obj=-722.686822614504  Time=5.198s 0.974430363642 Total time: 393.136s
Iteration 77: Obj=-705.435366101446  Time=5.336s 0.976128724126 Total time: 398.474s
Iteration 78: Obj=-697.356545905119  Time=5.124s 0.988547752800 Total time: 403.600s
Iteration 79: Obj=-677.567024687134  Time=5.154s 0.971622090114 Total time: 408.756s
Iteration 80: Obj=-665.532373046708  Time=5.157s 0.982238433687 Total time: 413.915s
Iteration 81: Obj=-631.203713427830  Time=5.077s 0.948419248997 Total time: 418.994s
Iteration 82: Obj=-615.213421994700  Time=5.053s 0.974666987705 Total time: 424.049s
Iteration 83: Obj=-600.609182507346  Time=5.163s 0.976261507039 Total time: 429.214s
Iteration 84: Obj=-590.893993450123  Time=5.000s 0.983824441350 Total time: 434.216s
Iteration 85: Obj=-680.778651864558  Time=4.198s 1.152116385360 Total time: 438.416s
Iteration 86: Obj=-572.252972496465  Time=5.198s 0.840585953935 Total time: 443.615s
Iteration 87: Obj=-562.696389263881  Time=4.389s 0.983300072360 Total time: 448.006s
Iteration 88: Obj=-556.456657582931  Time=5.094s 0.988911015247 Total time: 453.102s
Iteration 89: Obj=-540.635733883552  Time=5.225s 0.971568452846 Total time: 458.329s
Iteration 90: Obj=-518.730232666700  Time=5.231s 0.959481958287 Total time: 463.562s
Iteration 91: Obj=-502.120077867211  Time=5.207s 0.967979204308 Total time: 468.771s
Iteration 92: Obj=-487.666653989776  Time=5.294s 0.971215204262 Total time: 474.067s
Iteration 93: Obj=-482.488795565621  Time=4.187s 0.989382381629 Total time: 478.256s
Iteration 94: Obj=-477.764220025439  Time=4.986s 0.990207906207 Total time: 483.244s
Iteration 95: Obj=-467.617005628275  Time=5.130s 0.978761041594 Total time: 488.376s
Iteration 96: Obj=-459.133492000330  Time=4.909s 0.981857987358 Total time: 493.287s
Iteration 97: Obj=-447.488887698456  Time=5.057s 0.974637867843 Total time: 498.346s
Iteration 98: Obj=-452.063665429116  Time=4.132s 1.010223220858 Total time: 502.480s
Iteration 99: Obj=-442.269443281362  Time=5.076s 0.978334418586 Total time: 507.558s
Iteration 100: Obj=-436.988035051708  Time=5.082s 0.988058392209 Total time: 512.642s
Iteration 101: Obj=-431.786483555130  Time=5.173s 0.988096810257 Total time: 517.817s
Iteration 102: Obj=-426.434721696956  Time=4.980s 0.987605536389 Total time: 522.801s
Iteration 103: Obj=-419.723650036062  Time=5.091s 0.984262370489 Total time: 527.894s
Iteration 104: Obj=-416.871857838542  Time=5.325s 0.993205547990 Total time: 533.221s
Iteration 105: Obj=-409.775701679313  Time=5.162s 0.982977608045 Total time: 538.385s
Iteration 106: Obj=-406.684469307697  Time=5.007s 0.992456281915 Total time: 543.394s
Iteration 107: Obj=-402.309023711338  Time=5.026s 0.989241178539 Total time: 548.422s
Iteration 108: Obj=-399.251936263580  Time=5.186s 0.992401146215 Total time: 553.610s
Iteration 109: Obj=-394.429757237475  Time=5.199s 0.987921964584 Total time: 558.811s
Iteration 110: Obj=-389.052065517356  Time=5.226s 0.986365907690 Total time: 564.039s
Iteration 111: Obj=-384.016501319211  Time=5.131s 0.987056837260 Total time: 569.172s
Iteration 112: Obj=-379.840910554776  Time=5.003s 0.989126532974 Total time: 574.177s
Iteration 113: Obj=-376.421703517367  Time=5.207s 0.990998318132 Total time: 579.386s
Iteration 114: Obj=-371.626531206584  Time=4.933s 0.987261169412 Total time: 584.321s
Iteration 115: Obj=-379.731819503817  Time=4.124s 1.021810305822 Total time: 588.447s
Iteration 116: Obj=-369.286025871054  Time=5.398s 0.972491655700 Total time: 593.847s
Iteration 117: Obj=-366.527977825063  Time=5.347s 0.992531404243 Total time: 599.196s
Iteration 118: Obj=-364.165494682560  Time=5.006s 0.993554426168 Total time: 604.204s
Iteration 119: Obj=-362.078654671005  Time=4.919s 0.994269528437 Total time: 609.125s
Iteration 120: Obj=-360.643621196249  Time=5.536s 0.996036680273 Total time: 614.663s
Iteration 121: Obj=-358.111512700349  Time=5.036s 0.992978917837 Total time: 619.701s
Iteration 122: Obj=-357.336744679171  Time=4.532s 0.997836517415 Total time: 624.235s
Iteration 123: Obj=-356.597987215684  Time=5.135s 0.997932601462 Total time: 629.372s
Iteration 124: Obj=-354.492961958766  Time=5.084s 0.994096923336 Total time: 634.458s
Iteration 125: Obj=-355.353593245544  Time=4.536s 1.002427781026 Total time: 638.996s
Iteration 126: Obj=-353.324021159874  Time=5.030s 0.994288584316 Total time: 644.028s
Iteration 127: Obj=-352.660680176944  Time=4.134s 0.998122570380 Total time: 648.164s
Iteration 128: Obj=-352.851307947292  Time=5.190s 1.000540541606 Total time: 653.356s
Iteration 129: Obj=-351.274903233620  Time=4.950s 0.995532382400 Total time: 658.308s
Iteration 130: Obj=-351.370325797788  Time=4.137s 1.000271646404 Total time: 662.447s
Iteration 131: Obj=-350.871713050956  Time=5.031s 0.998580948048 Total time: 667.480s
Iteration 132: Obj=-350.823657445073  Time=5.211s 0.999863039384 Total time: 672.693s
Iteration 133: Obj=-350.555104335056  Time=5.121s 0.999234506840 Total time: 677.816s
Iteration 134: Obj=-349.985283236138  Time=4.943s 0.998374517752 Total time: 682.761s
Iteration 135: Obj=-373.613870590630  Time=4.327s 1.067513088368 Total time: 687.090s
Iteration 136: Obj=-349.899622837651  Time=5.272s 0.936527389319 Total time: 692.364s
Iteration 137: Obj=-348.469289050260  Time=5.217s 0.995912159677 Total time: 697.583s
Iteration 138: Obj=-347.766587966108  Time=5.077s 0.997983463375 Total time: 702.661s
Iteration 139: Obj=-346.846331137883  Time=5.228s 0.997353808962 Total time: 707.891s
Iteration 140: Obj=-347.052666261151  Time=4.468s 1.000594889162 Total time: 712.361s
Iteration 141: Obj=-346.177160802658  Time=5.113s 0.997477312398 Total time: 717.476s
Iteration 142: Obj=-345.382672878193  Time=5.127s 0.997704967241 Total time: 722.605s
Iteration 143: Obj=-344.836116105884  Time=5.121s 0.998417532739 Total time: 727.728s
Iteration 144: Obj=-346.881370009520  Time=4.747s 1.005931089605 Total time: 732.477s
Iteration 145: Obj=-344.484592630044  Time=5.305s 0.993090498405 Total time: 737.784s
Iteration 146: Obj=-343.891599484108  Time=5.228s 0.998278607640 Total time: 743.015s
Iteration 147: Obj=-343.443242878742  Time=5.207s 0.998696226933 Total time: 748.224s
Iteration 148: Obj=-343.150091086478  Time=5.365s 0.999146433076 Total time: 753.591s
Iteration 149: Obj=-342.901381965108  Time=5.017s 0.999275217673 Total time: 758.609s
Iteration 150: Obj=-342.396969993926  Time=5.190s 0.998528988223 Total time: 763.803s
Iteration 151: Obj=-342.072421559292  Time=5.043s 0.999052128193 Total time: 768.848s
Iteration 152: Obj=-341.836708641483  Time=5.190s 0.999310926859 Total time: 774.040s
Iteration 153: Obj=-341.685690267039  Time=5.017s 0.999558214871 Total time: 779.059s
Iteration 154: Obj=-341.638479499146  Time=5.077s 0.999861829836 Total time: 784.138s
Iteration 155: Obj=-341.404328054058  Time=5.201s 0.999314622154 Total time: 789.340s
Iteration 156: Obj=-341.187188451585  Time=5.216s 0.999363981108 Total time: 794.558s
Iteration 157: Obj=-340.924825364131  Time=5.313s 0.999231028900 Total time: 799.873s
Iteration 158: Obj=-340.863981152980  Time=4.215s 0.999821531884 Total time: 804.090s
Iteration 159: Obj=-340.726524211807  Time=5.256s 0.999596739612 Total time: 809.348s
Iteration 160: Obj=-340.449041419175  Time=5.247s 0.999185614348 Total time: 814.597s
Iteration 161: Obj=-340.220622465576  Time=5.211s 0.999329065658 Total time: 819.810s
Iteration 162: Obj=-339.999453000975  Time=4.980s 0.999349923403 Total time: 824.792s
Iteration 163: Obj=-339.871044346825  Time=4.143s 0.999622326880 Total time: 828.937s
Iteration 164: Obj=-339.883290876846  Time=5.045s 1.000036032873 Total time: 833.984s
Iteration 165: Obj=-339.723333211347  Time=5.370s 0.999529374730 Total time: 839.355s
Iteration 166: Obj=-339.629267818788  Time=5.423s 0.999723111770 Total time: 844.780s
Iteration 167: Obj=-341.251575203542  Time=4.510s 1.004776700769 Total time: 849.292s
Iteration 168: Obj=-339.575520620474  Time=5.263s 0.995088507410 Total time: 854.557s
Iteration 169: Obj=-339.487585589674  Time=5.282s 0.999741044258 Total time: 859.841s
Iteration 170: Obj=-339.405289989110  Time=4.994s 0.999757588778 Total time: 864.837s
Iteration 171: Obj=-339.347253877814  Time=4.167s 0.999829006462 Total time: 869.006s
Iteration 172: Obj=-339.341581876884  Time=5.313s 0.999983285555 Total time: 874.321s
Iteration 173: Obj=-339.299615182888  Time=5.206s 0.999876329055 Total time: 879.529s
Iteration 174: Obj=-339.235949767250  Time=5.153s 0.999812362252 Total time: 884.684s
Iteration 175: Obj=-339.192401807880  Time=5.216s 0.999871629291 Total time: 889.902s
Iteration 176: Obj=-339.157828184878  Time=5.046s 0.999898070762 Total time: 894.950s
Iteration 177: Obj=-339.130872245179  Time=5.053s 0.999920520957 Total time: 900.005s
Iteration 178: Obj=-339.120881067423  Time=5.082s 0.999970538873 Total time: 905.089s
Iteration 179: Obj=-339.103634503541  Time=5.273s 0.999949143315 Total time: 910.364s
Training completes. No significant progress (<objtol) after 179 iterations.
*****Evaluation*****
#threads:63
#instances=513
Thread 0 has 9 instances.
Thread 1 has 9 instances.
Thread 2 has 9 instances.
Thread 3 has 9 instances.
Thread 4 has 9 instances.
Thread 5 has 9 instances.
Thread 6 has 9 instances.
Thread 7 has 9 instances.
Thread 8 has 9 instances.
Thread 9 has 8 instances.
Thread 10 has 8 instances.
Thread 11 has 8 instances.
Thread 12 has 8 instances.
Thread 13 has 8 instances.
Thread 14 has 8 instances.
Thread 15 has 8 instances.
Thread 16 has 8 instances.
Thread 17 has 8 instances.
Thread 18 has 8 instances.
Thread 19 has 8 instances.
Thread 20 has 8 instances.
Thread 21 has 8 instances.
Thread 22 has 8 instances.
Thread 23 has 8 instances.
Thread 24 has 8 instances.
Thread 25 has 8 instances.
Thread 26 has 8 instances.
Thread 27 has 8 instances.
Thread 28 has 8 instances.
Thread 29 has 8 instances.
Thread 30 has 8 instances.
Thread 31 has 8 instances.
Thread 32 has 8 instances.
Thread 33 has 8 instances.
Thread 34 has 8 instances.
Thread 35 has 8 instances.
Thread 36 has 8 instances.
Thread 37 has 8 instances.
Thread 38 has 8 instances.
Thread 39 has 8 instances.
Thread 40 has 8 instances.
Thread 41 has 8 instances.
Thread 42 has 8 instances.
Thread 43 has 8 instances.
Thread 44 has 8 instances.
Thread 45 has 8 instances.
Thread 46 has 8 instances.
Thread 47 has 8 instances.
Thread 48 has 8 instances.
Thread 49 has 8 instances.
Thread 50 has 8 instances.
Thread 51 has 8 instances.
Thread 52 has 8 instances.
Thread 53 has 8 instances.
Thread 54 has 8 instances.
Thread 55 has 8 instances.
Thread 56 has 8 instances.
Thread 57 has 8 instances.
Thread 58 has 8 instances.
Thread 59 has 8 instances.
Thread 60 has 8 instances.
Thread 61 has 8 instances.
Thread 62 has 8 instances.
Okay. Decoding started.
Decoding time for thread 32 = 1.382 secs.
Decoding time for thread 58 = 1.383 secs.
Decoding time for thread 31 = 8.162 secs.
Decoding time for thread 59 = 8.233 secs.
Decoding time for thread 49 = 8.559 secs.
Decoding time for thread 40 = 8.662 secs.
Decoding time for thread 41 = 8.894 secs.
Decoding time for thread 7 = 8.962 secs.
Decoding time for thread 60 = 8.976 secs.
Decoding time for thread 47 = 9.055 secs.
Decoding time for thread 5 = 9.072 secs.
Decoding time for thread 45 = 9.082 secs.
Decoding time for thread 39 = 9.348 secs.
Decoding time for thread 46 = 9.372 secs.
Decoding time for thread 61 = 9.434 secs.
Decoding time for thread 9 = 9.513 secs.
Decoding time for thread 26 = 9.576 secs.
Decoding time for thread 37 = 9.753 secs.
Decoding time for thread 12 = 9.773 secs.
Decoding time for thread 35 = 9.896 secs.
Decoding time for thread 57 = 9.928 secs.
Decoding time for thread 10 = 9.947 secs.
Decoding time for thread 28 = 9.95 secs.
Decoding time for thread 55 = 9.952 secs.
Decoding time for thread 62 = 9.958 secs.
Decoding time for thread 16 = 10.164 secs.
Decoding time for thread 38 = 10.316 secs.
Decoding time for thread 17 = 10.416 secs.
Decoding time for thread 4 = 10.5 secs.
Decoding time for thread 42 = 10.627 secs.
Decoding time for thread 27 = 10.864 secs.
Decoding time for thread 34 = 10.869 secs.
Decoding time for thread 13 = 10.952 secs.
Decoding time for thread 6 = 10.96 secs.
Decoding time for thread 43 = 11.081 secs.
Decoding time for thread 25 = 11.107 secs.
Decoding time for thread 50 = 11.127 secs.
Decoding time for thread 15 = 11.156 secs.
Decoding time for thread 21 = 11.206 secs.
Decoding time for thread 36 = 11.432 secs.
Decoding time for thread 1 = 11.572 secs.
Decoding time for thread 3 = 11.59 secs.
Decoding time for thread 56 = 11.666 secs.
Decoding time for thread 23 = 11.684 secs.
Decoding time for thread 29 = 12.034 secs.
Decoding time for thread 52 = 12.091 secs.
Decoding time for thread 0 = 12.454 secs.
Decoding time for thread 14 = 12.473 secs.
Decoding time for thread 30 = 12.668 secs.
Decoding time for thread 53 = 12.963 secs.
Decoding time for thread 33 = 13.35 secs.
Decoding time for thread 11 = 13.442 secs.
Decoding time for thread 54 = 14.132 secs.
Decoding time for thread 2 = 14.222 secs.
Decoding time for thread 20 = 14.268 secs.
Decoding time for thread 18 = 14.422 secs.
Decoding time for thread 19 = 15.333 secs.
Decoding time for thread 44 = 15.515 secs.
Decoding time for thread 48 = 18.332 secs.
Decoding time for thread 24 = 20.221 secs.
Decoding time for thread 51 = 20.856 secs.
Decoding time for thread 8 = 21.261 secs.
Decoding time for thread 22 = 24.105 secs.
Okay. Decoding done.
Overall decoding time = 24.108 secs.
**Evaluating Dependency Result**
[Dependency] Correct: 9081
[Dependency] total: 10884
[Dependency] UAS: 83.43
[Dependency] Non-Segment Correct: 7650
[Dependency] Non-Segment total: 9250
[Dependency] Non-Segment UAS: 82.70
*************************
