Picked up _JAVA_OPTIONS: -Xmx256000m
[Info] trainNum: -1
[Info] testNum: -1
[Info] numIter: 3000
[Info] numThreads: 63
[Info] Regularization Parameter: 0.1
[Info] Using development set??: false
[Info] Current Model:SegDep
[Info] train path: data/allanprocess/mnb/train.conllx
[Info] testFile: data/allanprocess/mnb/test.conllx
[Info] dpRes: data/allanprocess/mnb/output/SegDep.test.dp.res.txt
[Info] ner eval: data/allanprocess/mnb/output/SegDep.test.ner.eval.txt
[Info] joint Res: data/allanprocess/mnb/output/SegDep.test.joint.res.txt
[Info] number of train instances:472
[Info] max sentence length: 107
[Info] max entity length: 6
[Info] number of test instances:160
[Info] max sentence length: 70
[Info] max entity length: 10
The label set: {0=O(0), 1=gpe(1), 2=MISC(2), 3=person(3), 4=organization(4), 5=EMPTY(5)}
Capacity successfully set to: [500, 500, 5, 5, 10]
#instances=472
Thread 0 has 16 instances.
Thread 1 has 16 instances.
Thread 2 has 16 instances.
Thread 3 has 16 instances.
Thread 4 has 16 instances.
Thread 5 has 16 instances.
Thread 6 has 16 instances.
Thread 7 has 16 instances.
Thread 8 has 16 instances.
Thread 9 has 16 instances.
Thread 10 has 16 instances.
Thread 11 has 16 instances.
Thread 12 has 16 instances.
Thread 13 has 16 instances.
Thread 14 has 16 instances.
Thread 15 has 16 instances.
Thread 16 has 16 instances.
Thread 17 has 16 instances.
Thread 18 has 16 instances.
Thread 19 has 16 instances.
Thread 20 has 16 instances.
Thread 21 has 16 instances.
Thread 22 has 16 instances.
Thread 23 has 16 instances.
Thread 24 has 16 instances.
Thread 25 has 16 instances.
Thread 26 has 16 instances.
Thread 27 has 16 instances.
Thread 28 has 16 instances.
Thread 29 has 16 instances.
Thread 30 has 16 instances.
Thread 31 has 14 instances.
Thread 32 has 14 instances.
Thread 33 has 14 instances.
Thread 34 has 14 instances.
Thread 35 has 14 instances.
Thread 36 has 14 instances.
Thread 37 has 14 instances.
Thread 38 has 14 instances.
Thread 39 has 14 instances.
Thread 40 has 14 instances.
Thread 41 has 14 instances.
Thread 42 has 14 instances.
Thread 43 has 14 instances.
Thread 44 has 14 instances.
Thread 45 has 14 instances.
Thread 46 has 14 instances.
Thread 47 has 14 instances.
Thread 48 has 14 instances.
Thread 49 has 14 instances.
Thread 50 has 14 instances.
Thread 51 has 14 instances.
Thread 52 has 14 instances.
Thread 53 has 14 instances.
Thread 54 has 14 instances.
Thread 55 has 14 instances.
Thread 56 has 14 instances.
Thread 57 has 14 instances.
Thread 58 has 14 instances.
Thread 59 has 14 instances.
Thread 60 has 14 instances.
Thread 61 has 14 instances.
Thread 62 has 14 instances.
...............................................................44701 nodes..

Thread 24 touch time: 4.899 secs.

Thread 13 touch time: 5.4 secs.

Thread 48 touch time: 5.603 secs.

Thread 36 touch time: 5.723 secs.

Thread 47 touch time: 6.121 secs.

Thread 31 touch time: 6.489 secs.

Thread 12 touch time: 6.701 secs.

Thread 49 touch time: 6.935 secs.

Thread 23 touch time: 6.99 secs.

Thread 46 touch time: 7.472 secs.

Thread 16 touch time: 7.862 secs.

Thread 43 touch time: 8.123 secs.

Thread 29 touch time: 8.159 secs.

Thread 42 touch time: 8.495 secs.

Thread 1 touch time: 9.041 secs.

Thread 14 touch time: 9.378 secs.

Thread 9 touch time: 9.405 secs.

Thread 33 touch time: 9.452 secs.

Thread 45 touch time: 9.504 secs.

Thread 52 touch time: 9.953 secs.

Thread 32 touch time: 10.019 secs.

Thread 18 touch time: 13.871 secs.

Thread 59 touch time: 13.975 secs.

Thread 35 touch time: 14.992 secs.

Thread 3 touch time: 15.147 secs.

Thread 60 touch time: 15.291 secs.

Thread 37 touch time: 15.462 secs.

Thread 50 touch time: 15.746 secs.

Thread 39 touch time: 16.063 secs.

Thread 57 touch time: 16.092 secs.

Thread 34 touch time: 16.316 secs.

Thread 54 touch time: 16.74 secs.

Thread 27 touch time: 17.375 secs.

Thread 20 touch time: 17.945 secs.

Thread 62 touch time: 18.032 secs.

Thread 30 touch time: 18.201 secs.

Thread 61 touch time: 18.255 secs.

Thread 25 touch time: 18.666 secs.

Thread 41 touch time: 18.98 secs.

Thread 38 touch time: 19.602 secs.

Thread 4 touch time: 19.995 secs.

Thread 5 touch time: 20.036 secs.

Thread 55 touch time: 20.738 secs.

Thread 7 touch time: 23.603 secs.

Thread 21 touch time: 23.714 secs.

Thread 2 touch time: 23.927 secs.

Thread 17 touch time: 23.941 secs.

Thread 28 touch time: 23.987 secs.

Thread 44 touch time: 24.113 secs.

Thread 40 touch time: 25.657 secs.

Thread 26 touch time: 28.186 secs.

Thread 56 touch time: 28.164 secs.

Thread 6 touch time: 29.413 secs.

Thread 15 touch time: 30.209 secs.

Thread 19 touch time: 30.576 secs.

Thread 0 touch time: 33.428 secs.

Thread 8 touch time: 35.117 secs.

Thread 53 touch time: 38.795 secs.

Thread 51 touch time: 41.362 secs.

Thread 58 touch time: 41.915 secs.

Thread 11 touch time: 42.336 secs.

Thread 10 touch time: 53.544 secs.

Thread 22 touch time: 59.741 secs.
Finalized local param. size:214062
Finalized local param. size:98913
Finalized local param. size:211643
Finalized local param. size:143576
Finalized local param. size:168461
Finalized local param. size:182824
Finalized local param. size:216631
Finalized local param. size:152453
Finalized local param. size:221790
Finalized local param. size:107794
Finalized local param. size:394541
Finalized local param. size:274636
Finalized local param. size:69250
Finalized local param. size:63384
Finalized local param. size:86362
Finalized local param. size:254753
Finalized local param. size:88209
Finalized local param. size:151108
Finalized local param. size:112057
Finalized local param. size:133226
Finalized local param. size:150190
Finalized local param. size:169226
Finalized local param. size:304192
Finalized local param. size:78232
Finalized local param. size:54487
Finalized local param. size:130351
Finalized local param. size:235834
Finalized local param. size:151047
Finalized local param. size:137819
Finalized local param. size:86039
Finalized local param. size:163120
Finalized local param. size:54286
Finalized local param. size:91129
Finalized local param. size:83790
Finalized local param. size:121276
Finalized local param. size:104798
Finalized local param. size:59723
Finalized local param. size:133143
Finalized local param. size:197265
Finalized local param. size:141352
Finalized local param. size:159139
Finalized local param. size:132992
Finalized local param. size:86542
Finalized local param. size:85387
Finalized local param. size:146163
Finalized local param. size:110803
Finalized local param. size:78742
Finalized local param. size:51632
Finalized local param. size:57724
Finalized local param. size:81838
Finalized local param. size:141086
Finalized local param. size:257542
Finalized local param. size:94272
Finalized local param. size:268264
Finalized local param. size:136562
Finalized local param. size:120890
Finalized local param. size:204847
Finalized local param. size:150433
Finalized local param. size:214411
Finalized local param. size:73066
Finalized local param. size:130551
Finalized local param. size:152777
Finalized local param. size:137510
3701444 features.
*************************************************
  n = 3701444   number of corrections = 4
       initial values
 f =  13253.715685723711   gnorm =  6074.198750683313
*************************************************
	i	nfn	func			gnorm			steplength
Iteration 0: Obj=-13253.715685723711 Time=1.917s 0.000000000000 Total time: 1.920s
	1	2	9959.018079628435	3140.159544046257	1.6463076712587083E-4
Iteration 1: Obj=-9959.018079628435 Time=1.748s 0.751413287849 Total time: 3.672s
Iteration 2: Obj=-8016.731951560894 Time=1.694s 0.804972125511 Total time: 5.368s
Iteration 3: Obj=-6446.336177362395 Time=1.629s 0.804110230492 Total time: 6.999s
Iteration 4: Obj=-5325.468761729745 Time=1.744s 0.826123338158 Total time: 8.745s
Iteration 5: Obj=-4849.419681630788 Time=1.636s 0.910608980843 Total time: 10.385s
Iteration 6: Obj=-4152.372688621514 Time=1.677s 0.856261771764 Total time: 12.063s
Iteration 7: Obj=-3385.144511297962 Time=1.622s 0.815231378574 Total time: 13.686s
Iteration 8: Obj=-3073.773541806414 Time=1.673s 0.908018411488 Total time: 15.361s
Iteration 9: Obj=-2431.190411559905 Time=1.618s 0.790946495730 Total time: 16.981s
Iteration 10: Obj=-2083.030710559800 Time=1.657s 0.856794556549 Total time: 18.639s
Iteration 11: Obj=-1670.988963257624 Time=1.622s 0.802191227804 Total time: 20.262s
Iteration 12: Obj=-1317.111095551275 Time=1.615s 0.788222498480 Total time: 21.877s
Iteration 13: Obj=-1121.807198217603 Time=1.593s 0.851717977327 Total time: 23.471s
Iteration 14: Obj=-898.598684813254  Time=1.627s 0.801027740097 Total time: 25.099s
Iteration 15: Obj=-702.815812455169  Time=1.877s 0.782124238921 Total time: 26.978s
Iteration 16: Obj=-553.058111967191  Time=1.602s 0.786917570957 Total time: 28.581s
Iteration 17: Obj=-534.272904001441  Time=1.569s 0.966033934664 Total time: 30.151s
Iteration 18: Obj=-492.809024144558  Time=1.585s 0.922391946988 Total time: 31.737s
Iteration 19: Obj=-477.590753205874  Time=1.587s 0.969119333874 Total time: 33.325s
Iteration 20: Obj=-462.951885074961  Time=1.584s 0.969348510136 Total time: 34.910s
Iteration 21: Obj=-455.371971449186  Time=1.674s 0.983626994791 Total time: 36.585s
Iteration 22: Obj=-440.861022476881  Time=1.616s 0.968133855656 Total time: 38.202s
Iteration 23: Obj=-433.094632899086  Time=1.648s 0.982383587612 Total time: 39.851s
Iteration 24: Obj=-426.813904290848  Time=1.639s 0.985498022531 Total time: 41.491s
Iteration 25: Obj=-417.411162574377  Time=1.546s 0.977969926420 Total time: 43.039s
Iteration 26: Obj=-421.606983635812  Time=1.353s 1.010052009715 Total time: 44.393s
Iteration 27: Obj=-401.477318982070  Time=1.574s 0.952254906975 Total time: 45.968s
Iteration 28: Obj=-389.601221455685  Time=1.635s 0.970419007588 Total time: 47.604s
Iteration 29: Obj=-380.263163790374  Time=1.633s 0.976031754648 Total time: 49.238s
Iteration 30: Obj=-372.312536542497  Time=1.587s 0.979091776420 Total time: 50.826s
Iteration 31: Obj=-498.791057975565  Time=1.293s 1.339710616805 Total time: 52.120s
Iteration 32: Obj=-364.723463833784  Time=1.672s 0.731214920560 Total time: 53.793s
Iteration 33: Obj=-386.899108063372  Time=1.366s 1.060801254727 Total time: 55.160s
Iteration 34: Obj=-356.181635021204  Time=1.647s 0.920605986414 Total time: 56.808s
Iteration 35: Obj=-347.158574292469  Time=1.603s 0.974667248837 Total time: 58.412s
Iteration 36: Obj=-333.193051114853  Time=1.669s 0.959771919198 Total time: 60.082s
Iteration 37: Obj=-328.355243742771  Time=1.557s 0.985480467387 Total time: 61.640s
Iteration 38: Obj=-323.070013372744  Time=1.671s 0.983903925792 Total time: 63.312s
Iteration 39: Obj=-311.399193533637  Time=1.534s 0.963875261225 Total time: 64.846s
Iteration 40: Obj=-305.216821861861  Time=1.576s 0.980146475006 Total time: 66.425s
Iteration 41: Obj=-302.073153868244  Time=1.741s 0.989700213853 Total time: 68.167s
Iteration 42: Obj=-288.336935090316  Time=1.592s 0.954526846885 Total time: 69.759s
Iteration 43: Obj=-273.256915131212  Time=1.663s 0.947700006056 Total time: 71.422s
Iteration 44: Obj=-262.721838078159  Time=1.679s 0.961446256363 Total time: 73.102s
Iteration 45: Obj=-254.040271104632  Time=1.559s 0.966955289910 Total time: 74.662s
Iteration 46: Obj=-245.285200978231  Time=1.625s 0.965536684053 Total time: 76.288s
Iteration 47: Obj=-241.439394640882  Time=1.546s 0.984321082878 Total time: 77.836s
Iteration 48: Obj=-249.202903635574  Time=1.247s 1.032155104623 Total time: 79.084s
Iteration 49: Obj=-229.360947371572  Time=1.606s 0.920378310306 Total time: 80.691s
Iteration 50: Obj=-353.401360781826  Time=1.413s 1.540808776872 Total time: 82.105s
Iteration 51: Obj=-226.705011154075  Time=1.534s 0.641494448840 Total time: 83.640s
Iteration 52: Obj=-222.391216170134  Time=1.429s 0.980971770487 Total time: 85.070s
Iteration 53: Obj=-222.276624080894  Time=1.696s 0.999484727449 Total time: 86.767s
Iteration 54: Obj=-219.619648381160  Time=1.289s 0.988046535659 Total time: 88.057s
Iteration 55: Obj=-215.833762736023  Time=1.758s 0.982761625961 Total time: 89.816s
Iteration 56: Obj=-218.720870464885  Time=1.330s 1.013376534293 Total time: 91.147s
Iteration 57: Obj=-210.556520861396  Time=1.672s 0.962672288263 Total time: 92.820s
Iteration 58: Obj=-203.890900925105  Time=1.717s 0.968342847284 Total time: 94.538s
Iteration 59: Obj=-196.259814887961  Time=1.583s 0.962572699407 Total time: 96.122s
Iteration 60: Obj=-227.985913237417  Time=1.316s 1.161653562995 Total time: 97.439s
Iteration 61: Obj=-188.709059469937  Time=1.566s 0.827722453507 Total time: 99.006s
Iteration 62: Obj=-201.419724968070  Time=1.404s 1.067355883887 Total time: 100.411s
Iteration 63: Obj=-183.163357536841  Time=1.590s 0.909361571047 Total time: 102.002s
Iteration 64: Obj=-173.056145895528  Time=1.631s 0.944818593756 Total time: 103.634s
Iteration 65: Obj=-169.518009468770  Time=1.622s 0.979554979637 Total time: 105.257s
Iteration 66: Obj=-170.341804477870  Time=1.296s 1.004859631208 Total time: 106.554s
Iteration 67: Obj=-166.779351671854  Time=1.591s 0.979086444359 Total time: 108.146s
Iteration 68: Obj=-164.482608086782  Time=1.623s 0.986228849303 Total time: 109.770s
Iteration 69: Obj=-161.915999177119  Time=1.583s 0.984395864465 Total time: 111.354s
Iteration 70: Obj=-165.788816623568  Time=1.316s 1.023918682935 Total time: 112.671s
Iteration 71: Obj=-158.303408589265  Time=1.644s 0.954849740853 Total time: 114.316s
Iteration 72: Obj=-155.203174142345  Time=1.658s 0.980415870545 Total time: 115.976s
Iteration 73: Obj=-152.578870054830  Time=1.636s 0.983091169997 Total time: 117.613s
Iteration 74: Obj=-151.578570779626  Time=1.670s 0.993444051101 Total time: 119.283s
Iteration 75: Obj=-144.718063354188  Time=1.670s 0.954739595510 Total time: 120.954s
Iteration 76: Obj=-138.585938386347  Time=1.672s 0.957627093497 Total time: 122.627s
Iteration 77: Obj=-132.688082096464  Time=1.528s 0.957442606670 Total time: 124.156s
Iteration 78: Obj=-130.790924727943  Time=1.436s 0.985702126834 Total time: 125.593s
Iteration 79: Obj=-129.521379774003  Time=1.627s 0.990293325347 Total time: 127.221s
Iteration 80: Obj=-124.837629120782  Time=1.288s 0.963838011443 Total time: 128.510s
Iteration 81: Obj=-125.940102391147  Time=1.658s 1.008831257676 Total time: 130.169s
Iteration 82: Obj=-128.105303053044  Time=1.433s 1.017192305078 Total time: 131.603s
Iteration 83: Obj=-122.167248627807  Time=1.758s 0.953647083425 Total time: 133.362s
Iteration 84: Obj=-131.022600666972  Time=1.328s 1.072485483128 Total time: 134.691s
Iteration 85: Obj=-119.239986019509  Time=1.555s 0.910071891510 Total time: 136.247s
Iteration 86: Obj=-119.682280479944  Time=1.288s 1.003709279707 Total time: 137.536s
Iteration 87: Obj=-117.518546540989  Time=1.664s 0.981921016793 Total time: 139.201s
Iteration 88: Obj=-115.262645240934  Time=1.725s 0.980803869972 Total time: 140.926s
Iteration 89: Obj=-116.412469327817  Time=1.379s 1.009975687132 Total time: 142.306s
Iteration 90: Obj=-112.922419407899  Time=1.583s 0.970019964871 Total time: 143.890s
Iteration 91: Obj=-110.799538711768  Time=1.574s 0.981200538323 Total time: 145.465s
Iteration 92: Obj=-109.825020699845  Time=1.581s 0.991204674467 Total time: 147.047s
Iteration 93: Obj=-108.957516972969  Time=1.721s 0.992101037438 Total time: 148.769s
Iteration 94: Obj=-108.471839606807  Time=1.612s 0.995542507028 Total time: 150.382s
Iteration 95: Obj=-107.726858813537  Time=1.543s 0.993132035043 Total time: 151.926s
Iteration 96: Obj=-106.819761438467  Time=1.539s 0.991579654461 Total time: 153.467s
Iteration 97: Obj=-106.028030257567  Time=1.683s 0.992588158125 Total time: 155.150s
Iteration 98: Obj=-105.573042758471  Time=1.595s 0.995708799852 Total time: 156.746s
Iteration 99: Obj=-105.273094459267  Time=1.618s 0.997158855221 Total time: 158.365s
Iteration 100: Obj=-104.944388219254  Time=1.618s 0.996877585468 Total time: 159.983s
Iteration 101: Obj=-104.591946323745  Time=1.677s 0.996641631806 Total time: 161.661s
Iteration 102: Obj=-104.354151557488  Time=1.712s 0.997726452422 Total time: 163.375s
Iteration 103: Obj=-104.124073480692  Time=1.729s 0.997795218749 Total time: 165.106s
Iteration 104: Obj=-103.991451808036  Time=1.682s 0.998726311138 Total time: 166.789s
Iteration 105: Obj=-103.831059512823  Time=1.668s 0.998457639619 Total time: 168.458s
Iteration 106: Obj=-103.668350791733  Time=1.565s 0.998432947503 Total time: 170.024s
Iteration 107: Obj=-103.523239771468  Time=1.612s 0.998600237979 Total time: 171.636s
Iteration 108: Obj=-103.435547374643  Time=1.686s 0.999152920668 Total time: 173.323s
Iteration 109: Obj=-103.367134692634  Time=1.751s 0.999338596027 Total time: 175.074s
Iteration 110: Obj=-103.322700857926  Time=1.613s 0.999570135761 Total time: 176.688s
Iteration 111: Obj=-103.262229277452  Time=1.637s 0.999414730935 Total time: 178.326s
Iteration 112: Obj=-103.222503974319  Time=1.590s 0.999615296867 Total time: 179.917s
Iteration 113: Obj=-103.190419343132  Time=1.656s 0.999689170191 Total time: 181.574s
Iteration 114: Obj=-103.130770686135  Time=1.563s 0.999421955474 Total time: 183.138s
Iteration 115: Obj=-103.169648441314  Time=1.274s 1.000376975319 Total time: 184.413s
Iteration 116: Obj=-103.104450278994  Time=1.643s 0.999368049002 Total time: 186.057s
Iteration 117: Obj=-103.078656907176  Time=1.626s 0.999749832604 Total time: 187.684s
Iteration 118: Obj=-103.055421898594  Time=1.607s 0.999774589529 Total time: 189.292s
Iteration 119: Obj=-103.049170255281  Time=1.711s 0.999939337075 Total time: 191.004s
Iteration 120: Obj=-103.026215229819  Time=1.581s 0.999777242016 Total time: 192.586s
Iteration 121: Obj=-103.015531640740  Time=1.613s 0.999896302227 Total time: 194.200s
Iteration 122: Obj=-103.006106811358  Time=1.605s 0.999908510598 Total time: 195.806s
Iteration 123: Obj=-102.988108478965  Time=1.606s 0.999825269268 Total time: 197.412s
Iteration 124: Obj=-102.997671723531  Time=1.301s 1.000092857755 Total time: 198.713s
Iteration 125: Obj=-102.980300734541  Time=1.615s 0.999831345809 Total time: 200.329s
Iteration 126: Obj=-102.969189290478  Time=1.631s 0.999892101266 Total time: 201.960s
Iteration 127: Obj=-102.963996608686  Time=1.619s 0.999949570529 Total time: 203.580s
Iteration 128: Obj=-102.959831396246  Time=1.600s 0.999959546904 Total time: 205.180s
Iteration 129: Obj=-102.951649891968  Time=1.711s 0.999920536930 Total time: 206.892s
Training completes. No significant progress (<objtol) after 129 iterations.
*****Evaluation*****
#threads:63
#instances=160
Thread 0 has 3 instances.
Thread 1 has 3 instances.
Thread 2 has 3 instances.
Thread 3 has 3 instances.
Thread 4 has 3 instances.
Thread 5 has 3 instances.
Thread 6 has 3 instances.
Thread 7 has 3 instances.
Thread 8 has 3 instances.
Thread 9 has 3 instances.
Thread 10 has 3 instances.
Thread 11 has 3 instances.
Thread 12 has 3 instances.
Thread 13 has 3 instances.
Thread 14 has 3 instances.
Thread 15 has 3 instances.
Thread 16 has 3 instances.
Thread 17 has 3 instances.
Thread 18 has 3 instances.
Thread 19 has 3 instances.
Thread 20 has 3 instances.
Thread 21 has 3 instances.
Thread 22 has 3 instances.
Thread 23 has 3 instances.
Thread 24 has 3 instances.
Thread 25 has 3 instances.
Thread 26 has 3 instances.
Thread 27 has 3 instances.
Thread 28 has 3 instances.
Thread 29 has 3 instances.
Thread 30 has 3 instances.
Thread 31 has 3 instances.
Thread 32 has 3 instances.
Thread 33 has 3 instances.
Thread 34 has 2 instances.
Thread 35 has 2 instances.
Thread 36 has 2 instances.
Thread 37 has 2 instances.
Thread 38 has 2 instances.
Thread 39 has 2 instances.
Thread 40 has 2 instances.
Thread 41 has 2 instances.
Thread 42 has 2 instances.
Thread 43 has 2 instances.
Thread 44 has 2 instances.
Thread 45 has 2 instances.
Thread 46 has 2 instances.
Thread 47 has 2 instances.
Thread 48 has 2 instances.
Thread 49 has 2 instances.
Thread 50 has 2 instances.
Thread 51 has 2 instances.
Thread 52 has 2 instances.
Thread 53 has 2 instances.
Thread 54 has 2 instances.
Thread 55 has 2 instances.
Thread 56 has 2 instances.
Thread 57 has 2 instances.
Thread 58 has 2 instances.
Thread 59 has 2 instances.
Thread 60 has 2 instances.
Thread 61 has 2 instances.
Thread 62 has 2 instances.
Okay. Decoding started.
Decoding time for thread 49 = 0.194 secs.
Decoding time for thread 42 = 0.22 secs.
Decoding time for thread 40 = 0.583 secs.
Decoding time for thread 50 = 0.591 secs.
Decoding time for thread 36 = 0.601 secs.
Decoding time for thread 1 = 0.614 secs.
Decoding time for thread 60 = 0.629 secs.
Decoding time for thread 52 = 0.642 secs.
Decoding time for thread 56 = 0.648 secs.
Decoding time for thread 61 = 0.657 secs.
Decoding time for thread 39 = 0.685 secs.
Decoding time for thread 44 = 0.691 secs.
Decoding time for thread 48 = 0.697 secs.
Decoding time for thread 13 = 0.712 secs.
Decoding time for thread 46 = 0.722 secs.
Decoding time for thread 30 = 0.746 secs.
Decoding time for thread 14 = 0.746 secs.
Decoding time for thread 34 = 0.751 secs.
Decoding time for thread 41 = 0.769 secs.
Decoding time for thread 22 = 0.78 secs.
Decoding time for thread 45 = 0.786 secs.
Decoding time for thread 20 = 0.8 secs.
Decoding time for thread 57 = 0.801 secs.
Decoding time for thread 29 = 0.808 secs.
Decoding time for thread 37 = 0.826 secs.
Decoding time for thread 35 = 0.838 secs.
Decoding time for thread 5 = 0.846 secs.
Decoding time for thread 58 = 0.851 secs.
Decoding time for thread 59 = 0.852 secs.
Decoding time for thread 33 = 0.864 secs.
Decoding time for thread 10 = 0.922 secs.
Decoding time for thread 54 = 0.954 secs.
Decoding time for thread 28 = 0.96 secs.
Decoding time for thread 53 = 0.96 secs.
Decoding time for thread 21 = 0.964 secs.
Decoding time for thread 31 = 0.971 secs.
Decoding time for thread 25 = 0.973 secs.
Decoding time for thread 62 = 0.969 secs.
Decoding time for thread 4 = 0.979 secs.
Decoding time for thread 0 = 0.984 secs.
Decoding time for thread 6 = 1.0 secs.
Decoding time for thread 11 = 1.025 secs.
Decoding time for thread 51 = 1.035 secs.
Decoding time for thread 27 = 1.076 secs.
Decoding time for thread 23 = 1.171 secs.
Decoding time for thread 32 = 1.184 secs.
Decoding time for thread 17 = 1.197 secs.
Decoding time for thread 2 = 1.262 secs.
Decoding time for thread 3 = 3.709 secs.
Decoding time for thread 43 = 3.822 secs.
Decoding time for thread 24 = 4.028 secs.
Decoding time for thread 38 = 4.049 secs.
Decoding time for thread 26 = 4.092 secs.
Decoding time for thread 19 = 4.313 secs.
Decoding time for thread 9 = 4.374 secs.
Decoding time for thread 12 = 4.382 secs.
Decoding time for thread 16 = 4.391 secs.
Decoding time for thread 55 = 4.552 secs.
Decoding time for thread 8 = 4.591 secs.
Decoding time for thread 18 = 5.273 secs.
Decoding time for thread 15 = 5.494 secs.
Decoding time for thread 47 = 7.283 secs.
Decoding time for thread 7 = 8.781 secs.
Okay. Decoding done.
Overall decoding time = 8.786 secs.
**Evaluating Dependency Result**
[Dependency] Correct: 1975
[Dependency] total: 2683
[Dependency] UAS: 73.61
[Dependency] Non-Segment Correct: 1842
[Dependency] Non-Segment total: 2506
[Dependency] Non-Segment UAS: 73.50
*************************
