Picked up _JAVA_OPTIONS: -Xmx256000m
[Info] trainNum: -1
[Info] testNum: -1
[Info] numIter: 3000
[Info] numThreads: 63
[Info] Regularization Parameter: 0.1
[Info] Using development set??: false
[Info] Current Model:SegDep
[Info] train path: data/allanprocess/voa/train.conllx
[Info] testFile: data/allanprocess/voa/test.conllx
[Info] dpRes: data/allanprocess/voa/output/SegDep.test.dp.res.txt
[Info] ner eval: data/allanprocess/voa/output/SegDep.test.ner.eval.txt
[Info] joint Res: data/allanprocess/voa/output/SegDep.test.joint.res.txt
[Info] number of train instances:1413
[Info] max sentence length: 127
[Info] max entity length: 9
[Info] number of test instances:475
[Info] max sentence length: 69
[Info] max entity length: 7
The label set: {0=O(0), 1=person(1), 2=organization(2), 3=MISC(3), 4=gpe(4), 5=EMPTY(5)}
Capacity successfully set to: [500, 500, 5, 5, 10]
#instances=1413
Thread 0 has 46 instances.
Thread 1 has 46 instances.
Thread 2 has 46 instances.
Thread 3 has 46 instances.
Thread 4 has 46 instances.
Thread 5 has 46 instances.
Thread 6 has 46 instances.
Thread 7 has 46 instances.
Thread 8 has 46 instances.
Thread 9 has 46 instances.
Thread 10 has 46 instances.
Thread 11 has 46 instances.
Thread 12 has 46 instances.
Thread 13 has 46 instances.
Thread 14 has 46 instances.
Thread 15 has 46 instances.
Thread 16 has 46 instances.
Thread 17 has 46 instances.
Thread 18 has 46 instances.
Thread 19 has 46 instances.
Thread 20 has 46 instances.
Thread 21 has 46 instances.
Thread 22 has 46 instances.
Thread 23 has 46 instances.
Thread 24 has 46 instances.
Thread 25 has 46 instances.
Thread 26 has 46 instances.
Thread 27 has 44 instances.
Thread 28 has 44 instances.
Thread 29 has 44 instances.
Thread 30 has 44 instances.
Thread 31 has 44 instances.
Thread 32 has 44 instances.
Thread 33 has 44 instances.
Thread 34 has 44 instances.
Thread 35 has 44 instances.
Thread 36 has 44 instances.
Thread 37 has 44 instances.
Thread 38 has 44 instances.
Thread 39 has 44 instances.
Thread 40 has 44 instances.
Thread 41 has 44 instances.
Thread 42 has 44 instances.
Thread 43 has 44 instances.
Thread 44 has 44 instances.
Thread 45 has 44 instances.
Thread 46 has 44 instances.
Thread 47 has 44 instances.
Thread 48 has 44 instances.
Thread 49 has 44 instances.
Thread 50 has 44 instances.
Thread 51 has 44 instances.
Thread 52 has 44 instances.
Thread 53 has 44 instances.
Thread 54 has 44 instances.
Thread 55 has 44 instances.
Thread 56 has 44 instances.
Thread 57 has 44 instances.
Thread 58 has 44 instances.
Thread 59 has 44 instances.
Thread 60 has 44 instances.
Thread 61 has 44 instances.
Thread 62 has 44 instances.
...............................................................44701 nodes..

Thread 55 touch time: 30.638 secs.

Thread 51 touch time: 30.878 secs.

Thread 22 touch time: 35.141 secs.

Thread 33 touch time: 35.789 secs.

Thread 3 touch time: 36.453 secs.

Thread 47 touch time: 36.471 secs.

Thread 18 touch time: 36.602 secs.

Thread 28 touch time: 37.17 secs.

Thread 30 touch time: 40.303 secs.

Thread 44 touch time: 40.491 secs.

Thread 21 touch time: 40.554 secs.

Thread 20 touch time: 40.729 secs.

Thread 16 touch time: 40.735 secs.

Thread 49 touch time: 40.752 secs.

Thread 59 touch time: 40.794 secs.

Thread 4 touch time: 41.113 secs.

Thread 34 touch time: 41.664 secs.

Thread 43 touch time: 42.059 secs.

Thread 54 touch time: 42.148 secs.

Thread 19 touch time: 42.344 secs.

Thread 8 touch time: 42.408 secs.

Thread 38 touch time: 42.631 secs.

Thread 42 touch time: 43.326 secs.

Thread 24 touch time: 43.384 secs.

Thread 29 touch time: 43.566 secs.

Thread 40 touch time: 43.589 secs.

Thread 53 touch time: 43.6 secs.

Thread 1 touch time: 43.943 secs.

Thread 15 touch time: 44.372 secs.

Thread 17 touch time: 47.86 secs.

Thread 37 touch time: 47.844 secs.

Thread 58 touch time: 48.248 secs.

Thread 9 touch time: 48.32 secs.

Thread 60 touch time: 48.398 secs.

Thread 52 touch time: 48.614 secs.

Thread 25 touch time: 49.257 secs.

Thread 46 touch time: 49.968 secs.

Thread 35 touch time: 50.154 secs.

Thread 27 touch time: 50.344 secs.

Thread 2 touch time: 50.772 secs.

Thread 45 touch time: 50.968 secs.

Thread 56 touch time: 50.988 secs.

Thread 48 touch time: 51.336 secs.

Thread 62 touch time: 52.562 secs.

Thread 0 touch time: 52.872 secs.

Thread 13 touch time: 53.156 secs.

Thread 26 touch time: 53.266 secs.

Thread 50 touch time: 53.715 secs.

Thread 39 touch time: 54.32 secs.

Thread 31 touch time: 54.96 secs.

Thread 12 touch time: 55.192 secs.

Thread 10 touch time: 55.757 secs.

Thread 41 touch time: 60.967 secs.

Thread 23 touch time: 61.453 secs.

Thread 57 touch time: 61.793 secs.

Thread 36 touch time: 62.257 secs.

Thread 11 touch time: 62.554 secs.

Thread 32 touch time: 66.041 secs.

Thread 6 touch time: 66.514 secs.

Thread 7 touch time: 66.837 secs.

Thread 5 touch time: 68.981 secs.

Thread 61 touch time: 75.42 secs.

Thread 14 touch time: 103.958 secs.
Finalized local param. size:552572
Finalized local param. size:474998
Finalized local param. size:451025
Finalized local param. size:383147
Finalized local param. size:439622
Finalized local param. size:715236
Finalized local param. size:558106
Finalized local param. size:456974
Finalized local param. size:433117
Finalized local param. size:489567
Finalized local param. size:590366
Finalized local param. size:620538
Finalized local param. size:640982
Finalized local param. size:433016
Finalized local param. size:607638
Finalized local param. size:448513
Finalized local param. size:368736
Finalized local param. size:491940
Finalized local param. size:364725
Finalized local param. size:402537
Finalized local param. size:395231
Finalized local param. size:415390
Finalized local param. size:376844
Finalized local param. size:536725
Finalized local param. size:408843
Finalized local param. size:544933
Finalized local param. size:536669
Finalized local param. size:531401
Finalized local param. size:395684
Finalized local param. size:455325
Finalized local param. size:407652
Finalized local param. size:535686
Finalized local param. size:610715
Finalized local param. size:352218
Finalized local param. size:407283
Finalized local param. size:468738
Finalized local param. size:539115
Finalized local param. size:466919
Finalized local param. size:442185
Finalized local param. size:498806
Finalized local param. size:403639
Finalized local param. size:521734
Finalized local param. size:410408
Finalized local param. size:409979
Finalized local param. size:406212
Finalized local param. size:473686
Finalized local param. size:484949
Finalized local param. size:388640
Finalized local param. size:559115
Finalized local param. size:399222
Finalized local param. size:509409
Finalized local param. size:284067
Finalized local param. size:563265
Finalized local param. size:433917
Finalized local param. size:479044
Finalized local param. size:277490
Finalized local param. size:522060
Finalized local param. size:545280
Finalized local param. size:484099
Finalized local param. size:391257
Finalized local param. size:489170
Finalized local param. size:527287
Finalized local param. size:484022
10458898 features.
*************************************************
  n = 10458898   number of corrections = 4
       initial values
 f =  51845.68655881549   gnorm =  26578.952734806804
*************************************************
	i	nfn	func			gnorm			steplength
Iteration 0: Obj=-51845.686558815490 Time=11.294s 0.000000000000 Total time: 11.300s
	1	2	38202.22943127176	15788.718816974895	3.7623754779865245E-5
Iteration 1: Obj=-38202.229431271760 Time=3.873s 0.736844894279 Total time: 15.179s
Iteration 2: Obj=-30808.394158007377 Time=3.952s 0.806455398459 Total time: 19.135s
Iteration 3: Obj=-25547.589179622920 Time=4.152s 0.829241181757 Total time: 23.289s
Iteration 4: Obj=-21957.442813103660 Time=4.290s 0.859472205331 Total time: 27.583s
Iteration 5: Obj=-18159.285533778417 Time=4.218s 0.827021875377 Total time: 31.803s
Iteration 6: Obj=-16031.609275425179 Time=3.974s 0.882832600743 Total time: 35.779s
Iteration 7: Obj=-14530.398600257393 Time=3.990s 0.906359327415 Total time: 39.771s
Iteration 8: Obj=-13773.807509305818 Time=4.211s 0.947930465518 Total time: 43.985s
Iteration 9: Obj=-12108.143403500960 Time=4.188s 0.879070176879 Total time: 48.176s
Iteration 10: Obj=-10750.418605997358 Time=4.094s 0.887866805648 Total time: 52.273s
Iteration 11: Obj=-9920.576026791936 Time=4.063s 0.922808347319 Total time: 56.339s
Iteration 12: Obj=-9198.468229870920 Time=3.940s 0.927211101959 Total time: 60.281s
Iteration 13: Obj=-8443.367981713150 Time=3.987s 0.917910218388 Total time: 64.272s
Iteration 14: Obj=-8179.336290320582 Time=4.157s 0.968729102893 Total time: 68.431s
Iteration 15: Obj=-7453.514592786200 Time=3.974s 0.911261541063 Total time: 72.408s
Iteration 16: Obj=-6563.121271387336 Time=4.157s 0.880540473851 Total time: 76.569s
Iteration 17: Obj=-5728.708396659944 Time=4.223s 0.872863407482 Total time: 80.794s
Iteration 18: Obj=-4742.532471880809 Time=4.045s 0.827853705147 Total time: 84.842s
Iteration 19: Obj=-4115.571912547341 Time=4.020s 0.867800470940 Total time: 88.865s
Iteration 20: Obj=-3655.213804301506 Time=3.989s 0.888142372912 Total time: 92.856s
Iteration 21: Obj=-3167.263799787107 Time=4.058s 0.866505755713 Total time: 96.917s
Iteration 22: Obj=-3378.635696611063 Time=3.274s 1.066736435670 Total time: 100.197s
Iteration 23: Obj=-2864.210925056426 Time=4.133s 0.847741864543 Total time: 104.331s
Iteration 24: Obj=-2414.418332107026 Time=3.979s 0.842961079083 Total time: 108.312s
Iteration 25: Obj=-2213.897438762548 Time=4.005s 0.916948570727 Total time: 112.319s
Iteration 26: Obj=-1984.663422707245 Time=4.082s 0.896456804167 Total time: 116.404s
Iteration 27: Obj=-1797.584594850226 Time=4.009s 0.905737755976 Total time: 120.417s
Iteration 28: Obj=-1683.825327736849 Time=3.959s 0.936715486192 Total time: 124.378s
Iteration 29: Obj=-1605.110639805612 Time=4.044s 0.953252462334 Total time: 128.424s
Iteration 30: Obj=-1511.223047006299 Time=4.009s 0.941507089623 Total time: 132.435s
Iteration 31: Obj=-1443.570300677508 Time=4.172s 0.955233116341 Total time: 136.609s
Iteration 32: Obj=-1369.415182768590 Time=4.131s 0.948630753990 Total time: 140.742s
Iteration 33: Obj=-1311.264171979320 Time=4.038s 0.957535879899 Total time: 144.782s
Iteration 34: Obj=-1292.790357200863 Time=4.016s 0.985911447004 Total time: 148.800s
Iteration 35: Obj=-1270.092553299453 Time=4.008s 0.982442780630 Total time: 152.809s
Iteration 36: Obj=-1241.164093871267 Time=3.923s 0.977223345375 Total time: 156.733s
Iteration 37: Obj=-1233.913401294095 Time=4.227s 0.994158151518 Total time: 160.962s
Iteration 38: Obj=-1215.335283474571 Time=3.957s 0.984943742567 Total time: 164.921s
Iteration 39: Obj=-1189.134712245026 Time=4.041s 0.978441692934 Total time: 168.964s
Iteration 40: Obj=-1166.262802226283 Time=3.982s 0.980765921823 Total time: 172.948s
Iteration 41: Obj=-1143.146862430324 Time=4.102s 0.980179476056 Total time: 177.052s
Iteration 42: Obj=-1130.950075733843 Time=3.953s 0.989330516404 Total time: 181.007s
Iteration 43: Obj=-1113.201519411289 Time=3.974s 0.984306507685 Total time: 184.983s
Iteration 44: Obj=-1085.172275297888 Time=4.147s 0.974821051153 Total time: 189.132s
Iteration 45: Obj=-1067.341304098827 Time=4.038s 0.983568534135 Total time: 193.172s
Iteration 46: Obj=-1049.317888520463 Time=3.253s 0.983113728000 Total time: 196.427s
Iteration 47: Obj=-1052.277259074175 Time=3.944s 1.002820280285 Total time: 200.374s
Iteration 48: Obj=-1067.831807629848 Time=3.134s 1.014781796738 Total time: 203.510s
Iteration 49: Obj=-1032.651835509685 Time=4.026s 0.967054762867 Total time: 207.538s
Iteration 50: Obj=-1025.549419758658 Time=4.051s 0.993122158402 Total time: 211.591s
Iteration 51: Obj=-1010.643917465657 Time=4.089s 0.985465837135 Total time: 215.682s
Iteration 52: Obj=-998.322536137037  Time=4.053s 0.987808385213 Total time: 219.737s
Iteration 53: Obj=-992.285473915400  Time=4.064s 0.993952793809 Total time: 223.803s
Iteration 54: Obj=-977.929750994787  Time=4.089s 0.985532668473 Total time: 227.894s
Iteration 55: Obj=-967.968183567805  Time=3.916s 0.989813616554 Total time: 231.812s
Iteration 56: Obj=-951.075998453153  Time=4.135s 0.982548821954 Total time: 235.948s
Iteration 57: Obj=-921.684193236902  Time=3.922s 0.969096260168 Total time: 239.873s
Iteration 58: Obj=-908.265199996960  Time=3.864s 0.985440790524 Total time: 243.739s
Iteration 59: Obj=-888.495858887857  Time=4.239s 0.978233955117 Total time: 247.980s
Iteration 60: Obj=-868.878782038629  Time=4.051s 0.977921026133 Total time: 252.033s
Iteration 61: Obj=-847.996027933883  Time=3.818s 0.975965860214 Total time: 255.853s
Iteration 62: Obj=-837.544665409330  Time=3.893s 0.987675222312 Total time: 259.748s
Iteration 63: Obj=-819.503447331033  Time=4.076s 0.978459395871 Total time: 263.826s
Iteration 64: Obj=-803.834851222156  Time=3.895s 0.980880378039 Total time: 267.723s
Iteration 65: Obj=-790.008715956399  Time=4.031s 0.982799781268 Total time: 271.756s
Iteration 66: Obj=-781.303635366631  Time=3.848s 0.988981032217 Total time: 275.606s
Iteration 67: Obj=-766.757379565771  Time=3.880s 0.981382070757 Total time: 279.488s
Iteration 68: Obj=-743.589921654000  Time=3.877s 0.969785151693 Total time: 283.367s
Iteration 69: Obj=-732.584308810691  Time=3.885s 0.985199351789 Total time: 287.254s
Iteration 70: Obj=-943.632324180153  Time=3.070s 1.288086999450 Total time: 290.327s
Iteration 71: Obj=-710.376433184172  Time=3.838s 0.752810618057 Total time: 294.166s
Iteration 72: Obj=-695.770398553570  Time=3.998s 0.979439021414 Total time: 298.166s
Iteration 73: Obj=-683.001495016190  Time=3.851s 0.981647820080 Total time: 302.019s
Iteration 74: Obj=-676.741745219898  Time=3.342s 0.990834939833 Total time: 305.362s
Iteration 75: Obj=-669.235757040148  Time=3.820s 0.988908637257 Total time: 309.184s
Iteration 76: Obj=-710.959135286833  Time=3.165s 1.062344813181 Total time: 312.351s
Iteration 77: Obj=-657.092858529305  Time=3.960s 0.924234355979 Total time: 316.314s
Iteration 78: Obj=-643.197027426863  Time=3.805s 0.978852561062 Total time: 320.121s
Iteration 79: Obj=-625.188238389365  Time=3.799s 0.972001131427 Total time: 323.922s
Iteration 80: Obj=-608.090764673180  Time=3.898s 0.972652278680 Total time: 327.823s
Iteration 81: Obj=-592.598696767741  Time=3.917s 0.974523428400 Total time: 331.741s
Iteration 82: Obj=-584.728631384036  Time=3.830s 0.986719401466 Total time: 335.574s
Iteration 83: Obj=-576.570774795964  Time=3.820s 0.986048474198 Total time: 339.396s
Iteration 84: Obj=-567.083294685532  Time=3.830s 0.983544986105 Total time: 343.228s
Iteration 85: Obj=-560.070831644808  Time=3.887s 0.987634156911 Total time: 347.117s
Iteration 86: Obj=-551.019244555370  Time=3.867s 0.983838495815 Total time: 350.985s
Iteration 87: Obj=-546.000754033342  Time=3.835s 0.990892349820 Total time: 354.822s
Iteration 88: Obj=-863.223617963432  Time=3.347s 1.580993453922 Total time: 358.171s
Iteration 89: Obj=-528.005697674716  Time=3.817s 0.611667343996 Total time: 361.992s
Iteration 90: Obj=-520.720720410903  Time=3.139s 0.986202843462 Total time: 365.132s
Iteration 91: Obj=-515.275507200788  Time=3.945s 0.989542929642 Total time: 369.079s
Iteration 92: Obj=-510.373135007811  Time=3.116s 0.990485920397 Total time: 372.197s
Iteration 93: Obj=-504.615962509881  Time=3.791s 0.988719679577 Total time: 375.990s
Iteration 94: Obj=-497.118261149051  Time=4.073s 0.985141767368 Total time: 380.065s
Iteration 95: Obj=-494.173626937149  Time=4.245s 0.994076592147 Total time: 384.312s
Iteration 96: Obj=-486.753850585047  Time=3.796s 0.984985486987 Total time: 388.110s
Iteration 97: Obj=-479.107579610173  Time=3.846s 0.984291298434 Total time: 391.958s
Iteration 98: Obj=-468.638161784052  Time=3.897s 0.978148085583 Total time: 395.856s
Iteration 99: Obj=-455.455415835530  Time=3.827s 0.971870097180 Total time: 399.685s
Iteration 100: Obj=-446.819006973355  Time=3.814s 0.981037861090 Total time: 403.501s
Iteration 101: Obj=-428.587468024653  Time=3.830s 0.959197038031 Total time: 407.333s
Iteration 102: Obj=-441.225589977664  Time=3.113s 1.029487847629 Total time: 410.448s
Iteration 103: Obj=-423.518817905933  Time=3.819s 0.959869118034 Total time: 414.268s
Iteration 104: Obj=-418.638846295549  Time=4.286s 0.988477556595 Total time: 418.556s
Iteration 105: Obj=-410.222380151998  Time=3.841s 0.979895639838 Total time: 422.399s
Iteration 106: Obj=-401.652132860369  Time=3.878s 0.979108289293 Total time: 426.279s
Iteration 107: Obj=-394.867307357895  Time=3.905s 0.983107707025 Total time: 430.186s
Iteration 108: Obj=-386.729741388286  Time=4.160s 0.979391644185 Total time: 434.349s
Iteration 109: Obj=-375.638569140899  Time=3.997s 0.971320612147 Total time: 438.347s
Iteration 110: Obj=-376.292839557335  Time=3.050s 1.001741755161 Total time: 441.399s
Iteration 111: Obj=-370.262874733010  Time=3.876s 0.983975339973 Total time: 445.277s
Iteration 112: Obj=-364.748082562160  Time=3.853s 0.985105738255 Total time: 449.131s
Iteration 113: Obj=-360.143122893382  Time=4.004s 0.987374958529 Total time: 453.137s
Iteration 114: Obj=-356.284094943632  Time=3.821s 0.989284737915 Total time: 456.960s
Iteration 115: Obj=-350.399512942134  Time=3.927s 0.983483455801 Total time: 460.889s
Iteration 116: Obj=-345.216561719276  Time=3.820s 0.985208451977 Total time: 464.710s
Iteration 117: Obj=-342.545966192975  Time=3.854s 0.992263999407 Total time: 468.566s
Iteration 118: Obj=-349.173790964749  Time=3.517s 1.019348716452 Total time: 472.085s
Iteration 119: Obj=-340.830654728852  Time=4.189s 0.976106063938 Total time: 476.275s
Iteration 120: Obj=-392.621294445587  Time=2.982s 1.151954171370 Total time: 479.260s
Iteration 121: Obj=-339.826940983724  Time=4.246s 0.865533647286 Total time: 483.508s
Iteration 122: Obj=-345.581818527221  Time=2.996s 1.016934730151 Total time: 486.505s
Iteration 123: Obj=-337.071311485997  Time=3.879s 0.975373394707 Total time: 490.386s
Iteration 124: Obj=-502.757373029800  Time=3.096s 1.491546019782 Total time: 493.484s
Iteration 125: Obj=-333.738433945852  Time=3.865s 0.663816090721 Total time: 497.351s
Iteration 126: Obj=-332.883893026034  Time=4.275s 0.997439489034 Total time: 501.628s
Iteration 127: Obj=-329.451601514040  Time=3.849s 0.989689223228 Total time: 505.479s
Iteration 128: Obj=-325.939301947250  Time=4.306s 0.989338951304 Total time: 509.787s
Iteration 129: Obj=-323.555191990355  Time=3.821s 0.992685417369 Total time: 513.610s
Iteration 130: Obj=-320.547695337944  Time=3.801s 0.990704841935 Total time: 517.413s
Iteration 131: Obj=-318.735256304957  Time=3.842s 0.994345805447 Total time: 521.257s
Iteration 132: Obj=-317.182179060247  Time=4.265s 0.995127375419 Total time: 525.523s
Iteration 133: Obj=-315.614718357876  Time=3.826s 0.995058169072 Total time: 529.351s
Iteration 134: Obj=-314.240787274956  Time=3.892s 0.995646809217 Total time: 533.245s
Iteration 135: Obj=-312.142252705277  Time=3.874s 0.993321889918 Total time: 537.121s
Iteration 136: Obj=-310.334150650059  Time=3.946s 0.994207442153 Total time: 541.069s
Iteration 137: Obj=-308.927706933632  Time=3.850s 0.995467969885 Total time: 544.921s
Iteration 138: Obj=-307.250654985967  Time=3.830s 0.994571377348 Total time: 548.753s
Iteration 139: Obj=-306.149876715173  Time=3.868s 0.996417328156 Total time: 552.623s
Iteration 140: Obj=-305.010535343742  Time=4.036s 0.996278484958 Total time: 556.660s
Iteration 141: Obj=-304.073274311657  Time=4.390s 0.996927119153 Total time: 561.052s
Iteration 142: Obj=-303.409749754799  Time=3.907s 0.997817879396 Total time: 564.961s
Iteration 143: Obj=-303.367765087448  Time=3.119s 0.999861623869 Total time: 568.082s
Iteration 144: Obj=-302.725637282034  Time=3.815s 0.997883335412 Total time: 571.899s
Iteration 145: Obj=-301.989391785996  Time=3.962s 0.997567944682 Total time: 575.863s
Iteration 146: Obj=-301.485625360467  Time=3.848s 0.998331840657 Total time: 579.712s
Iteration 147: Obj=-300.595990655854  Time=3.914s 0.997049163775 Total time: 583.628s
Iteration 148: Obj=-300.598667494958  Time=3.076s 1.000008905106 Total time: 586.706s
Iteration 149: Obj=-300.230421250726  Time=3.947s 0.998774957164 Total time: 590.654s
Iteration 150: Obj=-299.829492701880  Time=3.850s 0.998664597188 Total time: 594.506s
Iteration 151: Obj=-299.191382012164  Time=3.862s 0.997871754763 Total time: 598.369s
Iteration 152: Obj=-299.456558298865  Time=3.283s 1.000886309909 Total time: 601.653s
Iteration 153: Obj=-298.922882709411  Time=3.955s 0.998217853059 Total time: 605.610s
Iteration 154: Obj=-298.680556740780  Time=3.810s 0.999189336171 Total time: 609.422s
Iteration 155: Obj=-302.071521407424  Time=3.511s 1.011353148339 Total time: 612.935s
Iteration 156: Obj=-298.511157768535  Time=4.317s 0.988213507774 Total time: 617.254s
Iteration 157: Obj=-297.973364365737  Time=3.798s 0.998198414402 Total time: 621.054s
Iteration 158: Obj=-297.559956951621  Time=3.872s 0.998612602791 Total time: 624.928s
Iteration 159: Obj=-297.094538890586  Time=3.829s 0.998435884768 Total time: 628.760s
Iteration 160: Obj=-296.783930604540  Time=3.916s 0.998954513647 Total time: 632.679s
Iteration 161: Obj=-296.625036219063  Time=3.901s 0.999464612571 Total time: 636.582s
Iteration 162: Obj=-296.142415927062  Time=3.842s 0.998372961709 Total time: 640.426s
Iteration 163: Obj=-296.086961344927  Time=3.856s 0.999812743534 Total time: 644.284s
Iteration 164: Obj=-295.783527992961  Time=4.021s 0.998975188402 Total time: 648.307s
Iteration 165: Obj=-295.649236269573  Time=3.867s 0.999545979709 Total time: 652.175s
Iteration 166: Obj=-295.441023051624  Time=4.089s 0.999295742412 Total time: 656.266s
Iteration 167: Obj=-295.142747139958  Time=4.003s 0.998990404553 Total time: 660.270s
Iteration 168: Obj=-296.668098450435  Time=3.180s 1.005168181584 Total time: 663.452s
Iteration 169: Obj=-295.024460031119  Time=3.930s 0.994459672517 Total time: 667.384s
Iteration 170: Obj=-294.827945701848  Time=3.848s 0.999333904961 Total time: 671.233s
Iteration 171: Obj=-294.686697351506  Time=3.839s 0.999520912612 Total time: 675.074s
Iteration 172: Obj=-294.709398421419  Time=3.075s 1.000077034593 Total time: 678.151s
Iteration 173: Obj=-294.581215160480  Time=3.832s 0.999565052008 Total time: 681.985s
Iteration 174: Obj=-294.455125976133  Time=3.898s 0.999571971403 Total time: 685.885s
Iteration 175: Obj=-294.379666381935  Time=3.914s 0.999743731430 Total time: 689.801s
Iteration 176: Obj=-294.253793646426  Time=4.081s 0.999572413621 Total time: 693.884s
Iteration 177: Obj=-294.219382646918  Time=4.108s 0.999883056735 Total time: 697.993s
Iteration 178: Obj=-294.132000547006  Time=4.360s 0.999703003592 Total time: 702.355s
Iteration 179: Obj=-294.096877844822  Time=3.832s 0.999880588640 Total time: 706.189s
Iteration 180: Obj=-294.053350837169  Time=3.920s 0.999851997723 Total time: 710.111s
Iteration 181: Obj=-294.066063846833  Time=3.475s 1.000043233684 Total time: 713.588s
Iteration 182: Obj=-294.026165695793  Time=3.909s 0.999864322491 Total time: 717.498s
Iteration 183: Obj=-293.980605966756  Time=3.942s 0.999845048726 Total time: 721.442s
Iteration 184: Obj=-293.921035390563  Time=3.979s 0.999797365626 Total time: 725.423s
Iteration 185: Obj=-293.878758471652  Time=3.940s 0.999856162323 Total time: 729.365s
Iteration 186: Obj=-293.826467584378  Time=3.921s 0.999822066462 Total time: 733.288s
Iteration 187: Obj=-293.784637538461  Time=4.196s 0.999857636903 Total time: 737.485s
Iteration 188: Obj=-293.740902317081  Time=4.143s 0.999851131694 Total time: 741.630s
Iteration 189: Obj=-293.750213565744  Time=3.044s 1.000031698850 Total time: 744.676s
Iteration 190: Obj=-293.706787288706  Time=4.214s 0.999852165973 Total time: 748.892s
Iteration 191: Obj=-293.651348310597  Time=3.996s 0.999811243797 Total time: 752.889s
Iteration 192: Obj=-293.593477838173  Time=4.000s 0.999802927953 Total time: 756.891s
Iteration 193: Obj=-293.548930697986  Time=3.857s 0.999848269313 Total time: 760.750s
Iteration 194: Obj=-293.506498524834  Time=4.100s 0.999855451106 Total time: 764.852s
Iteration 195: Obj=-293.455043330296  Time=3.975s 0.999824688057 Total time: 768.829s
Iteration 196: Obj=-293.391245196824  Time=4.013s 0.999782596568 Total time: 772.844s
Iteration 197: Obj=-293.333377398285  Time=3.847s 0.999802762354 Total time: 776.692s
Iteration 198: Obj=-293.301308878742  Time=3.846s 0.999890675518 Total time: 780.540s
Iteration 199: Obj=-293.254548061402  Time=3.828s 0.999840570717 Total time: 784.370s
Iteration 200: Obj=-293.217497561311  Time=4.222s 0.999873657543 Total time: 788.593s
Iteration 201: Obj=-293.163374532572  Time=4.268s 0.999815416784 Total time: 792.862s
Iteration 202: Obj=-293.093097003684  Time=3.854s 0.999760278619 Total time: 796.719s
Iteration 203: Obj=-293.035889945421  Time=4.180s 0.999804816085 Total time: 800.900s
Iteration 204: Obj=-293.008582757460  Time=3.861s 0.999906812821 Total time: 804.763s
Iteration 205: Obj=-292.988329584129  Time=3.830s 0.999930878566 Total time: 808.595s
Iteration 206: Obj=-292.946611662923  Time=3.917s 0.999857612345 Total time: 812.514s
Iteration 207: Obj=-292.912950118950  Time=4.082s 0.999885093247 Total time: 816.598s
Iteration 208: Obj=-293.009631551920  Time=2.995s 1.000330068824 Total time: 819.595s
Iteration 209: Obj=-292.902035237638  Time=3.842s 0.999632789155 Total time: 823.439s
Iteration 210: Obj=-292.887500672242  Time=3.934s 0.999950377383 Total time: 827.375s
Iteration 211: Obj=-292.874346093676  Time=3.890s 0.999955086583 Total time: 831.267s
Iteration 212: Obj=-292.854529660367  Time=3.937s 0.999932338105 Total time: 835.206s
Training completes. No significant progress (<objtol) after 212 iterations.
*****Evaluation*****
#threads:63
#instances=475
Thread 0 has 8 instances.
Thread 1 has 8 instances.
Thread 2 has 8 instances.
Thread 3 has 8 instances.
Thread 4 has 8 instances.
Thread 5 has 8 instances.
Thread 6 has 8 instances.
Thread 7 has 8 instances.
Thread 8 has 8 instances.
Thread 9 has 8 instances.
Thread 10 has 8 instances.
Thread 11 has 8 instances.
Thread 12 has 8 instances.
Thread 13 has 8 instances.
Thread 14 has 8 instances.
Thread 15 has 8 instances.
Thread 16 has 8 instances.
Thread 17 has 8 instances.
Thread 18 has 8 instances.
Thread 19 has 8 instances.
Thread 20 has 8 instances.
Thread 21 has 8 instances.
Thread 22 has 8 instances.
Thread 23 has 8 instances.
Thread 24 has 8 instances.
Thread 25 has 8 instances.
Thread 26 has 8 instances.
Thread 27 has 8 instances.
Thread 28 has 8 instances.
Thread 29 has 8 instances.
Thread 30 has 8 instances.
Thread 31 has 8 instances.
Thread 32 has 8 instances.
Thread 33 has 8 instances.
Thread 34 has 7 instances.
Thread 35 has 7 instances.
Thread 36 has 7 instances.
Thread 37 has 7 instances.
Thread 38 has 7 instances.
Thread 39 has 7 instances.
Thread 40 has 7 instances.
Thread 41 has 7 instances.
Thread 42 has 7 instances.
Thread 43 has 7 instances.
Thread 44 has 7 instances.
Thread 45 has 7 instances.
Thread 46 has 7 instances.
Thread 47 has 7 instances.
Thread 48 has 7 instances.
Thread 49 has 7 instances.
Thread 50 has 7 instances.
Thread 51 has 7 instances.
Thread 52 has 7 instances.
Thread 53 has 7 instances.
Thread 54 has 7 instances.
Thread 55 has 7 instances.
Thread 56 has 7 instances.
Thread 57 has 7 instances.
Thread 58 has 7 instances.
Thread 59 has 7 instances.
Thread 60 has 7 instances.
Thread 61 has 7 instances.
Thread 62 has 7 instances.
Okay. Decoding started.
Decoding time for thread 8 = 0.84 secs.
Decoding time for thread 35 = 1.048 secs.
Decoding time for thread 49 = 1.399 secs.
Decoding time for thread 58 = 1.407 secs.
Decoding time for thread 50 = 1.504 secs.
Decoding time for thread 34 = 1.585 secs.
Decoding time for thread 60 = 1.59 secs.
Decoding time for thread 3 = 1.599 secs.
Decoding time for thread 2 = 1.606 secs.
Decoding time for thread 62 = 1.648 secs.
Decoding time for thread 26 = 1.672 secs.
Decoding time for thread 37 = 1.706 secs.
Decoding time for thread 54 = 1.769 secs.
Decoding time for thread 51 = 1.813 secs.
Decoding time for thread 27 = 1.835 secs.
Decoding time for thread 46 = 1.848 secs.
Decoding time for thread 57 = 1.855 secs.
Decoding time for thread 16 = 1.912 secs.
Decoding time for thread 25 = 1.933 secs.
Decoding time for thread 18 = 2.078 secs.
Decoding time for thread 43 = 2.081 secs.
Decoding time for thread 0 = 2.093 secs.
Decoding time for thread 40 = 2.204 secs.
Decoding time for thread 53 = 2.286 secs.
Decoding time for thread 52 = 2.685 secs.
Decoding time for thread 9 = 2.725 secs.
Decoding time for thread 55 = 2.746 secs.
Decoding time for thread 48 = 2.771 secs.
Decoding time for thread 42 = 2.816 secs.
Decoding time for thread 22 = 2.83 secs.
Decoding time for thread 32 = 2.837 secs.
Decoding time for thread 17 = 2.848 secs.
Decoding time for thread 15 = 2.886 secs.
Decoding time for thread 21 = 2.899 secs.
Decoding time for thread 12 = 2.901 secs.
Decoding time for thread 56 = 2.901 secs.
Decoding time for thread 23 = 2.941 secs.
Decoding time for thread 5 = 2.991 secs.
Decoding time for thread 1 = 3.02 secs.
Decoding time for thread 7 = 3.036 secs.
Decoding time for thread 41 = 3.04 secs.
Decoding time for thread 29 = 3.061 secs.
Decoding time for thread 24 = 3.087 secs.
Decoding time for thread 13 = 3.113 secs.
Decoding time for thread 45 = 3.321 secs.
Decoding time for thread 28 = 3.355 secs.
Decoding time for thread 59 = 3.352 secs.
Decoding time for thread 44 = 3.357 secs.
Decoding time for thread 30 = 3.398 secs.
Decoding time for thread 31 = 3.421 secs.
Decoding time for thread 4 = 3.586 secs.
Decoding time for thread 36 = 3.65 secs.
Decoding time for thread 38 = 3.729 secs.
Decoding time for thread 47 = 3.737 secs.
Decoding time for thread 6 = 3.783 secs.
Decoding time for thread 20 = 3.873 secs.
Decoding time for thread 61 = 3.873 secs.
Decoding time for thread 10 = 3.925 secs.
Decoding time for thread 11 = 4.083 secs.
Decoding time for thread 39 = 4.281 secs.
Decoding time for thread 33 = 6.489 secs.
Decoding time for thread 14 = 7.038 secs.
Decoding time for thread 19 = 7.85 secs.
Okay. Decoding done.
Overall decoding time = 7.853 secs.
**Evaluating Dependency Result**
[Dependency] Correct: 8079
[Dependency] total: 9203
[Dependency] UAS: 87.79
[Dependency] Non-Segment Correct: 6763
[Dependency] Non-Segment total: 7709
[Dependency] Non-Segment UAS: 87.73
*************************
