Picked up _JAVA_OPTIONS: -Xmx256000m
[Info] trainNum: -1
[Info] testNum: -1
[Info] numIter: 3000
[Info] numThreads: 63
[Info] Regularization Parameter: 0.1
[Info] Using development set??: false
[Info] Current Model:SegDep
[Info] train path: data/allanprocess/mnb/train.conllx
[Info] testFile: data/allanprocess/mnb/test.conllx
[Info] dpRes: data/allanprocess/mnb/output/SegDep.test.dp.res.txt
[Info] ner eval: data/allanprocess/mnb/output/SegDep.test.ner.eval.txt
[Info] joint Res: data/allanprocess/mnb/output/SegDep.test.joint.res.txt
[Info] number of train instances:472
[Info] max sentence length: 107
[Info] max entity length: 1
[Info] number of test instances:160
[Info] max sentence length: 70
[Info] max entity length: 1
The label set: {0=O(0), 1=gpe(1), 2=MISC(2), 3=person(3), 4=organization(4), 5=EMPTY(5)}
Capacity successfully set to: [500, 500, 5, 5, 10]
#instances=472
Thread 0 has 16 instances.
Thread 1 has 16 instances.
Thread 2 has 16 instances.
Thread 3 has 16 instances.
Thread 4 has 16 instances.
Thread 5 has 16 instances.
Thread 6 has 16 instances.
Thread 7 has 16 instances.
Thread 8 has 16 instances.
Thread 9 has 16 instances.
Thread 10 has 16 instances.
Thread 11 has 16 instances.
Thread 12 has 16 instances.
Thread 13 has 16 instances.
Thread 14 has 16 instances.
Thread 15 has 16 instances.
Thread 16 has 16 instances.
Thread 17 has 16 instances.
Thread 18 has 16 instances.
Thread 19 has 16 instances.
Thread 20 has 16 instances.
Thread 21 has 16 instances.
Thread 22 has 16 instances.
Thread 23 has 16 instances.
Thread 24 has 16 instances.
Thread 25 has 16 instances.
Thread 26 has 16 instances.
Thread 27 has 16 instances.
Thread 28 has 16 instances.
Thread 29 has 16 instances.
Thread 30 has 16 instances.
Thread 31 has 14 instances.
Thread 32 has 14 instances.
Thread 33 has 14 instances.
Thread 34 has 14 instances.
Thread 35 has 14 instances.
Thread 36 has 14 instances.
Thread 37 has 14 instances.
Thread 38 has 14 instances.
Thread 39 has 14 instances.
Thread 40 has 14 instances.
Thread 41 has 14 instances.
Thread 42 has 14 instances.
Thread 43 has 14 instances.
Thread 44 has 14 instances.
Thread 45 has 14 instances.
Thread 46 has 14 instances.
Thread 47 has 14 instances.
Thread 48 has 14 instances.
Thread 49 has 14 instances.
Thread 50 has 14 instances.
Thread 51 has 14 instances.
Thread 52 has 14 instances.
Thread 53 has 14 instances.
Thread 54 has 14 instances.
Thread 55 has 14 instances.
Thread 56 has 14 instances.
Thread 57 has 14 instances.
Thread 58 has 14 instances.
Thread 59 has 14 instances.
Thread 60 has 14 instances.
Thread 61 has 14 instances.
Thread 62 has 14 instances.
...............................................................44701 nodes..

Thread 24 touch time: 4.14 secs.

Thread 48 touch time: 4.535 secs.

Thread 13 touch time: 4.569 secs.

Thread 36 touch time: 4.79 secs.

Thread 47 touch time: 5.074 secs.

Thread 31 touch time: 5.328 secs.

Thread 12 touch time: 5.975 secs.

Thread 23 touch time: 6.226 secs.

Thread 49 touch time: 6.513 secs.

Thread 46 touch time: 7.142 secs.

Thread 16 touch time: 7.321 secs.

Thread 43 touch time: 7.441 secs.

Thread 29 touch time: 7.508 secs.

Thread 42 touch time: 7.728 secs.

Thread 14 touch time: 8.659 secs.

Thread 1 touch time: 8.693 secs.

Thread 33 touch time: 8.79 secs.

Thread 9 touch time: 9.087 secs.

Thread 32 touch time: 9.192 secs.

Thread 45 touch time: 9.179 secs.

Thread 52 touch time: 9.39 secs.

Thread 18 touch time: 10.835 secs.

Thread 59 touch time: 10.931 secs.

Thread 3 touch time: 13.565 secs.

Thread 57 touch time: 13.833 secs.

Thread 50 touch time: 13.957 secs.

Thread 34 touch time: 14.257 secs.

Thread 60 touch time: 14.379 secs.

Thread 39 touch time: 14.466 secs.

Thread 35 touch time: 14.474 secs.

Thread 37 touch time: 14.702 secs.

Thread 54 touch time: 15.393 secs.

Thread 27 touch time: 16.015 secs.

Thread 25 touch time: 16.05 secs.

Thread 62 touch time: 16.604 secs.

Thread 41 touch time: 16.893 secs.

Thread 20 touch time: 17.21 secs.

Thread 30 touch time: 17.272 secs.

Thread 61 touch time: 17.598 secs.

Thread 5 touch time: 17.785 secs.

Thread 38 touch time: 18.121 secs.

Thread 7 touch time: 20.583 secs.

Thread 55 touch time: 20.793 secs.

Thread 4 touch time: 21.002 secs.

Thread 17 touch time: 21.173 secs.

Thread 2 touch time: 21.23 secs.

Thread 44 touch time: 21.964 secs.

Thread 21 touch time: 22.15 secs.

Thread 28 touch time: 22.258 secs.

Thread 40 touch time: 23.712 secs.

Thread 26 touch time: 25.019 secs.

Thread 6 touch time: 25.388 secs.

Thread 15 touch time: 25.502 secs.

Thread 56 touch time: 25.547 secs.

Thread 0 touch time: 26.534 secs.

Thread 19 touch time: 26.739 secs.

Thread 8 touch time: 27.957 secs.

Thread 53 touch time: 28.003 secs.

Thread 51 touch time: 29.66 secs.

Thread 58 touch time: 30.504 secs.

Thread 11 touch time: 31.044 secs.

Thread 10 touch time: 45.455 secs.

Thread 22 touch time: 51.619 secs.
Finalized local param. size:215139
Finalized local param. size:99966
Finalized local param. size:212193
Finalized local param. size:143714
Finalized local param. size:169343
Finalized local param. size:184340
Finalized local param. size:217060
Finalized local param. size:152952
Finalized local param. size:222132
Finalized local param. size:108082
Finalized local param. size:395657
Finalized local param. size:275493
Finalized local param. size:69733
Finalized local param. size:63576
Finalized local param. size:87386
Finalized local param. size:255888
Finalized local param. size:88884
Finalized local param. size:151310
Finalized local param. size:112394
Finalized local param. size:133919
Finalized local param. size:151159
Finalized local param. size:170352
Finalized local param. size:304830
Finalized local param. size:78990
Finalized local param. size:54958
Finalized local param. size:130697
Finalized local param. size:236926
Finalized local param. size:151497
Finalized local param. size:138236
Finalized local param. size:87298
Finalized local param. size:163536
Finalized local param. size:54359
Finalized local param. size:91239
Finalized local param. size:84538
Finalized local param. size:122078
Finalized local param. size:105964
Finalized local param. size:60213
Finalized local param. size:134017
Finalized local param. size:198284
Finalized local param. size:142334
Finalized local param. size:159549
Finalized local param. size:134056
Finalized local param. size:86967
Finalized local param. size:85515
Finalized local param. size:146765
Finalized local param. size:111307
Finalized local param. size:79405
Finalized local param. size:51876
Finalized local param. size:58063
Finalized local param. size:81970
Finalized local param. size:142167
Finalized local param. size:258118
Finalized local param. size:94947
Finalized local param. size:269010
Finalized local param. size:136978
Finalized local param. size:121378
Finalized local param. size:206751
Finalized local param. size:150601
Finalized local param. size:215395
Finalized local param. size:73066
Finalized local param. size:131687
Finalized local param. size:153212
Finalized local param. size:138726
3715730 features.
*************************************************
  n = 3715730   number of corrections = 4
       initial values
 f =  14133.402449437659   gnorm =  6668.244293046121
*************************************************
	i	nfn	func			gnorm			steplength
Iteration 0: Obj=-14133.402449437659 Time=1.963s 0.000000000000 Total time: 1.966s
	1	2	10735.901313258099	3243.620557323003	1.4996451180452928E-4
Iteration 1: Obj=-10735.901313258099 Time=1.793s 0.759611944234 Total time: 3.763s
Iteration 2: Obj=-8636.178570576121 Time=1.597s 0.804420450467 Total time: 5.362s
Iteration 3: Obj=-6935.757753074554 Time=1.616s 0.803104949301 Total time: 6.979s
Iteration 4: Obj=-5518.544736564229 Time=1.640s 0.795665727241 Total time: 8.621s
Iteration 5: Obj=-5130.305619200275 Time=1.683s 0.929648279411 Total time: 10.305s
Iteration 6: Obj=-4386.528769063620 Time=1.738s 0.855022896228 Total time: 12.044s
Iteration 7: Obj=-3648.573634940715 Time=1.688s 0.831767857234 Total time: 13.733s
Iteration 8: Obj=-3111.213148179113 Time=1.626s 0.852720394179 Total time: 15.361s
Iteration 9: Obj=-2463.086254612745 Time=1.628s 0.791680330888 Total time: 16.993s
Iteration 10: Obj=-1944.575242653167 Time=1.755s 0.789487269888 Total time: 18.749s
Iteration 11: Obj=-1591.968265128281 Time=1.708s 0.818671466246 Total time: 20.458s
Iteration 12: Obj=-1137.196977792920 Time=1.637s 0.714333949177 Total time: 22.096s
Iteration 13: Obj=-874.427458162958  Time=1.639s 0.768932274038 Total time: 23.737s
Iteration 14: Obj=-690.015617312048  Time=1.747s 0.789105615189 Total time: 25.485s
Iteration 15: Obj=-639.464859269370  Time=1.597s 0.926739689980 Total time: 27.084s
Iteration 16: Obj=-586.980085158214  Time=1.677s 0.917923911924 Total time: 28.762s
Iteration 17: Obj=-566.772681422125  Time=1.701s 0.965573953449 Total time: 30.464s
Iteration 18: Obj=-535.168744455598  Time=1.689s 0.944238778610 Total time: 32.154s
Iteration 19: Obj=-504.716612564754  Time=1.678s 0.943098074754 Total time: 33.833s
Iteration 20: Obj=-500.562388520133  Time=1.658s 0.991769194948 Total time: 35.493s
Iteration 21: Obj=-485.172691482165  Time=1.628s 0.969255186984 Total time: 37.122s
Iteration 22: Obj=-480.458843295341  Time=1.717s 0.990284184849 Total time: 38.840s
Iteration 23: Obj=-473.774442965679  Time=1.661s 0.986087465299 Total time: 40.502s
Iteration 24: Obj=-457.528591791552  Time=1.658s 0.965709735054 Total time: 42.163s
Iteration 25: Obj=-430.157124936319  Time=1.657s 0.940175395929 Total time: 43.821s
Iteration 26: Obj=-467.424815099180  Time=1.390s 1.086637388997 Total time: 45.212s
Iteration 27: Obj=-417.701850949077  Time=1.678s 0.893623610592 Total time: 46.890s
Iteration 28: Obj=-410.115357115453  Time=1.652s 0.981837538387 Total time: 48.543s
Iteration 29: Obj=-391.679433711767  Time=1.690s 0.955046981090 Total time: 50.234s
Iteration 30: Obj=-473.287072484408  Time=1.444s 1.208353137154 Total time: 51.679s
Iteration 31: Obj=-367.615268200673  Time=1.649s 0.776727887941 Total time: 53.329s
Iteration 32: Obj=-360.709177439167  Time=1.365s 0.981213808677 Total time: 54.695s
Iteration 33: Obj=-352.809461271973  Time=1.653s 0.978099486619 Total time: 56.349s
Iteration 34: Obj=-328.161064821364  Time=1.846s 0.930136804263 Total time: 58.196s
Iteration 35: Obj=-303.006342602424  Time=1.631s 0.923346414564 Total time: 59.829s
Iteration 36: Obj=-286.348674077925  Time=1.610s 0.945025347056 Total time: 61.439s
Iteration 37: Obj=-275.485810623470  Time=1.724s 0.962064208995 Total time: 63.164s
Iteration 38: Obj=-272.430028239455  Time=1.772s 0.988907659610 Total time: 64.937s
Iteration 39: Obj=-322.595921039090  Time=1.387s 1.184142302975 Total time: 66.325s
Iteration 40: Obj=-254.962710321966  Time=1.676s 0.790346974942 Total time: 68.002s
Iteration 41: Obj=-242.023212703024  Time=1.678s 0.949249450625 Total time: 69.681s
Iteration 42: Obj=-225.948488825695  Time=1.615s 0.933581892010 Total time: 71.297s
Iteration 43: Obj=-215.400325207004  Time=1.663s 0.953316069191 Total time: 72.962s
Iteration 44: Obj=-205.093186521970  Time=1.687s 0.952148917718 Total time: 74.649s
Iteration 45: Obj=-324.747926148308  Time=1.372s 1.583416454030 Total time: 76.022s
Iteration 46: Obj=-198.984152280390  Time=1.663s 0.612734173981 Total time: 77.686s
Iteration 47: Obj=-191.214783745173  Time=1.624s 0.960954837628 Total time: 79.312s
Iteration 48: Obj=-183.541623244830  Time=1.643s 0.959871510194 Total time: 80.956s
Iteration 49: Obj=-178.989756823820  Time=1.686s 0.975199813859 Total time: 82.643s
Iteration 50: Obj=-175.779700449774  Time=1.659s 0.982065697887 Total time: 84.303s
Iteration 51: Obj=-250.752964241939  Time=1.411s 1.426518327203 Total time: 85.716s
Iteration 52: Obj=-168.241713339609  Time=1.713s 0.670946059793 Total time: 87.430s
Iteration 53: Obj=-161.871501623282  Time=1.630s 0.962136549909 Total time: 89.061s
Iteration 54: Obj=-157.014281568734  Time=1.716s 0.969993358894 Total time: 90.779s
Iteration 55: Obj=-152.466307414746  Time=1.677s 0.971034646603 Total time: 92.457s
Iteration 56: Obj=-147.501336296283  Time=1.686s 0.967435617727 Total time: 94.144s
Iteration 57: Obj=-167.063814339233  Time=1.396s 1.132625768242 Total time: 95.541s
Iteration 58: Obj=-142.865560117686  Time=1.641s 0.855155622316 Total time: 97.183s
Iteration 59: Obj=-141.926088067147  Time=1.640s 0.993424083105 Total time: 98.824s
Iteration 60: Obj=-140.780991835137  Time=1.614s 0.991931742447 Total time: 100.439s
Iteration 61: Obj=-139.705101244782  Time=1.697s 0.992357699883 Total time: 102.137s
Iteration 62: Obj=-136.667410548580  Time=2.008s 0.978256408183 Total time: 104.146s
Iteration 63: Obj=-134.147670170538  Time=1.710s 0.981562975636 Total time: 105.858s
Iteration 64: Obj=-130.697126862862  Time=1.690s 0.974278022844 Total time: 107.549s
Iteration 65: Obj=-128.426837404856  Time=1.403s 0.982629385110 Total time: 108.954s
Iteration 66: Obj=-127.508456993660  Time=1.677s 0.992848999245 Total time: 110.632s
Iteration 67: Obj=-125.740723529222  Time=1.683s 0.986136343376 Total time: 112.316s
Iteration 68: Obj=-124.032905788265  Time=1.685s 0.986417942469 Total time: 114.001s
Iteration 69: Obj=-123.110284647298  Time=1.634s 0.992561480882 Total time: 115.635s
Iteration 70: Obj=-120.807668378244  Time=1.683s 0.981296312687 Total time: 117.318s
Iteration 71: Obj=-119.622870772478  Time=1.669s 0.990192695367 Total time: 118.987s
Iteration 72: Obj=-118.956654858538  Time=1.677s 0.994430697829 Total time: 120.665s
Iteration 73: Obj=-117.692283873852  Time=1.770s 0.989371162242 Total time: 122.436s
Iteration 74: Obj=-118.249036223882  Time=1.409s 1.004730576481 Total time: 123.846s
Iteration 75: Obj=-117.009047847068  Time=1.698s 0.989513754899 Total time: 125.545s
Iteration 76: Obj=-116.383998370901  Time=1.665s 0.994658109884 Total time: 127.210s
Iteration 77: Obj=-116.236063681125  Time=1.379s 0.998728908683 Total time: 128.589s
Iteration 78: Obj=-115.967935270750  Time=1.658s 0.997693242511 Total time: 130.248s
Iteration 79: Obj=-115.461704238176  Time=1.677s 0.995634732727 Total time: 131.926s
Iteration 80: Obj=-114.965233121800  Time=1.678s 0.995700123087 Total time: 133.605s
Iteration 81: Obj=-114.611449316197  Time=1.722s 0.996922688747 Total time: 135.328s
Iteration 82: Obj=-114.293991899832  Time=1.643s 0.997230142204 Total time: 136.972s
Iteration 83: Obj=-113.933755236083  Time=1.667s 0.996848157477 Total time: 138.641s
Iteration 84: Obj=-113.807150435326  Time=1.671s 0.998888785852 Total time: 140.312s
Iteration 85: Obj=-113.656807665294  Time=1.646s 0.998678969033 Total time: 141.960s
Iteration 86: Obj=-113.541458706647  Time=1.661s 0.998985111750 Total time: 143.622s
Iteration 87: Obj=-113.419064198073  Time=1.708s 0.998922028042 Total time: 145.331s
Iteration 88: Obj=-113.253573542218  Time=1.685s 0.998540892071 Total time: 147.017s
Iteration 89: Obj=-113.344750027165  Time=1.375s 1.000805064971 Total time: 148.393s
Iteration 90: Obj=-113.159565948284  Time=1.711s 0.998366187416 Total time: 150.105s
Iteration 91: Obj=-113.072341767122  Time=1.673s 0.999229193039 Total time: 151.779s
Iteration 92: Obj=-113.007380004331  Time=1.686s 0.999425484944 Total time: 153.466s
Iteration 93: Obj=-112.960853352196  Time=1.718s 0.999588286605 Total time: 155.185s
Iteration 94: Obj=-112.893410240922  Time=1.763s 0.999402951471 Total time: 156.949s
Iteration 95: Obj=-112.860607609527  Time=1.685s 0.999709437147 Total time: 158.635s
Iteration 96: Obj=-112.833358609472  Time=1.713s 0.999758560576 Total time: 160.349s
Iteration 97: Obj=-112.783734884554  Time=1.666s 0.999560203423 Total time: 162.017s
Iteration 98: Obj=-112.865185139954  Time=1.377s 1.000722180867 Total time: 163.395s
Iteration 99: Obj=-112.763507539463  Time=1.679s 0.999099123433 Total time: 165.075s
Iteration 100: Obj=-112.729321634490  Time=1.695s 0.999696835388 Total time: 166.771s
Iteration 101: Obj=-112.708529704827  Time=1.660s 0.999815558815 Total time: 168.432s
Iteration 102: Obj=-112.703603547768  Time=1.684s 0.999956292953 Total time: 170.117s
Iteration 103: Obj=-112.676437970990  Time=1.641s 0.999758964435 Total time: 171.758s
Iteration 104: Obj=-112.670309143977  Time=1.645s 0.999945606844 Total time: 173.404s
Iteration 105: Obj=-112.660588542526  Time=1.666s 0.999913725262 Total time: 175.070s
Iteration 106: Obj=-112.647840435786  Time=1.656s 0.999886845019 Total time: 176.727s
Iteration 107: Obj=-112.647039893792  Time=1.650s 0.999992893410 Total time: 178.378s
Iteration 108: Obj=-112.636795504981  Time=1.695s 0.999909057630 Total time: 180.074s
Iteration 109: Obj=-112.632695340125  Time=1.702s 0.999963598353 Total time: 181.777s
Training completes. No significant progress (<objtol) after 109 iterations.
*****Evaluation*****
#threads:63
#instances=160
Thread 0 has 3 instances.
Thread 1 has 3 instances.
Thread 2 has 3 instances.
Thread 3 has 3 instances.
Thread 4 has 3 instances.
Thread 5 has 3 instances.
Thread 6 has 3 instances.
Thread 7 has 3 instances.
Thread 8 has 3 instances.
Thread 9 has 3 instances.
Thread 10 has 3 instances.
Thread 11 has 3 instances.
Thread 12 has 3 instances.
Thread 13 has 3 instances.
Thread 14 has 3 instances.
Thread 15 has 3 instances.
Thread 16 has 3 instances.
Thread 17 has 3 instances.
Thread 18 has 3 instances.
Thread 19 has 3 instances.
Thread 20 has 3 instances.
Thread 21 has 3 instances.
Thread 22 has 3 instances.
Thread 23 has 3 instances.
Thread 24 has 3 instances.
Thread 25 has 3 instances.
Thread 26 has 3 instances.
Thread 27 has 3 instances.
Thread 28 has 3 instances.
Thread 29 has 3 instances.
Thread 30 has 3 instances.
Thread 31 has 3 instances.
Thread 32 has 3 instances.
Thread 33 has 3 instances.
Thread 34 has 2 instances.
Thread 35 has 2 instances.
Thread 36 has 2 instances.
Thread 37 has 2 instances.
Thread 38 has 2 instances.
Thread 39 has 2 instances.
Thread 40 has 2 instances.
Thread 41 has 2 instances.
Thread 42 has 2 instances.
Thread 43 has 2 instances.
Thread 44 has 2 instances.
Thread 45 has 2 instances.
Thread 46 has 2 instances.
Thread 47 has 2 instances.
Thread 48 has 2 instances.
Thread 49 has 2 instances.
Thread 50 has 2 instances.
Thread 51 has 2 instances.
Thread 52 has 2 instances.
Thread 53 has 2 instances.
Thread 54 has 2 instances.
Thread 55 has 2 instances.
Thread 56 has 2 instances.
Thread 57 has 2 instances.
Thread 58 has 2 instances.
Thread 59 has 2 instances.
Thread 60 has 2 instances.
Thread 61 has 2 instances.
Thread 62 has 2 instances.
Okay. Decoding started.
Decoding time for thread 49 = 0.178 secs.
Decoding time for thread 42 = 0.213 secs.
Decoding time for thread 40 = 0.575 secs.
Decoding time for thread 50 = 0.579 secs.
Decoding time for thread 36 = 0.59 secs.
Decoding time for thread 1 = 0.598 secs.
Decoding time for thread 60 = 0.617 secs.
Decoding time for thread 56 = 0.633 secs.
Decoding time for thread 48 = 0.646 secs.
Decoding time for thread 52 = 0.654 secs.
Decoding time for thread 61 = 0.66 secs.
Decoding time for thread 44 = 0.701 secs.
Decoding time for thread 39 = 0.711 secs.
Decoding time for thread 13 = 0.721 secs.
Decoding time for thread 46 = 0.729 secs.
Decoding time for thread 14 = 0.753 secs.
Decoding time for thread 30 = 0.765 secs.
Decoding time for thread 29 = 0.785 secs.
Decoding time for thread 34 = 0.796 secs.
Decoding time for thread 45 = 0.8 secs.
Decoding time for thread 41 = 0.806 secs.
Decoding time for thread 20 = 0.82 secs.
Decoding time for thread 35 = 0.842 secs.
Decoding time for thread 59 = 0.856 secs.
Decoding time for thread 57 = 0.864 secs.
Decoding time for thread 5 = 0.894 secs.
Decoding time for thread 22 = 0.896 secs.
Decoding time for thread 33 = 0.905 secs.
Decoding time for thread 37 = 0.91 secs.
Decoding time for thread 58 = 0.934 secs.
Decoding time for thread 4 = 0.955 secs.
Decoding time for thread 28 = 1.016 secs.
Decoding time for thread 10 = 1.039 secs.
Decoding time for thread 54 = 1.04 secs.
Decoding time for thread 53 = 1.046 secs.
Decoding time for thread 62 = 1.063 secs.
Decoding time for thread 31 = 1.074 secs.
Decoding time for thread 6 = 1.093 secs.
Decoding time for thread 0 = 1.096 secs.
Decoding time for thread 25 = 1.101 secs.
Decoding time for thread 21 = 1.102 secs.
Decoding time for thread 51 = 1.106 secs.
Decoding time for thread 23 = 1.111 secs.
Decoding time for thread 11 = 1.138 secs.
Decoding time for thread 32 = 1.153 secs.
Decoding time for thread 27 = 1.249 secs.
Decoding time for thread 3 = 1.273 secs.
Decoding time for thread 2 = 1.432 secs.
Decoding time for thread 17 = 1.45 secs.
Decoding time for thread 43 = 1.616 secs.
Decoding time for thread 9 = 1.662 secs.
Decoding time for thread 24 = 2.228 secs.
Decoding time for thread 26 = 2.413 secs.
Decoding time for thread 38 = 2.5 secs.
Decoding time for thread 19 = 2.506 secs.
Decoding time for thread 12 = 2.575 secs.
Decoding time for thread 16 = 2.667 secs.
Decoding time for thread 55 = 2.829 secs.
Decoding time for thread 8 = 2.856 secs.
Decoding time for thread 18 = 3.526 secs.
Decoding time for thread 15 = 3.827 secs.
Decoding time for thread 47 = 5.305 secs.
Decoding time for thread 7 = 7.473 secs.
Okay. Decoding done.
Overall decoding time = 7.477 secs.
**Evaluating Dependency Result**
[Dependency] Correct: 2065
[Dependency] total: 2788
[Dependency] UAS: 74.07
[Dependency] Non-Segment Correct: 1856
[Dependency] Non-Segment total: 2506
[Dependency] Non-Segment UAS: 74.06
*************************
